#
# A fatal error has been detected by the Java Runtime Environment:
#
#  SIGSEGV (0xb) at pc=0x00007fe8d13f5d1d, pid=7325, tid=140636518987520
#
# JRE version: OpenJDK Runtime Environment (8.0_45-b14) (build 1.8.0_45-b14)
# Java VM: OpenJDK 64-Bit Server VM (25.45-b02 mixed mode linux-amd64 compressed oops)
# Problematic frame:
# V  [libjvm.so+0x697d1d]
#
# Failed to write core dump. Core dumps have been disabled. To enable core dumping, try "ulimit -c unlimited" before starting Java again
#
# If you would like to submit a bug report, please visit:
#   http://bugreport.java.com/bugreport/crash.jsp
#

---------------  T H R E A D  ---------------

Current thread (0x00007fe8cc29a000):  JavaThread "JavaFX Application Thread" [_thread_in_vm, id=7343, stack(0x00007fe87db1b000,0x00007fe87dc1c000)]

siginfo: si_signo: 11 (SIGSEGV), si_code: 128 (SI_KERNEL), si_addr: 0x0000000000000000

Registers:
RAX=0x0000000000000000, RBX=0x00007fe8cc29a000, RCX=0x00007fe8cc1eda38, RDX=0x6e6168432f65756c
RSP=0x00007fe87dc1a310, RBP=0x00007fe87dc1a490, RSI=0x00007fe87dc1a4b0, RDI=0x00007fe8cc29a1e0
R8 =0x00007fe87dc1a4e0, R9 =0x00007fe8cc29a000, R10=0x00007fe870000ab0, R11=0x00007fe8bd43fa80
R12=0x00007fe8cc29a000, R13=0x00007fe8cc29a1e0, R14=0x00007fe8cc1eda38, R15=0x00007fe87dc1a578
RIP=0x00007fe8d13f5d1d, EFLAGS=0x0000000000010206, CSGSFS=0x0000000000000033, ERR=0x0000000000000000
  TRAPNO=0x000000000000000d

Top of Stack: (sp=0x00007fe87dc1a310)
0x00007fe87dc1a310:   00007fe8cc29a000 00007fe87dc1a500
0x00007fe87dc1a320:   00007fe87dc1a350 00007fe80000000a
0x00007fe87dc1a330:   00007fe87dc1a4e0 00007fe80000000e
0x00007fe87dc1a340:   00007fe8cc29a1e0 00007fe87dc1a4b0
0x00007fe87dc1a350:   00007fe8ba364ad0 00007fe8cc29a000
0x00007fe87dc1a360:   00007fe8ba364ad0 00007fe8cc29a000
0x00007fe87dc1a370:   00007fe8cc299d10 00007fe894011670
0x00007fe87dc1a380:   00007fe894011680 00007fe894011a58
0x00007fe87dc1a390:   00000000000003d8 00007fe870000a30
0x00007fe87dc1a3a0:   00007fe8ba364ad0 00007fe8cc29a000
0x00007fe87dc1a3b0:   000000007dc1a990 00007fe8bd015108
0x00007fe87dc1a3c0:   0000000000000000 00007fe87dc1a5c0
0x00007fe87dc1a3d0:   00007fe8ba364ad0 00007fe8cc29a000
0x00007fe87dc1a3e0:   00007ffe5b1bae71 00000000ec7c3f18
0x00007fe87dc1a3f0:   00007fe80000006f 00007fe80000000a
0x00007fe87dc1a400:   00000000ec1a65e0 00007fe800000000
0x00007fe87dc1a410:   00007fe87dc1a5a0 00007fe8d13f62b6
0x00007fe87dc1a420:   00007fe8cc217040 0000000100000117
0x00007fe87dc1a430:   00000000558ddd9e 00007fe87dc1a3e8
0x00007fe87dc1a440:   00007fe87dc1a429 0000000800000005
0x00007fe87dc1a450:   00007fe8cc29a100 7f62b0ce5daad100
0x00007fe87dc1a460:   00007fe8ba359098 00007fe8cc29a000
0x00007fe87dc1a470:   00007fe87dc1a4e0 00007fe8cc29a1e0
0x00007fe87dc1a480:   00007fe8cc1eda38 00007fe87dc1a578
0x00007fe87dc1a490:   00007fe87dc1a560 00007fe8d1402542
0x00007fe87dc1a4a0:   00000000000003d8 6e6168432f65756c
0x00007fe87dc1a4b0:   00007fe80000000e 00007fe800000000
0x00007fe87dc1a4c0:   00007fe8cc29a000 0000000000000000
0x00007fe87dc1a4d0:   0000000000000000 7f62b0ce5daad100
0x00007fe87dc1a4e0:   00007fe8d1c0ca50 00007fe8d29533e0
0x00007fe87dc1a4f0:   00000000cc2075e0 00007fe800000063
0x00007fe87dc1a500:   0000000000000000 0000003000000018 

Instructions: (pc=0x00007fe8d13f5d1d)
0x00007fe8d13f5cfd:   ff 48 89 b5 b8 fe ff ff 64 48 8b 04 25 28 00 00
0x00007fe8d13f5d0d:   00 48 89 45 c8 31 c0 48 85 d2 0f 84 23 05 00 00
0x00007fe8d13f5d1d:   4c 8b 2a 4d 85 ed 0f 84 17 05 00 00 49 8b 99 20
0x00007fe8d13f5d2d:   01 00 00 49 89 cf 4c 8b 73 18 49 83 fe f7 0f 87 

Register to memory mapping:

RAX=0x0000000000000000 is an unknown value
RBX=0x00007fe8cc29a000 is a thread
RCX=0x00007fe8cc1eda38 is an unknown value
RDX=0x6e6168432f65756c is an unknown value
RSP=0x00007fe87dc1a310 is pointing into the stack for thread: 0x00007fe8cc29a000
RBP=0x00007fe87dc1a490 is pointing into the stack for thread: 0x00007fe8cc29a000
RSI=0x00007fe87dc1a4b0 is pointing into the stack for thread: 0x00007fe8cc29a000
RDI=0x00007fe8cc29a1e0 is an unknown value
R8 =0x00007fe87dc1a4e0 is pointing into the stack for thread: 0x00007fe8cc29a000
R9 =0x00007fe8cc29a000 is a thread
R10=0x00007fe870000ab0 is an unknown value
R11=0x00007fe8bd43fa80 is at entry_point+32 in (nmethod*)0x00007fe8bd43f910
R12=0x00007fe8cc29a000 is a thread
R13=0x00007fe8cc29a1e0 is an unknown value
R14=0x00007fe8cc1eda38 is an unknown value
R15=0x00007fe87dc1a578 is pointing into the stack for thread: 0x00007fe8cc29a000


Stack: [0x00007fe87db1b000,0x00007fe87dc1c000],  sp=0x00007fe87dc1a310,  free space=1020k
Native frames: (J=compiled Java code, j=interpreted, Vv=VM code, C=native code)
V  [libjvm.so+0x697d1d]
V  [libjvm.so+0x6a4542]
C  [libglass.so+0x12cb1]  JNIEnv_::CallVoidMethod(_jobject*, _jmethodID*, ...)+0x81
C  [libglass.so+0x1edc5]  WindowContextBase::process_key(_GdkEventKey*)+0x1f5
C  [libglass.so+0x13ed0]  WindowContextBase::im_filter_keypress(_GdkEventKey*)+0x1c0
C  [libglass.so+0x1374c]
C  [libgdk-x11-2.0.so.0+0x5b2cc]

Java frames: (J=compiled Java code, j=interpreted, Vv=VM code)
j  com.sun.glass.ui.gtk.GtkApplication._runLoop(Ljava/lang/Runnable;Z)V+0
j  com.sun.glass.ui.gtk.GtkApplication.lambda$null$48(Ljava/lang/Runnable;Z)V+7
j  com.sun.glass.ui.gtk.GtkApplication$$Lambda$41.run()V+12
j  java.lang.Thread.run()V+11
v  ~StubRoutines::call_stub

---------------  P R O C E S S  ---------------

Java Threads: ( => current thread )
  0x00007fe870232800 JavaThread "Abandoned connection cleanup thread" daemon [_thread_blocked, id=7349, stack(0x00007fe87c57c000,0x00007fe87c67d000)]
  0x00007fe870211000 JavaThread "Prism Font Disposer" daemon [_thread_blocked, id=7346, stack(0x00007fe87cda7000,0x00007fe87cea8000)]
  0x00007fe8cc29e000 JavaThread "JavaFX-Launcher" [_thread_blocked, id=7344, stack(0x00007fe87da1a000,0x00007fe87db1b000)]
=>0x00007fe8cc29a000 JavaThread "JavaFX Application Thread" [_thread_in_vm, id=7343, stack(0x00007fe87db1b000,0x00007fe87dc1c000)]
  0x00007fe8cc296800 JavaThread "Thread-1" daemon [_thread_blocked, id=7342, stack(0x00007fe87dc1c000,0x00007fe87dd1d000)]
  0x00007fe8cc1d3800 JavaThread "QuantumRenderer-0" daemon [_thread_blocked, id=7340, stack(0x00007fe8b875a000,0x00007fe8b885b000)]
  0x00007fe8cc0ba800 JavaThread "Service Thread" daemon [_thread_blocked, id=7338, stack(0x00007fe8b89f2000,0x00007fe8b8af3000)]
  0x00007fe8cc0b5800 JavaThread "C1 CompilerThread1" daemon [_thread_blocked, id=7337, stack(0x00007fe8b8af3000,0x00007fe8b8bf4000)]
  0x00007fe8cc0b2800 JavaThread "C2 CompilerThread0" daemon [_thread_in_native, id=7336, stack(0x00007fe8b8bf4000,0x00007fe8b8cf5000)]
  0x00007fe8cc0b1000 JavaThread "Signal Dispatcher" daemon [_thread_blocked, id=7335, stack(0x00007fe8b8cf5000,0x00007fe8b8df6000)]
  0x00007fe8cc079000 JavaThread "Finalizer" daemon [_thread_blocked, id=7334, stack(0x00007fe8b8f7f000,0x00007fe8b9080000)]
  0x00007fe8cc076800 JavaThread "Reference Handler" daemon [_thread_blocked, id=7333, stack(0x00007fe8b9080000,0x00007fe8b9181000)]
  0x00007fe8cc008800 JavaThread "main" [_thread_blocked, id=7328, stack(0x00007fe8d29d0000,0x00007fe8d2ad1000)]

Other Threads:
  0x00007fe8cc071800 VMThread [stack: 0x00007fe8b9181000,0x00007fe8b9282000] [id=7332]
  0x00007fe8cc0bd000 WatcherThread [stack: 0x00007fe8b88f1000,0x00007fe8b89f2000] [id=7339]

VM state:not at safepoint (normal execution)

VM Mutex/Monitor currently owned by a thread: None

Heap:
 PSYoungGen      total 28672K, used 14460K [0x00000000eb800000, 0x00000000ee380000, 0x0000000100000000)
  eden space 24064K, 41% used [0x00000000eb800000,0x00000000ec1d96f0,0x00000000ecf80000)
  from space 4608K, 94% used [0x00000000edf00000,0x00000000ee345c90,0x00000000ee380000)
  to   space 8704K, 0% used [0x00000000ed280000,0x00000000ed280000,0x00000000edb00000)
 ParOldGen       total 49152K, used 17298K [0x00000000c2800000, 0x00000000c5800000, 0x00000000eb800000)
  object space 49152K, 35% used [0x00000000c2800000,0x00000000c38e4890,0x00000000c5800000)
 Metaspace       used 21363K, capacity 22344K, committed 22528K, reserved 1069056K
  class space    used 2770K, capacity 3001K, committed 3072K, reserved 1048576K

Card table byte_map: [0x00007fe8bca53000,0x00007fe8bcc40000] byte_map_base: 0x00007fe8bc43f000

Marking Bits: (ParMarkBitMap*) 0x00007fe8d1cde680
 Begin Bits: [0x00007fe8ba849000, 0x00007fe8bb7a9000)
 End Bits:   [0x00007fe8bb7a9000, 0x00007fe8bc709000)

Polling page: 0x00007fe8d2b12000

CodeCache: size=245760Kb used=8743Kb max_used=8743Kb free=237016Kb
 bounds [0x00007fe8bd000000, 0x00007fe8bd890000, 0x00007fe8cc000000]
 total_blobs=3920 nmethods=3197 adapters=638
 compilation: enabled

Compilation events (10 events):
Event: 8,235 Thread 0x00007fe8cc0b5800 nmethod 3206 0x00007fe8bd889890 code [0x00007fe8bd8899e0, 0x00007fe8bd889ad0]
Event: 8,235 Thread 0x00007fe8cc0b5800 3207       1       javafx.scene.text.Text$TextAttribute::access$2100 (5 bytes)
Event: 8,235 Thread 0x00007fe8cc0b5800 nmethod 3207 0x00007fe8bd889b50 code [0x00007fe8bd889ca0, 0x00007fe8bd889d90]
Event: 8,235 Thread 0x00007fe8cc0b5800 3208       1       javafx.scene.text.Text$TextAttribute::access$2200 (5 bytes)
Event: 8,235 Thread 0x00007fe8cc0b5800 nmethod 3208 0x00007fe8bd889e10 code [0x00007fe8bd889f60, 0x00007fe8bd88a050]
Event: 8,235 Thread 0x00007fe8cc0b5800 3198       2       com.sun.javafx.scene.control.skin.LabeledSkinBase::computePrefHeight (248 bytes)
Event: 8,239 Thread 0x00007fe8cc0b5800 nmethod 3198 0x00007fe8bd88a0d0 code [0x00007fe8bd88a540, 0x00007fe8bd88b858]
Event: 8,239 Thread 0x00007fe8cc0b5800 3209       1       net.miginfocom.layout.LC::isVisualPadding (5 bytes)
Event: 8,239 Thread 0x00007fe8cc0b5800 nmethod 3209 0x00007fe8bd88da50 code [0x00007fe8bd88dba0, 0x00007fe8bd88dcb0]
Event: 8,244 Thread 0x00007fe8cc0b5800 3210       2       javafx.scene.text.Text::setImpl_caretPosition (32 bytes)

GC Heap History (10 events):
Event: 2,973 GC heap before
{Heap before GC invocations=3 (full 0):
 PSYoungGen      total 18432K, used 18424K [0x00000000eb800000, 0x00000000ecc80000, 0x0000000100000000)
  eden space 15872K, 100% used [0x00000000eb800000,0x00000000ec780000,0x00000000ec780000)
  from space 2560K, 99% used [0x00000000eca00000,0x00000000ecc7e0d0,0x00000000ecc80000)
  to   space 2560K, 0% used [0x00000000ec780000,0x00000000ec780000,0x00000000eca00000)
 ParOldGen       total 42496K, used 5256K [0x00000000c2800000, 0x00000000c5180000, 0x00000000eb800000)
  object space 42496K, 12% used [0x00000000c2800000,0x00000000c2d22078,0x00000000c5180000)
 Metaspace       used 15952K, capacity 16588K, committed 16768K, reserved 1062912K
  class space    used 2168K, capacity 2329K, committed 2432K, reserved 1048576K
Event: 2,986 GC heap after
Heap after GC invocations=3 (full 0):
 PSYoungGen      total 18432K, used 2536K [0x00000000eb800000, 0x00000000ecc80000, 0x0000000100000000)
  eden space 15872K, 0% used [0x00000000eb800000,0x00000000eb800000,0x00000000ec780000)
  from space 2560K, 99% used [0x00000000ec780000,0x00000000ec9fa0d8,0x00000000eca00000)
  to   space 2560K, 0% used [0x00000000eca00000,0x00000000eca00000,0x00000000ecc80000)
 ParOldGen       total 42496K, used 10328K [0x00000000c2800000, 0x00000000c5180000, 0x00000000eb800000)
  object space 42496K, 24% used [0x00000000c2800000,0x00000000c3216180,0x00000000c5180000)
 Metaspace       used 15952K, capacity 16588K, committed 16768K, reserved 1062912K
  class space    used 2168K, capacity 2329K, committed 2432K, reserved 1048576K
}
Event: 6,644 GC heap before
{Heap before GC invocations=4 (full 0):
 PSYoungGen      total 18432K, used 18405K [0x00000000eb800000, 0x00000000ecc80000, 0x0000000100000000)
  eden space 15872K, 99% used [0x00000000eb800000,0x00000000ec77f558,0x00000000ec780000)
  from space 2560K, 99% used [0x00000000ec780000,0x00000000ec9fa0d8,0x00000000eca00000)
  to   space 2560K, 0% used [0x00000000eca00000,0x00000000eca00000,0x00000000ecc80000)
 ParOldGen       total 42496K, used 21096K [0x00000000c2800000, 0x00000000c5180000, 0x00000000eb800000)
  object space 42496K, 49% used [0x00000000c2800000,0x00000000c3c9a148,0x00000000c5180000)
 Metaspace       used 20049K, capacity 20860K, committed 21120K, reserved 1067008K
  class space    used 2620K, capacity 2831K, committed 2944K, reserved 1048576K
Event: 6,654 GC heap after
Heap after GC invocations=4 (full 0):
 PSYoungGen      total 18432K, used 2546K [0x00000000eb800000, 0x00000000ecc80000, 0x0000000100000000)
  eden space 15872K, 0% used [0x00000000eb800000,0x00000000eb800000,0x00000000ec780000)
  from space 2560K, 99% used [0x00000000eca00000,0x00000000ecc7c950,0x00000000ecc80000)
  to   space 2560K, 0% used [0x00000000ec780000,0x00000000ec780000,0x00000000eca00000)
 ParOldGen       total 42496K, used 25684K [0x00000000c2800000, 0x00000000c5180000, 0x00000000eb800000)
  object space 42496K, 60% used [0x00000000c2800000,0x00000000c4115268,0x00000000c5180000)
 Metaspace       used 20049K, capacity 20860K, committed 21120K, reserved 1067008K
  class space    used 2620K, capacity 2831K, committed 2944K, reserved 1048576K
}
Event: 7,064 GC heap before
{Heap before GC invocations=5 (full 0):
 PSYoungGen      total 18432K, used 14201K [0x00000000eb800000, 0x00000000ecc80000, 0x0000000100000000)
  eden space 15872K, 73% used [0x00000000eb800000,0x00000000ec361e80,0x00000000ec780000)
  from space 2560K, 99% used [0x00000000eca00000,0x00000000ecc7c950,0x00000000ecc80000)
  to   space 2560K, 0% used [0x00000000ec780000,0x00000000ec780000,0x00000000eca00000)
 ParOldGen       total 42496K, used 25684K [0x00000000c2800000, 0x00000000c5180000, 0x00000000eb800000)
  object space 42496K, 60% used [0x00000000c2800000,0x00000000c4115268,0x00000000c5180000)
 Metaspace       used 20344K, capacity 21172K, committed 21296K, reserved 1067008K
  class space    used 2640K, capacity 2867K, committed 2944K, reserved 1048576K
Event: 7,081 GC heap after
Heap after GC invocations=5 (full 0):
 PSYoungGen      total 18432K, used 2557K [0x00000000eb800000, 0x00000000ee700000, 0x0000000100000000)
  eden space 15872K, 0% used [0x00000000eb800000,0x00000000eb800000,0x00000000ec780000)
  from space 2560K, 99% used [0x00000000ec780000,0x00000000ec9ff570,0x00000000eca00000)
  to   space 8192K, 0% used [0x00000000edf00000,0x00000000edf00000,0x00000000ee700000)
 ParOldGen       total 42496K, used 29421K [0x00000000c2800000, 0x00000000c5180000, 0x00000000eb800000)
  object space 42496K, 69% used [0x00000000c2800000,0x00000000c44bb568,0x00000000c5180000)
 Metaspace       used 20344K, capacity 21172K, committed 21296K, reserved 1067008K
  class space    used 2640K, capacity 2867K, committed 2944K, reserved 1048576K
}
Event: 7,081 GC heap before
{Heap before GC invocations=6 (full 1):
 PSYoungGen      total 18432K, used 2557K [0x00000000eb800000, 0x00000000ee700000, 0x0000000100000000)
  eden space 15872K, 0% used [0x00000000eb800000,0x00000000eb800000,0x00000000ec780000)
  from space 2560K, 99% used [0x00000000ec780000,0x00000000ec9ff570,0x00000000eca00000)
  to   space 8192K, 0% used [0x00000000edf00000,0x00000000edf00000,0x00000000ee700000)
 ParOldGen       total 42496K, used 29421K [0x00000000c2800000, 0x00000000c5180000, 0x00000000eb800000)
  object space 42496K, 69% used [0x00000000c2800000,0x00000000c44bb568,0x00000000c5180000)
 Metaspace       used 20344K, capacity 21172K, committed 21296K, reserved 1067008K
  class space    used 2640K, capacity 2867K, committed 2944K, reserved 1048576K
Event: 7,203 GC heap after
Heap after GC invocations=6 (full 1):
 PSYoungGen      total 18432K, used 0K [0x00000000eb800000, 0x00000000ee700000, 0x0000000100000000)
  eden space 15872K, 0% used [0x00000000eb800000,0x00000000eb800000,0x00000000ec780000)
  from space 2560K, 0% used [0x00000000ec780000,0x00000000ec780000,0x00000000eca00000)
  to   space 8192K, 0% used [0x00000000edf00000,0x00000000edf00000,0x00000000ee700000)
 ParOldGen       total 49152K, used 17298K [0x00000000c2800000, 0x00000000c5800000, 0x00000000eb800000)
  object space 49152K, 35% used [0x00000000c2800000,0x00000000c38e4890,0x00000000c5800000)
 Metaspace       used 20344K, capacity 21172K, committed 21296K, reserved 1067008K
  class space    used 2640K, capacity 2867K, committed 2944K, reserved 1048576K
}
Event: 7,868 GC heap before
{Heap before GC invocations=7 (full 1):
 PSYoungGen      total 18432K, used 15872K [0x00000000eb800000, 0x00000000ee700000, 0x0000000100000000)
  eden space 15872K, 100% used [0x00000000eb800000,0x00000000ec780000,0x00000000ec780000)
  from space 2560K, 0% used [0x00000000ec780000,0x00000000ec780000,0x00000000eca00000)
  to   space 8192K, 0% used [0x00000000edf00000,0x00000000edf00000,0x00000000ee700000)
 ParOldGen       total 49152K, used 17298K [0x00000000c2800000, 0x00000000c5800000, 0x00000000eb800000)
  object space 49152K, 35% used [0x00000000c2800000,0x00000000c38e4890,0x00000000c5800000)
 Metaspace       used 21212K, capacity 22208K, committed 22528K, reserved 1069056K
  class space    used 2770K, capacity 3001K, committed 3072K, reserved 1048576K
Event: 7,885 GC heap after
Heap after GC invocations=7 (full 1):
 PSYoungGen      total 28672K, used 4375K [0x00000000eb800000, 0x00000000ee380000, 0x0000000100000000)
  eden space 24064K, 0% used [0x00000000eb800000,0x00000000eb800000,0x00000000ecf80000)
  from space 4608K, 94% used [0x00000000edf00000,0x00000000ee345c90,0x00000000ee380000)
  to   space 8704K, 0% used [0x00000000ed280000,0x00000000ed280000,0x00000000edb00000)
 ParOldGen       total 49152K, used 17298K [0x00000000c2800000, 0x00000000c5800000, 0x00000000eb800000)
  object space 49152K, 35% used [0x00000000c2800000,0x00000000c38e4890,0x00000000c5800000)
 Metaspace       used 21212K, capacity 22208K, committed 22528K, reserved 1069056K
  class space    used 2770K, capacity 3001K, committed 3072K, reserved 1048576K
}

Deoptimization events (10 events):
Event: 6,737 Thread 0x00007fe8cc29a000 Uncommon trap: reason=unstable_if action=reinterpret pc=0x00007fe8bd249084 method=java.lang.AbstractStringBuilder.append(Ljava/lang/String;)Ljava/lang/AbstractStringBuilder; @ 1
Event: 6,899 Thread 0x00007fe8cc29a000 Uncommon trap: reason=null_check action=make_not_entrant pc=0x00007fe8bd63622c method=com.sun.javafx.css.SimpleSelector.applies(Ljavafx/css/Styleable;)Z @ 77
Event: 6,915 Thread 0x00007fe8cc29a000 Uncommon trap: reason=array_check action=maybe_recompile pc=0x00007fe8bd644df0 method=com.sun.javafx.css.SimpleSelector.applies(Ljavafx/css/Styleable;[Ljava/util/Set;I)Z @ 37
Event: 6,915 Thread 0x00007fe8cc29a000 Uncommon trap: reason=array_check action=maybe_recompile pc=0x00007fe8bd644df0 method=com.sun.javafx.css.SimpleSelector.applies(Ljavafx/css/Styleable;[Ljava/util/Set;I)Z @ 37
Event: 6,915 Thread 0x00007fe8cc29a000 Uncommon trap: reason=array_check action=maybe_recompile pc=0x00007fe8bd644df0 method=com.sun.javafx.css.SimpleSelector.applies(Ljavafx/css/Styleable;[Ljava/util/Set;I)Z @ 37
Event: 6,915 Thread 0x00007fe8cc29a000 Uncommon trap: reason=array_check action=maybe_recompile pc=0x00007fe8bd644df0 method=com.sun.javafx.css.SimpleSelector.applies(Ljavafx/css/Styleable;[Ljava/util/Set;I)Z @ 37
Event: 7,512 Thread 0x00007fe8cc29a000 Uncommon trap: reason=array_check action=maybe_recompile pc=0x00007fe8bd73b920 method=com.sun.javafx.css.CompoundSelector.applies(Ljavafx/css/Styleable;[Ljava/util/Set;I)Z @ 128
Event: 7,514 Thread 0x00007fe8cc29a000 Uncommon trap: reason=array_check action=maybe_recompile pc=0x00007fe8bd73b920 method=com.sun.javafx.css.CompoundSelector.applies(Ljavafx/css/Styleable;[Ljava/util/Set;I)Z @ 128
Event: 7,514 Thread 0x00007fe8cc29a000 Uncommon trap: reason=array_check action=maybe_recompile pc=0x00007fe8bd73b920 method=com.sun.javafx.css.CompoundSelector.applies(Ljavafx/css/Styleable;[Ljava/util/Set;I)Z @ 128
Event: 7,515 Thread 0x00007fe8cc29a000 Uncommon trap: reason=array_check action=maybe_recompile pc=0x00007fe8bd73b920 method=com.sun.javafx.css.CompoundSelector.applies(Ljavafx/css/Styleable;[Ljava/util/Set;I)Z @ 128

Internal exceptions (10 events):
Event: 1,176 Thread 0x00007fe8cc29a000 Exception <a 'java/lang/ArrayIndexOutOfBoundsException': 22> (0x00000000ec45abd0) thrown at [/build/java8-openjdk/src/jdk8u-jdk8u45-b14/hotspot/src/share/vm/interpreter/interpreterRuntime.cpp, line 366]
Event: 1,182 Thread 0x00007fe8cc29a000 Exception <a 'java/lang/ArrayIndexOutOfBoundsException'> (0x00000000ec45cef8) thrown at [/build/java8-openjdk/src/jdk8u-jdk8u45-b14/hotspot/src/share/vm/runtime/sharedRuntime.cpp, line 605]
Event: 1,187 Thread 0x00007fe8cc29a000 Exception <a 'java/lang/ClassNotFoundException': net/miginfocom/layout/UnitValueCustomizer> (0x00000000ec463d38) thrown at [/build/java8-openjdk/src/jdk8u-jdk8u45-b14/hotspot/src/share/vm/classfile/systemDictionary.cpp, line 210]
Event: 1,200 Thread 0x00007fe8cc29a000 Exception <a 'java/lang/ClassNotFoundException': java/lang/ObjectCustomizer> (0x00000000ec47cea0) thrown at [/build/java8-openjdk/src/jdk8u-jdk8u45-b14/hotspot/src/share/vm/classfile/systemDictionary.cpp, line 210]
Event: 1,201 Thread 0x00007fe8cc29a000 Exception <a 'java/lang/ClassNotFoundException': net/miginfocom/layout/BoundSizeCustomizer> (0x00000000ec485450) thrown at [/build/java8-openjdk/src/jdk8u-jdk8u45-b14/hotspot/src/share/vm/classfile/systemDictionary.cpp, line 210]
Event: 2,374 Thread 0x00007fe8cc29a000 Implicit null exception at 0x00007fe8bd2dea75 to 0x00007fe8bd2dec59
Event: 2,374 Thread 0x00007fe8cc29a000 Implicit null exception at 0x00007fe8bd37d818 to 0x00007fe8bd37d8a6
Event: 4,646 Thread 0x00007fe8cc29a000 Implicit null exception at 0x00007fe8bd2bee75 to 0x00007fe8bd2bf1bd
Event: 6,737 Thread 0x00007fe8cc29a000 Implicit null exception at 0x00007fe8bd248d35 to 0x00007fe8bd249071
Event: 6,899 Thread 0x00007fe8cc29a000 Implicit null exception at 0x00007fe8bd634e19 to 0x00007fe8bd636221

Events (10 events):
Event: 8,090 Thread 0x00007fe8cc29a000 DEOPT PACKING pc=0x00007fe8bd650c10 sp=0x00007fe87dc159b0
Event: 8,090 Thread 0x00007fe8cc29a000 DEOPT UNPACKING pc=0x00007fe8bd046f73 sp=0x00007fe87dc15740 mode 0
Event: 8,106 Thread 0x00007fe8cc29a000 DEOPT PACKING pc=0x00007fe8bd650c10 sp=0x00007fe87dc15f10
Event: 8,106 Thread 0x00007fe8cc29a000 DEOPT UNPACKING pc=0x00007fe8bd046f73 sp=0x00007fe87dc15ca0 mode 0
Event: 8,135 Thread 0x00007fe8cc29a000 DEOPT PACKING pc=0x00007fe8bd650c10 sp=0x00007fe87dc15700
Event: 8,135 Thread 0x00007fe8cc29a000 DEOPT UNPACKING pc=0x00007fe8bd046f73 sp=0x00007fe87dc15490 mode 0
Event: 8,158 Thread 0x00007fe8cc29a000 DEOPT PACKING pc=0x00007fe8bd650c44 sp=0x00007fe87dc159b0
Event: 8,158 Thread 0x00007fe8cc29a000 DEOPT UNPACKING pc=0x00007fe8bd046f73 sp=0x00007fe87dc15748 mode 0
Event: 8,171 Thread 0x00007fe8cc29a000 DEOPT PACKING pc=0x00007fe8bd650c10 sp=0x00007fe87dc158e0
Event: 8,171 Thread 0x00007fe8cc29a000 DEOPT UNPACKING pc=0x00007fe8bd046f73 sp=0x00007fe87dc15670 mode 0


Dynamic libraries:
00400000-00401000 r-xp 00000000 08:06 4466467                            /usr/lib/jvm/java-8-openjdk/jre/bin/java
00600000-00601000 rw-p 00000000 08:06 4466467                            /usr/lib/jvm/java-8-openjdk/jre/bin/java
0229e000-022bf000 rw-p 00000000 00:00 0                                  [heap]
c2800000-c5800000 rw-p 00000000 00:00 0 
c5800000-eb800000 ---p 00000000 00:00 0 
eb800000-ee380000 rw-p 00000000 00:00 0 
ee380000-100000000 ---p 00000000 00:00 0 
100000000-100300000 rw-p 00000000 00:00 0 
100300000-140000000 ---p 00000000 00:00 0 
7fe86fbca000-7fe86fcca000 rw-p 00000000 00:00 0 
7fe86fcca000-7fe86fdca000 ---p 00000000 00:00 0 
7fe86fdca000-7fe86fe00000 r-xp 00000000 08:06 4465796                    /usr/lib/jvm/java-8-openjdk/jre/lib/amd64/libjavafx_iio.so
7fe86fe00000-7fe86ffff000 ---p 00036000 08:06 4465796                    /usr/lib/jvm/java-8-openjdk/jre/lib/amd64/libjavafx_iio.so
7fe86ffff000-7fe870000000 rw-p 00035000 08:06 4465796                    /usr/lib/jvm/java-8-openjdk/jre/lib/amd64/libjavafx_iio.so
7fe870000000-7fe870562000 rw-p 00000000 00:00 0 
7fe870562000-7fe874000000 ---p 00000000 00:00 0 
7fe874000000-7fe874021000 rw-p 00000000 00:00 0 
7fe874021000-7fe878000000 ---p 00000000 00:00 0 
7fe878000000-7fe878021000 rw-p 00000000 00:00 0 
7fe878021000-7fe87c000000 ---p 00000000 00:00 0 
7fe87c165000-7fe87c17b000 r-xp 00000000 08:06 4466437                    /usr/lib/jvm/java-8-openjdk/jre/lib/amd64/libnet.so
7fe87c17b000-7fe87c37b000 ---p 00016000 08:06 4466437                    /usr/lib/jvm/java-8-openjdk/jre/lib/amd64/libnet.so
7fe87c37b000-7fe87c37c000 rw-p 00016000 08:06 4466437                    /usr/lib/jvm/java-8-openjdk/jre/lib/amd64/libnet.so
7fe87c37c000-7fe87c57c000 rw-p 00000000 00:00 0 
7fe87c57c000-7fe87c57f000 ---p 00000000 00:00 0 
7fe87c57f000-7fe87c87d000 rw-p 00000000 00:00 0                          [stack:7349]
7fe87c8f1000-7fe87c9f1000 rw-s 1425f8000 00:06 9623                      /dev/dri/card0
7fe87c9f1000-7fe87caf1000 rw-s 119664000 00:06 9623                      /dev/dri/card0
7fe87caf1000-7fe87ccf1000 rw-p 00000000 00:00 0 
7fe87ccf1000-7fe87cda7000 r--p 00000000 08:06 4854538                    /usr/share/fonts/TTF/DejaVuSans.ttf
7fe87cda7000-7fe87cdaa000 ---p 00000000 00:00 0 
7fe87cdaa000-7fe87cea8000 rw-p 00000000 00:00 0                          [stack:7346]
7fe87cea8000-7fe87cf52000 r--p 00000000 08:06 4854533                    /usr/share/fonts/TTF/DejaVuSans-Bold.ttf
7fe87cf52000-7fe87d152000 rw-p 00000000 00:00 0 
7fe87d152000-7fe87d412000 r--s 00000000 08:06 4992984                    /var/cache/fontconfig/f6b893a7224233d96cb72fd88691c0b4-le64.cache-4
7fe87d412000-7fe87d417000 r-xp 00000000 08:06 4465794                    /usr/lib/jvm/java-8-openjdk/jre/lib/amd64/libjavafx_font_freetype.so
7fe87d417000-7fe87d616000 ---p 00005000 08:06 4465794                    /usr/lib/jvm/java-8-openjdk/jre/lib/amd64/libjavafx_font_freetype.so
7fe87d616000-7fe87d617000 rw-p 00004000 08:06 4465794                    /usr/lib/jvm/java-8-openjdk/jre/lib/amd64/libjavafx_font_freetype.so
7fe87d617000-7fe87d61a000 r-xp 00000000 08:06 4465793                    /usr/lib/jvm/java-8-openjdk/jre/lib/amd64/libjavafx_font.so
7fe87d61a000-7fe87d819000 ---p 00003000 08:06 4465793                    /usr/lib/jvm/java-8-openjdk/jre/lib/amd64/libjavafx_font.so
7fe87d819000-7fe87d81a000 rw-p 00002000 08:06 4465793                    /usr/lib/jvm/java-8-openjdk/jre/lib/amd64/libjavafx_font.so
7fe87d81a000-7fe87da1a000 rw-p 00000000 00:00 0 
7fe87da1a000-7fe87da1d000 ---p 00000000 00:00 0 
7fe87da1d000-7fe87db1b000 rw-p 00000000 00:00 0                          [stack:7344]
7fe87db1b000-7fe87db1e000 ---p 00000000 00:00 0 
7fe87db1e000-7fe87dc1c000 rw-p 00000000 00:00 0                          [stack:7343]
7fe87dc1c000-7fe87dc1f000 ---p 00000000 00:00 0 
7fe87dc1f000-7fe87dd1d000 rw-p 00000000 00:00 0                          [stack:7342]
7fe87dd1d000-7fe87dd20000 r-xp 00000000 08:06 4229969                    /usr/lib/gtk-2.0/2.10.0/engines/libadwaita.so
7fe87dd20000-7fe87df1f000 ---p 00003000 08:06 4229969                    /usr/lib/gtk-2.0/2.10.0/engines/libadwaita.so
7fe87df1f000-7fe87df20000 r--p 00002000 08:06 4229969                    /usr/lib/gtk-2.0/2.10.0/engines/libadwaita.so
7fe87df20000-7fe87df21000 rw-p 00003000 08:06 4229969                    /usr/lib/gtk-2.0/2.10.0/engines/libadwaita.so
7fe87df21000-7fe87df2b000 r-xp 00000000 08:06 4220747                    /usr/lib/gtk-2.0/2.10.0/engines/libpixmap.so
7fe87df2b000-7fe87e12a000 ---p 0000a000 08:06 4220747                    /usr/lib/gtk-2.0/2.10.0/engines/libpixmap.so
7fe87e12a000-7fe87e12c000 r--p 00009000 08:06 4220747                    /usr/lib/gtk-2.0/2.10.0/engines/libpixmap.so
7fe87e12c000-7fe87e12d000 rw-p 0000b000 08:06 4220747                    /usr/lib/gtk-2.0/2.10.0/engines/libpixmap.so
7fe87e12d000-7fe87e133000 r-xp 00000000 08:06 4213553                    /usr/lib/libogg.so.0.8.2
7fe87e133000-7fe87e332000 ---p 00006000 08:06 4213553                    /usr/lib/libogg.so.0.8.2
7fe87e332000-7fe87e333000 r--p 00005000 08:06 4213553                    /usr/lib/libogg.so.0.8.2
7fe87e333000-7fe87e334000 rw-p 00006000 08:06 4213553                    /usr/lib/libogg.so.0.8.2
7fe87e334000-7fe87e35f000 r-xp 00000000 08:06 4213571                    /usr/lib/libvorbis.so.0.4.8
7fe87e35f000-7fe87e55f000 ---p 0002b000 08:06 4213571                    /usr/lib/libvorbis.so.0.4.8
7fe87e55f000-7fe87e560000 r--p 0002b000 08:06 4213571                    /usr/lib/libvorbis.so.0.4.8
7fe87e560000-7fe87e561000 rw-p 0002c000 08:06 4213571                    /usr/lib/libvorbis.so.0.4.8
7fe87e561000-7fe87e56a000 r-xp 00000000 08:06 4214692                    /usr/lib/libltdl.so.7.3.1
7fe87e56a000-7fe87e769000 ---p 00009000 08:06 4214692                    /usr/lib/libltdl.so.7.3.1
7fe87e769000-7fe87e76a000 r--p 00008000 08:06 4214692                    /usr/lib/libltdl.so.7.3.1
7fe87e76a000-7fe87e76b000 rw-p 00009000 08:06 4214692                    /usr/lib/libltdl.so.7.3.1
7fe87e76b000-7fe87e77f000 r-xp 00000000 08:06 4225285                    /usr/lib/libtdb.so.1.3.4
7fe87e77f000-7fe87e97e000 ---p 00014000 08:06 4225285                    /usr/lib/libtdb.so.1.3.4
7fe87e97e000-7fe87e97f000 r--p 00013000 08:06 4225285                    /usr/lib/libtdb.so.1.3.4
7fe87e97f000-7fe87e980000 rw-p 00014000 08:06 4225285                    /usr/lib/libtdb.so.1.3.4
7fe87e980000-7fe87e988000 r-xp 00000000 08:06 4213578                    /usr/lib/libvorbisfile.so.3.3.7
7fe87e988000-7fe87eb87000 ---p 00008000 08:06 4213578                    /usr/lib/libvorbisfile.so.3.3.7
7fe87eb87000-7fe87eb88000 r--p 00007000 08:06 4213578                    /usr/lib/libvorbisfile.so.3.3.7
7fe87eb88000-7fe87eb89000 rw-p 00008000 08:06 4213578                    /usr/lib/libvorbisfile.so.3.3.7
7fe87eb89000-7fe87eb9a000 r-xp 00000000 08:06 4229116                    /usr/lib/libcanberra.so.0.2.5
7fe87eb9a000-7fe87ed99000 ---p 00011000 08:06 4229116                    /usr/lib/libcanberra.so.0.2.5
7fe87ed99000-7fe87ed9a000 r--p 00010000 08:06 4229116                    /usr/lib/libcanberra.so.0.2.5
7fe87ed9a000-7fe87ed9b000 rw-p 00011000 08:06 4229116                    /usr/lib/libcanberra.so.0.2.5
7fe87ed9b000-7fe87ed9f000 r-xp 00000000 08:06 4229118                    /usr/lib/libcanberra-gtk.so.0.1.9
7fe87ed9f000-7fe87ef9e000 ---p 00004000 08:06 4229118                    /usr/lib/libcanberra-gtk.so.0.1.9
7fe87ef9e000-7fe87ef9f000 r--p 00003000 08:06 4229118                    /usr/lib/libcanberra-gtk.so.0.1.9
7fe87ef9f000-7fe87efa0000 rw-p 00004000 08:06 4229118                    /usr/lib/libcanberra-gtk.so.0.1.9
7fe87efa0000-7fe87efa5000 r-xp 00000000 08:06 4229125                    /usr/lib/gtk-2.0/modules/libcanberra-gtk-module.so
7fe87efa5000-7fe87f1a4000 ---p 00005000 08:06 4229125                    /usr/lib/gtk-2.0/modules/libcanberra-gtk-module.so
7fe87f1a4000-7fe87f1a5000 r--p 00004000 08:06 4229125                    /usr/lib/gtk-2.0/modules/libcanberra-gtk-module.so
7fe87f1a5000-7fe87f1a6000 rw-p 00005000 08:06 4229125                    /usr/lib/gtk-2.0/modules/libcanberra-gtk-module.so
7fe87f1a6000-7fe87f1ce000 r-xp 00000000 08:06 4465791                    /usr/lib/jvm/java-8-openjdk/jre/lib/amd64/libglass.so
7fe87f1ce000-7fe87f3cd000 ---p 00028000 08:06 4465791                    /usr/lib/jvm/java-8-openjdk/jre/lib/amd64/libglass.so
7fe87f3cd000-7fe87f3d0000 rw-p 00027000 08:06 4465791                    /usr/lib/jvm/java-8-openjdk/jre/lib/amd64/libglass.so
7fe87f3d0000-7fe87f3d4000 r-xp 00000000 08:06 4220010                    /usr/lib/libtxc_dxtn.so
7fe87f3d4000-7fe87f5d3000 ---p 00004000 08:06 4220010                    /usr/lib/libtxc_dxtn.so
7fe87f5d3000-7fe87f5d4000 r--p 00003000 08:06 4220010                    /usr/lib/libtxc_dxtn.so
7fe87f5d4000-7fe87f5d5000 rw-p 00004000 08:06 4220010                    /usr/lib/libtxc_dxtn.so
7fe87f5d5000-7fe87f5d6000 ---p 00000000 00:00 0 
7fe87f5d6000-7fe87fdd6000 rw-p 00000000 00:00 0                          [stack:7341]
7fe87fdd6000-7fe87fe35000 r-xp 00000000 08:06 4197888                    /usr/lib/libncursesw.so.5.9
7fe87fe35000-7fe880035000 ---p 0005f000 08:06 4197888                    /usr/lib/libncursesw.so.5.9
7fe880035000-7fe880039000 r--p 0005f000 08:06 4197888                    /usr/lib/libncursesw.so.5.9
7fe880039000-7fe88003b000 rw-p 00063000 08:06 4197888                    /usr/lib/libncursesw.so.5.9
7fe88003b000-7fe880071000 r-xp 00000000 08:06 4215223                    /usr/lib/libedit.so.0.0.53
7fe880071000-7fe880271000 ---p 00036000 08:06 4215223                    /usr/lib/libedit.so.0.0.53
7fe880271000-7fe880273000 r--p 00036000 08:06 4215223                    /usr/lib/libedit.so.0.0.53
7fe880273000-7fe880274000 rw-p 00038000 08:06 4215223                    /usr/lib/libedit.so.0.0.53
7fe880274000-7fe880278000 rw-p 00000000 00:00 0 
7fe880278000-7fe881fbb000 r-xp 00000000 08:06 4230586                    /usr/lib/libLLVM-3.6.so
7fe881fbb000-7fe8821ba000 ---p 01d43000 08:06 4230586                    /usr/lib/libLLVM-3.6.so
7fe8821ba000-7fe8823cf000 r--p 01d42000 08:06 4230586                    /usr/lib/libLLVM-3.6.so
7fe8823cf000-7fe8823e9000 rw-p 01f57000 08:06 4230586                    /usr/lib/libLLVM-3.6.so
7fe8823e9000-7fe8823fe000 rw-p 00000000 00:00 0 
7fe8823fe000-7fe882413000 r-xp 00000000 08:06 4219987                    /usr/lib/libelf-0.161.so
7fe882413000-7fe882613000 ---p 00015000 08:06 4219987                    /usr/lib/libelf-0.161.so
7fe882613000-7fe882615000 r--p 00015000 08:06 4219987                    /usr/lib/libelf-0.161.so
7fe882615000-7fe882616000 rw-p 00017000 08:06 4219987                    /usr/lib/libelf-0.161.so
7fe882616000-7fe882621000 r-xp 00000000 08:06 4219763                    /usr/lib/libdrm_radeon.so.1.0.1
7fe882621000-7fe882820000 ---p 0000b000 08:06 4219763                    /usr/lib/libdrm_radeon.so.1.0.1
7fe882820000-7fe882821000 r--p 0000a000 08:06 4219763                    /usr/lib/libdrm_radeon.so.1.0.1
7fe882821000-7fe882822000 rw-p 0000b000 08:06 4219763                    /usr/lib/libdrm_radeon.so.1.0.1
7fe882822000-7fe882828000 r-xp 00000000 08:06 4219762                    /usr/lib/libdrm_nouveau.so.2.0.0
7fe882828000-7fe882a27000 ---p 00006000 08:06 4219762                    /usr/lib/libdrm_nouveau.so.2.0.0
7fe882a27000-7fe882a28000 r--p 00005000 08:06 4219762                    /usr/lib/libdrm_nouveau.so.2.0.0
7fe882a28000-7fe882a29000 rw-p 00006000 08:06 4219762                    /usr/lib/libdrm_nouveau.so.2.0.0
7fe882a29000-7fe883198000 r-xp 00000000 08:06 4722417                    /usr/lib/xorg/modules/dri/r600_dri.so
7fe883198000-7fe883397000 ---p 0076f000 08:06 4722417                    /usr/lib/xorg/modules/dri/r600_dri.so
7fe883397000-7fe8833ea000 r--p 0076e000 08:06 4722417                    /usr/lib/xorg/modules/dri/r600_dri.so
7fe8833ea000-7fe8833f6000 rw-p 007c1000 08:06 4722417                    /usr/lib/xorg/modules/dri/r600_dri.so
7fe8833f6000-7fe8835db000 rw-p 00000000 00:00 0 
7fe8835db000-7fe8835df000 r-xp 00000000 08:06 4204811                    /usr/lib/libattr.so.1.1.0
7fe8835df000-7fe8837de000 ---p 00004000 08:06 4204811                    /usr/lib/libattr.so.1.1.0
7fe8837de000-7fe8837df000 r--p 00003000 08:06 4204811                    /usr/lib/libattr.so.1.1.0
7fe8837df000-7fe8837e0000 rw-p 00004000 08:06 4204811                    /usr/lib/libattr.so.1.1.0
7fe8837e0000-7fe8837e4000 r-xp 00000000 08:06 4204940                    /usr/lib/libcap.so.2.24
7fe8837e4000-7fe8839e3000 ---p 00004000 08:06 4204940                    /usr/lib/libcap.so.2.24
7fe8839e3000-7fe8839e4000 rw-p 00003000 08:06 4204940                    /usr/lib/libcap.so.2.24
7fe8839e4000-7fe8839e9000 r-xp 00000000 08:06 4216231                    /usr/lib/libXdmcp.so.6.0.0
7fe8839e9000-7fe883be8000 ---p 00005000 08:06 4216231                    /usr/lib/libXdmcp.so.6.0.0
7fe883be8000-7fe883be9000 r--p 00004000 08:06 4216231                    /usr/lib/libXdmcp.so.6.0.0
7fe883be9000-7fe883bea000 rw-p 00005000 08:06 4216231                    /usr/lib/libXdmcp.so.6.0.0
7fe883bea000-7fe883bec000 r-xp 00000000 08:06 4216235                    /usr/lib/libXau.so.6.0.0
7fe883bec000-7fe883dec000 ---p 00002000 08:06 4216235                    /usr/lib/libXau.so.6.0.0
7fe883dec000-7fe883ded000 r--p 00002000 08:06 4216235                    /usr/lib/libXau.so.6.0.0
7fe883ded000-7fe883dee000 rw-p 00003000 08:06 4216235                    /usr/lib/libXau.so.6.0.0
7fe883dee000-7fe883dfd000 r-xp 00000000 08:06 4219811                    /usr/lib/libwayland-server.so.0.1.0
7fe883dfd000-7fe883ffd000 ---p 0000f000 08:06 4219811                    /usr/lib/libwayland-server.so.0.1.0
7fe883ffd000-7fe883fff000 r--p 0000f000 08:06 4219811                    /usr/lib/libwayland-server.so.0.1.0
7fe883fff000-7fe884000000 rw-p 00011000 08:06 4219811                    /usr/lib/libwayland-server.so.0.1.0
7fe884000000-7fe884703000 rw-p 00000000 00:00 0 
7fe884703000-7fe888000000 ---p 00000000 00:00 0 
7fe888022000-7fe888023000 rw-s 143bf3000 00:06 9623                      /dev/dri/card0
7fe888023000-7fe888024000 rw-s 119775000 00:06 9623                      /dev/dri/card0
7fe888024000-7fe88802f000 r--s 00116000 08:06 4466394                    /usr/lib/jvm/java-8-openjdk/jre/lib/ext/localedata.jar
7fe88802f000-7fe888030000 rw-s 11ad6d000 00:06 9623                      /dev/dri/card0
7fe888030000-7fe888031000 rw-s 11ad6c000 00:06 9623                      /dev/dri/card0
7fe888031000-7fe888041000 rw-s 11ad5c000 00:06 9623                      /dev/dri/card0
7fe888041000-7fe888042000 rw-s 11ad5b000 00:06 9623                      /dev/dri/card0
7fe888042000-7fe888043000 rw-s 11ad5a000 00:06 9623                      /dev/dri/card0
7fe88804b000-7fe88804c000 rw-s 11ac35000 00:06 9623                      /dev/dri/card0
7fe88804c000-7fe88804d000 rw-s 11ac34000 00:06 9623                      /dev/dri/card0
7fe88804d000-7fe88804e000 rw-s 11ac33000 00:06 9623                      /dev/dri/card0
7fe88804e000-7fe88804f000 rw-s 11ac32000 00:06 9623                      /dev/dri/card0
7fe888054000-7fe888055000 rw-s 11a111000 00:06 9623                      /dev/dri/card0
7fe888055000-7fe888056000 rw-s 11a110000 00:06 9623                      /dev/dri/card0
7fe888056000-7fe888058000 rw-s 11a10e000 00:06 9623                      /dev/dri/card0
7fe888058000-7fe888059000 rw-s 11a10a000 00:06 9623                      /dev/dri/card0
7fe888059000-7fe88805a000 rw-s 11a109000 00:06 9623                      /dev/dri/card0
7fe88805a000-7fe88805b000 rw-s 11a108000 00:06 9623                      /dev/dri/card0
7fe88805c000-7fe888061000 r--s 002f8000 08:06 4466376                    /usr/lib/jvm/java-8-openjdk/jre/lib/charsets.jar
7fe888061000-7fe888071000 rw-s 11a0ec000 00:06 9623                      /dev/dri/card0
7fe888071000-7fe888084000 r--s 00345000 08:06 4466373                    /usr/lib/jvm/java-8-openjdk/jre/lib/resources.jar
7fe888084000-7fe88809d000 r--s 00000000 08:06 4992948                    /var/cache/fontconfig/8d4af663993b81a124ee82e610bb31f9-le64.cache-4
7fe88809d000-7fe8880c6000 r--p 00000000 08:06 4220797                    /usr/share/locale/pt/LC_MESSAGES/gtk20-properties.mo
7fe8880c6000-7fe8880d2000 r-xp 00000000 08:06 4219812                    /usr/lib/libwayland-client.so.0.3.0
7fe8880d2000-7fe8882d1000 ---p 0000c000 08:06 4219812                    /usr/lib/libwayland-client.so.0.3.0
7fe8882d1000-7fe8882d3000 r--p 0000b000 08:06 4219812                    /usr/lib/libwayland-client.so.0.3.0
7fe8882d3000-7fe8882d4000 rw-p 0000d000 08:06 4219812                    /usr/lib/libwayland-client.so.0.3.0
7fe8882d4000-7fe8882e1000 r-xp 00000000 08:06 4220021                    /usr/lib/libgbm.so.1.0.0
7fe8882e1000-7fe8884e0000 ---p 0000d000 08:06 4220021                    /usr/lib/libgbm.so.1.0.0
7fe8884e0000-7fe8884e1000 r--p 0000c000 08:06 4220021                    /usr/lib/libgbm.so.1.0.0
7fe8884e1000-7fe8884e2000 rw-p 0000d000 08:06 4220021                    /usr/lib/libgbm.so.1.0.0
7fe8884e2000-7fe8884fe000 r-xp 00000000 08:06 4219501                    /usr/lib/libgraphite2.so.3.0.1
7fe8884fe000-7fe8886fd000 ---p 0001c000 08:06 4219501                    /usr/lib/libgraphite2.so.3.0.1
7fe8886fd000-7fe8886ff000 r--p 0001b000 08:06 4219501                    /usr/lib/libgraphite2.so.3.0.1
7fe8886ff000-7fe888700000 rw-p 0001d000 08:06 4219501                    /usr/lib/libgraphite2.so.3.0.1
7fe888700000-7fe88870c000 r-xp 00000000 08:06 4219756                    /usr/lib/libdrm.so.2.4.0
7fe88870c000-7fe88890c000 ---p 0000c000 08:06 4219756                    /usr/lib/libdrm.so.2.4.0
7fe88890c000-7fe88890d000 r--p 0000c000 08:06 4219756                    /usr/lib/libdrm.so.2.4.0
7fe88890d000-7fe88890e000 rw-p 0000d000 08:06 4219756                    /usr/lib/libdrm.so.2.4.0
7fe88890e000-7fe88890f000 r-xp 00000000 08:06 4219951                    /usr/lib/libxshmfence.so.1.0.0
7fe88890f000-7fe888b0f000 ---p 00001000 08:06 4219951                    /usr/lib/libxshmfence.so.1.0.0
7fe888b0f000-7fe888b10000 r--p 00001000 08:06 4219951                    /usr/lib/libxshmfence.so.1.0.0
7fe888b10000-7fe888b11000 rw-p 00002000 08:06 4219951                    /usr/lib/libxshmfence.so.1.0.0
7fe888b11000-7fe888b16000 r-xp 00000000 08:06 4218553                    /usr/lib/libxcb-sync.so.1.0.0
7fe888b16000-7fe888d16000 ---p 00005000 08:06 4218553                    /usr/lib/libxcb-sync.so.1.0.0
7fe888d16000-7fe888d17000 r--p 00005000 08:06 4218553                    /usr/lib/libxcb-sync.so.1.0.0
7fe888d17000-7fe888d18000 rw-p 00006000 08:06 4218553                    /usr/lib/libxcb-sync.so.1.0.0
7fe888d18000-7fe888d1b000 r-xp 00000000 08:06 4218522                    /usr/lib/libxcb-shape.so.0.0.0
7fe888d1b000-7fe888f1a000 ---p 00003000 08:06 4218522                    /usr/lib/libxcb-shape.so.0.0.0
7fe888f1a000-7fe888f1b000 r--p 00002000 08:06 4218522                    /usr/lib/libxcb-shape.so.0.0.0
7fe888f1b000-7fe888f1c000 rw-p 00003000 08:06 4218522                    /usr/lib/libxcb-shape.so.0.0.0
7fe888f1c000-7fe888f22000 r-xp 00000000 08:06 4218504                    /usr/lib/libxcb-xfixes.so.0.0.0
7fe888f22000-7fe889122000 ---p 00006000 08:06 4218504                    /usr/lib/libxcb-xfixes.so.0.0.0
7fe889122000-7fe889123000 r--p 00006000 08:06 4218504                    /usr/lib/libxcb-xfixes.so.0.0.0
7fe889123000-7fe889124000 rw-p 00007000 08:06 4218504                    /usr/lib/libxcb-xfixes.so.0.0.0
7fe889124000-7fe889131000 r-xp 00000000 08:06 4218561                    /usr/lib/libxcb-randr.so.0.1.0
7fe889131000-7fe889330000 ---p 0000d000 08:06 4218561                    /usr/lib/libxcb-randr.so.0.1.0
7fe889330000-7fe889331000 r--p 0000c000 08:06 4218561                    /usr/lib/libxcb-randr.so.0.1.0
7fe889331000-7fe889332000 rw-p 0000d000 08:06 4218561                    /usr/lib/libxcb-randr.so.0.1.0
7fe889332000-7fe889334000 r-xp 00000000 08:06 4218540                    /usr/lib/libxcb-present.so.0.0.0
7fe889334000-7fe889533000 ---p 00002000 08:06 4218540                    /usr/lib/libxcb-present.so.0.0.0
7fe889533000-7fe889534000 r--p 00001000 08:06 4218540                    /usr/lib/libxcb-present.so.0.0.0
7fe889534000-7fe889535000 rw-p 00002000 08:06 4218540                    /usr/lib/libxcb-present.so.0.0.0
7fe889535000-7fe889537000 r-xp 00000000 08:06 4218512                    /usr/lib/libxcb-dri3.so.0.0.0
7fe889537000-7fe889736000 ---p 00002000 08:06 4218512                    /usr/lib/libxcb-dri3.so.0.0.0
7fe889736000-7fe889737000 r--p 00001000 08:06 4218512                    /usr/lib/libxcb-dri3.so.0.0.0
7fe889737000-7fe889738000 rw-p 00002000 08:06 4218512                    /usr/lib/libxcb-dri3.so.0.0.0
7fe889738000-7fe88973c000 r-xp 00000000 08:06 4218537                    /usr/lib/libxcb-dri2.so.0.0.0
7fe88973c000-7fe88993b000 ---p 00004000 08:06 4218537                    /usr/lib/libxcb-dri2.so.0.0.0
7fe88993b000-7fe88993c000 r--p 00003000 08:06 4218537                    /usr/lib/libxcb-dri2.so.0.0.0
7fe88993c000-7fe88993d000 rw-p 00004000 08:06 4218537                    /usr/lib/libxcb-dri2.so.0.0.0
7fe88993d000-7fe889954000 r-xp 00000000 08:06 4218511                    /usr/lib/libxcb-glx.so.0.0.0
7fe889954000-7fe889b54000 ---p 00017000 08:06 4218511                    /usr/lib/libxcb-glx.so.0.0.0
7fe889b54000-7fe889b56000 r--p 00017000 08:06 4218511                    /usr/lib/libxcb-glx.so.0.0.0
7fe889b56000-7fe889b57000 rw-p 00019000 08:06 4218511                    /usr/lib/libxcb-glx.so.0.0.0
7fe889b57000-7fe889b58000 r-xp 00000000 08:06 4218607                    /usr/lib/libX11-xcb.so.1.0.0
7fe889b58000-7fe889d57000 ---p 00001000 08:06 4218607                    /usr/lib/libX11-xcb.so.1.0.0
7fe889d57000-7fe889d58000 r--p 00000000 08:06 4218607                    /usr/lib/libX11-xcb.so.1.0.0
7fe889d58000-7fe889d59000 rw-p 00001000 08:06 4218607                    /usr/lib/libX11-xcb.so.1.0.0
7fe889d59000-7fe889d7f000 r-xp 00000000 08:06 4220036                    /usr/lib/libglapi.so.0.0.0
7fe889d7f000-7fe889f7f000 ---p 00026000 08:06 4220036                    /usr/lib/libglapi.so.0.0.0
7fe889f7f000-7fe889f82000 r--p 00026000 08:06 4220036                    /usr/lib/libglapi.so.0.0.0
7fe889f82000-7fe889f83000 rw-p 00029000 08:06 4220036                    /usr/lib/libglapi.so.0.0.0
7fe889f83000-7fe889f84000 rw-p 00000000 00:00 0 
7fe889f84000-7fe889f93000 r-xp 00000000 08:06 4200561                    /usr/lib/libbz2.so.1.0.6
7fe889f93000-7fe88a192000 ---p 0000f000 08:06 4200561                    /usr/lib/libbz2.so.1.0.6
7fe88a192000-7fe88a194000 rw-p 0000e000 08:06 4200561                    /usr/lib/libbz2.so.1.0.6
7fe88a194000-7fe88a1bb000 r-xp 00000000 08:06 4205198                    /usr/lib/libexpat.so.1.6.0
7fe88a1bb000-7fe88a3ba000 ---p 00027000 08:06 4205198                    /usr/lib/libexpat.so.1.6.0
7fe88a3ba000-7fe88a3bd000 r--p 00026000 08:06 4205198                    /usr/lib/libexpat.so.1.6.0
7fe88a3bd000-7fe88a3be000 rw-p 00029000 08:06 4205198                    /usr/lib/libexpat.so.1.6.0
7fe88a3be000-7fe88a3d2000 r-xp 00000000 08:06 4197469                    /usr/lib/libresolv-2.21.so
7fe88a3d2000-7fe88a5d1000 ---p 00014000 08:06 4197469                    /usr/lib/libresolv-2.21.so
7fe88a5d1000-7fe88a5d2000 r--p 00013000 08:06 4197469                    /usr/lib/libresolv-2.21.so
7fe88a5d2000-7fe88a5d3000 rw-p 00014000 08:06 4197469                    /usr/lib/libresolv-2.21.so
7fe88a5d3000-7fe88a5d5000 rw-p 00000000 00:00 0 
7fe88a5d5000-7fe88a643000 r-xp 00000000 08:06 4205228                    /usr/lib/libpcre.so.1.2.5
7fe88a643000-7fe88a843000 ---p 0006e000 08:06 4205228                    /usr/lib/libpcre.so.1.2.5
7fe88a843000-7fe88a844000 r--p 0006e000 08:06 4205228                    /usr/lib/libpcre.so.1.2.5
7fe88a844000-7fe88a845000 rw-p 0006f000 08:06 4205228                    /usr/lib/libpcre.so.1.2.5
7fe88a845000-7fe88a84d000 r-xp 00000000 08:06 4205355                    /usr/lib/libffi.so.6.0.4
7fe88a84d000-7fe88aa4c000 ---p 00008000 08:06 4205355                    /usr/lib/libffi.so.6.0.4
7fe88aa4c000-7fe88aa4d000 r--p 00007000 08:06 4205355                    /usr/lib/libffi.so.6.0.4
7fe88aa4d000-7fe88aa4e000 rw-p 00008000 08:06 4205355                    /usr/lib/libffi.so.6.0.4
7fe88aa4e000-7fe88aa6f000 r-xp 00000000 08:06 4218525                    /usr/lib/libxcb.so.1.1.0
7fe88aa6f000-7fe88ac6e000 ---p 00021000 08:06 4218525                    /usr/lib/libxcb.so.1.1.0
7fe88ac6e000-7fe88ac6f000 r--p 00020000 08:06 4218525                    /usr/lib/libxcb.so.1.1.0
7fe88ac6f000-7fe88ac70000 rw-p 00021000 08:06 4218525                    /usr/lib/libxcb.so.1.1.0
7fe88ac70000-7fe88ac79000 r-xp 00000000 08:06 4218507                    /usr/lib/libxcb-render.so.0.0.0
7fe88ac79000-7fe88ae78000 ---p 00009000 08:06 4218507                    /usr/lib/libxcb-render.so.0.0.0
7fe88ae78000-7fe88ae79000 r--p 00008000 08:06 4218507                    /usr/lib/libxcb-render.so.0.0.0
7fe88ae79000-7fe88ae7a000 rw-p 00009000 08:06 4218507                    /usr/lib/libxcb-render.so.0.0.0
7fe88ae7a000-7fe88ae7c000 r-xp 00000000 08:06 4218534                    /usr/lib/libxcb-shm.so.0.0.0
7fe88ae7c000-7fe88b07c000 ---p 00002000 08:06 4218534                    /usr/lib/libxcb-shm.so.0.0.0
7fe88b07c000-7fe88b07d000 r--p 00002000 08:06 4218534                    /usr/lib/libxcb-shm.so.0.0.0
7fe88b07d000-7fe88b07e000 rw-p 00003000 08:06 4218534                    /usr/lib/libxcb-shm.so.0.0.0
7fe88b07e000-7fe88b0b3000 r-xp 00000000 08:06 4216214                    /usr/lib/libpng16.so.16.16.0
7fe88b0b3000-7fe88b2b2000 ---p 00035000 08:06 4216214                    /usr/lib/libpng16.so.16.16.0
7fe88b2b2000-7fe88b2b3000 r--p 00034000 08:06 4216214                    /usr/lib/libpng16.so.16.16.0
7fe88b2b3000-7fe88b2b4000 rw-p 00035000 08:06 4216214                    /usr/lib/libpng16.so.16.16.0
7fe88b2b4000-7fe88b2dc000 r-xp 00000000 08:06 4729633                    /usr/lib/mesa/libEGL.so.1.0.0
7fe88b2dc000-7fe88b4dc000 ---p 00028000 08:06 4729633                    /usr/lib/mesa/libEGL.so.1.0.0
7fe88b4dc000-7fe88b4dd000 r--p 00028000 08:06 4729633                    /usr/lib/mesa/libEGL.so.1.0.0
7fe88b4dd000-7fe88b4de000 rw-p 00029000 08:06 4729633                    /usr/lib/mesa/libEGL.so.1.0.0
7fe88b4de000-7fe88b4df000 rw-p 00000000 00:00 0 
7fe88b4df000-7fe88b584000 r-xp 00000000 08:06 4219737                    /usr/lib/libpixman-1.so.0.32.6
7fe88b584000-7fe88b783000 ---p 000a5000 08:06 4219737                    /usr/lib/libpixman-1.so.0.32.6
7fe88b783000-7fe88b78b000 r--p 000a4000 08:06 4219737                    /usr/lib/libpixman-1.so.0.32.6
7fe88b78b000-7fe88b78c000 rw-p 000ac000 08:06 4219737                    /usr/lib/libpixman-1.so.0.32.6
7fe88b78c000-7fe88b7e6000 r-xp 00000000 08:06 4219510                    /usr/lib/libharfbuzz.so.0.941.0
7fe88b7e6000-7fe88b9e6000 ---p 0005a000 08:06 4219510                    /usr/lib/libharfbuzz.so.0.941.0
7fe88b9e6000-7fe88b9e7000 r--p 0005a000 08:06 4219510                    /usr/lib/libharfbuzz.so.0.941.0
7fe88b9e7000-7fe88b9e8000 rw-p 0005b000 08:06 4219510                    /usr/lib/libharfbuzz.so.0.941.0
7fe88b9e8000-7fe88b9f9000 r-xp 00000000 08:06 4219497                    /usr/lib/libXext.so.6.4.0
7fe88b9f9000-7fe88bbf8000 ---p 00011000 08:06 4219497                    /usr/lib/libXext.so.6.4.0
7fe88bbf8000-7fe88bbf9000 r--p 00010000 08:06 4219497                    /usr/lib/libXext.so.6.4.0
7fe88bbf9000-7fe88bbfa000 rw-p 00011000 08:06 4219497                    /usr/lib/libXext.so.6.4.0
7fe88bbfa000-7fe88bbfc000 r-xp 00000000 08:06 4219947                    /usr/lib/libXdamage.so.1.1.0
7fe88bbfc000-7fe88bdfb000 ---p 00002000 08:06 4219947                    /usr/lib/libXdamage.so.1.1.0
7fe88bdfb000-7fe88bdfc000 r--p 00001000 08:06 4219947                    /usr/lib/libXdamage.so.1.1.0
7fe88bdfc000-7fe88bdfd000 rw-p 00002000 08:06 4219947                    /usr/lib/libXdamage.so.1.1.0
7fe88bdfd000-7fe88bdff000 r-xp 00000000 08:06 4220274                    /usr/lib/libXcomposite.so.1.0.0
7fe88bdff000-7fe88bffe000 ---p 00002000 08:06 4220274                    /usr/lib/libXcomposite.so.1.0.0
7fe88bffe000-7fe88bfff000 r--p 00001000 08:06 4220274                    /usr/lib/libXcomposite.so.1.0.0
7fe88bfff000-7fe88c000000 rw-p 00002000 08:06 4220274                    /usr/lib/libXcomposite.so.1.0.0
7fe88c000000-7fe88c021000 rw-p 00000000 00:00 0 
7fe88c021000-7fe890000000 ---p 00000000 00:00 0 
7fe890000000-7fe890021000 rw-p 00000000 00:00 0 
7fe890021000-7fe894000000 ---p 00000000 00:00 0 
7fe894000000-7fe8947c0000 rw-p 00000000 00:00 0 
7fe8947c0000-7fe898000000 ---p 00000000 00:00 0 
7fe898000000-7fe89866f000 rw-p 00000000 00:00 0 
7fe89866f000-7fe89c000000 ---p 00000000 00:00 0 
7fe89c000000-7fe89c021000 rw-p 00000000 00:00 0 
7fe89c021000-7fe8a0000000 ---p 00000000 00:00 0 
7fe8a0000000-7fe8a0021000 rw-p 00000000 00:00 0 
7fe8a0021000-7fe8a4000000 ---p 00000000 00:00 0 
7fe8a4000000-7fe8a4021000 rw-p 00000000 00:00 0 
7fe8a4021000-7fe8a8000000 ---p 00000000 00:00 0 
7fe8a8000000-7fe8a8021000 rw-p 00000000 00:00 0 
7fe8a8021000-7fe8ac000000 ---p 00000000 00:00 0 
7fe8ac000000-7fe8ac021000 rw-p 00000000 00:00 0 
7fe8ac021000-7fe8b0000000 ---p 00000000 00:00 0 
7fe8b0000000-7fe8b0002000 rw-s 11abbe000 00:06 9623                      /dev/dri/card0
7fe8b0002000-7fe8b0003000 rw-p 00000000 00:00 0 
7fe8b0003000-7fe8b0004000 rw-s 11a0ff000 00:06 9623                      /dev/dri/card0
7fe8b0004000-7fe8b0005000 rw-p 00000000 00:00 0 
7fe8b0005000-7fe8b0006000 rw-s 11a0fc000 00:06 9623                      /dev/dri/card0
7fe8b0006000-7fe8b0007000 rw-p 00000000 00:00 0 
7fe8b0007000-7fe8b0008000 rw-s 11a0ea000 00:06 9623                      /dev/dri/card0
7fe8b0008000-7fe8b0009000 rw-s 11a0e9000 00:06 9623                      /dev/dri/card0
7fe8b0009000-7fe8b000a000 rw-s 1426fb000 00:06 9623                      /dev/dri/card0
7fe8b000a000-7fe8b000f000 r--s 00094000 08:06 4466377                    /usr/lib/jvm/java-8-openjdk/jre/lib/jsse.jar
7fe8b000f000-7fe8b0038000 r--p 00000000 08:06 4220795                    /usr/share/locale/pt_BR/LC_MESSAGES/gtk20-properties.mo
7fe8b0038000-7fe8b0047000 r--p 00000000 08:06 4220794                    /usr/share/locale/pt_BR/LC_MESSAGES/gtk20.mo
7fe8b0047000-7fe8b0051000 r-xp 00000000 08:06 4220151                    /usr/lib/libXcursor.so.1.0.2
7fe8b0051000-7fe8b0250000 ---p 0000a000 08:06 4220151                    /usr/lib/libXcursor.so.1.0.2
7fe8b0250000-7fe8b0251000 r--p 00009000 08:06 4220151                    /usr/lib/libXcursor.so.1.0.2
7fe8b0251000-7fe8b0252000 rw-p 0000a000 08:06 4220151                    /usr/lib/libXcursor.so.1.0.2
7fe8b0252000-7fe8b025c000 r-xp 00000000 08:06 4220182                    /usr/lib/libXrandr.so.2.2.0
7fe8b025c000-7fe8b045b000 ---p 0000a000 08:06 4220182                    /usr/lib/libXrandr.so.2.2.0
7fe8b045b000-7fe8b045c000 r--p 00009000 08:06 4220182                    /usr/lib/libXrandr.so.2.2.0
7fe8b045c000-7fe8b045d000 rw-p 0000a000 08:06 4220182                    /usr/lib/libXrandr.so.2.2.0
7fe8b045d000-7fe8b046c000 r-xp 00000000 08:06 4220259                    /usr/lib/libXi.so.6.1.0
7fe8b046c000-7fe8b066c000 ---p 0000f000 08:06 4220259                    /usr/lib/libXi.so.6.1.0
7fe8b066c000-7fe8b066d000 r--p 0000f000 08:06 4220259                    /usr/lib/libXi.so.6.1.0
7fe8b066d000-7fe8b066e000 rw-p 00010000 08:06 4220259                    /usr/lib/libXi.so.6.1.0
7fe8b066e000-7fe8b0670000 r-xp 00000000 08:06 4220154                    /usr/lib/libXinerama.so.1.0.0
7fe8b0670000-7fe8b086f000 ---p 00002000 08:06 4220154                    /usr/lib/libXinerama.so.1.0.0
7fe8b086f000-7fe8b0870000 r--p 00001000 08:06 4220154                    /usr/lib/libXinerama.so.1.0.0
7fe8b0870000-7fe8b0871000 rw-p 00002000 08:06 4220154                    /usr/lib/libXinerama.so.1.0.0
7fe8b0871000-7fe8b087a000 r-xp 00000000 08:06 4219431                    /usr/lib/libXrender.so.1.3.0
7fe8b087a000-7fe8b0a79000 ---p 00009000 08:06 4219431                    /usr/lib/libXrender.so.1.3.0
7fe8b0a79000-7fe8b0a7a000 r--p 00008000 08:06 4219431                    /usr/lib/libXrender.so.1.3.0
7fe8b0a7a000-7fe8b0a7b000 rw-p 00009000 08:06 4219431                    /usr/lib/libXrender.so.1.3.0
7fe8b0a7b000-7fe8b0a80000 r-xp 00000000 08:06 4219941                    /usr/lib/libXfixes.so.3.1.0
7fe8b0a80000-7fe8b0c7f000 ---p 00005000 08:06 4219941                    /usr/lib/libXfixes.so.3.1.0
7fe8b0c7f000-7fe8b0c80000 r--p 00004000 08:06 4219941                    /usr/lib/libXfixes.so.3.1.0
7fe8b0c80000-7fe8b0c81000 rw-p 00005000 08:06 4219941                    /usr/lib/libXfixes.so.3.1.0
7fe8b0c81000-7fe8b0c84000 r-xp 00000000 08:06 4205449                    /usr/lib/libgmodule-2.0.so.0.4400.1
7fe8b0c84000-7fe8b0e83000 ---p 00003000 08:06 4205449                    /usr/lib/libgmodule-2.0.so.0.4400.1
7fe8b0e83000-7fe8b0e84000 r--p 00002000 08:06 4205449                    /usr/lib/libgmodule-2.0.so.0.4400.1
7fe8b0e84000-7fe8b0e85000 rw-p 00003000 08:06 4205449                    /usr/lib/libgmodule-2.0.so.0.4400.1
7fe8b0e85000-7fe8b0e9b000 r-xp 00000000 08:06 4197840                    /usr/lib/libgcc_s.so.1
7fe8b0e9b000-7fe8b109a000 ---p 00016000 08:06 4197840                    /usr/lib/libgcc_s.so.1
7fe8b109a000-7fe8b109b000 rw-p 00015000 08:06 4197840                    /usr/lib/libgcc_s.so.1
7fe8b109b000-7fe8b120d000 r-xp 00000000 08:06 4197847                    /usr/lib/libstdc++.so.6.0.21
7fe8b120d000-7fe8b140d000 ---p 00172000 08:06 4197847                    /usr/lib/libstdc++.so.6.0.21
7fe8b140d000-7fe8b1417000 r--p 00172000 08:06 4197847                    /usr/lib/libstdc++.so.6.0.21
7fe8b1417000-7fe8b1419000 rw-p 0017c000 08:06 4197847                    /usr/lib/libstdc++.so.6.0.21
7fe8b1419000-7fe8b141d000 rw-p 00000000 00:00 0 
7fe8b141d000-7fe8b14b5000 r-xp 00000000 08:06 4722428                    /usr/lib/mesa/libGL.so.1.2.0
7fe8b14b5000-7fe8b16b4000 ---p 00098000 08:06 4722428                    /usr/lib/mesa/libGL.so.1.2.0
7fe8b16b4000-7fe8b16b7000 r--p 00097000 08:06 4722428                    /usr/lib/mesa/libGL.so.1.2.0
7fe8b16b7000-7fe8b16b8000 rw-p 0009a000 08:06 4722428                    /usr/lib/mesa/libGL.so.1.2.0
7fe8b16b8000-7fe8b16b9000 rw-p 00000000 00:00 0 
7fe8b16b9000-7fe8b16be000 r-xp 00000000 08:06 4219936                    /usr/lib/libXxf86vm.so.1.0.0
7fe8b16be000-7fe8b18bd000 ---p 00005000 08:06 4219936                    /usr/lib/libXxf86vm.so.1.0.0
7fe8b18bd000-7fe8b18be000 r--p 00004000 08:06 4219936                    /usr/lib/libXxf86vm.so.1.0.0
7fe8b18be000-7fe8b18bf000 rw-p 00005000 08:06 4219936                    /usr/lib/libXxf86vm.so.1.0.0
7fe8b18bf000-7fe8b19fa000 r-xp 00000000 08:06 4218606                    /usr/lib/libX11.so.6.3.0
7fe8b19fa000-7fe8b1bf9000 ---p 0013b000 08:06 4218606                    /usr/lib/libX11.so.6.3.0
7fe8b1bf9000-7fe8b1bfb000 r--p 0013a000 08:06 4218606                    /usr/lib/libX11.so.6.3.0
7fe8b1bfb000-7fe8b1c00000 rw-p 0013c000 08:06 4218606                    /usr/lib/libX11.so.6.3.0
7fe8b1c00000-7fe8b1c01000 rw-p 00000000 00:00 0 
7fe8b1c01000-7fe8b1c06000 r-xp 00000000 08:06 4221635                    /usr/lib/libXtst.so.6.1.0
7fe8b1c06000-7fe8b1e05000 ---p 00005000 08:06 4221635                    /usr/lib/libXtst.so.6.1.0
7fe8b1e05000-7fe8b1e06000 r--p 00004000 08:06 4221635                    /usr/lib/libXtst.so.6.1.0
7fe8b1e06000-7fe8b1e07000 rw-p 00005000 08:06 4221635                    /usr/lib/libXtst.so.6.1.0
7fe8b1e07000-7fe8b1f13000 r-xp 00000000 08:06 4205448                    /usr/lib/libglib-2.0.so.0.4400.1
7fe8b1f13000-7fe8b2112000 ---p 0010c000 08:06 4205448                    /usr/lib/libglib-2.0.so.0.4400.1
7fe8b2112000-7fe8b2113000 r--p 0010b000 08:06 4205448                    /usr/lib/libglib-2.0.so.0.4400.1
7fe8b2113000-7fe8b2114000 rw-p 0010c000 08:06 4205448                    /usr/lib/libglib-2.0.so.0.4400.1
7fe8b2114000-7fe8b2115000 rw-p 00000000 00:00 0 
7fe8b2115000-7fe8b2116000 r-xp 00000000 08:06 4205450                    /usr/lib/libgthread-2.0.so.0.4400.1
7fe8b2116000-7fe8b2315000 ---p 00001000 08:06 4205450                    /usr/lib/libgthread-2.0.so.0.4400.1
7fe8b2315000-7fe8b2316000 r--p 00000000 08:06 4205450                    /usr/lib/libgthread-2.0.so.0.4400.1
7fe8b2316000-7fe8b2317000 rw-p 00001000 08:06 4205450                    /usr/lib/libgthread-2.0.so.0.4400.1
7fe8b2317000-7fe8b23cd000 r-xp 00000000 08:06 4219523                    /usr/lib/libfreetype.so.6.11.4
7fe8b23cd000-7fe8b25cd000 ---p 000b6000 08:06 4219523                    /usr/lib/libfreetype.so.6.11.4
7fe8b25cd000-7fe8b25d3000 r--p 000b6000 08:06 4219523                    /usr/lib/libfreetype.so.6.11.4
7fe8b25d3000-7fe8b25d4000 rw-p 000bc000 08:06 4219523                    /usr/lib/libfreetype.so.6.11.4
7fe8b25d4000-7fe8b260f000 r-xp 00000000 08:06 4219732                    /usr/lib/libfontconfig.so.1.8.0
7fe8b260f000-7fe8b280e000 ---p 0003b000 08:06 4219732                    /usr/lib/libfontconfig.so.1.8.0
7fe8b280e000-7fe8b2810000 r--p 0003a000 08:06 4219732                    /usr/lib/libfontconfig.so.1.8.0
7fe8b2810000-7fe8b2811000 rw-p 0003c000 08:06 4219732                    /usr/lib/libfontconfig.so.1.8.0
7fe8b2811000-7fe8b2860000 r-xp 00000000 08:06 4205451                    /usr/lib/libgobject-2.0.so.0.4400.1
7fe8b2860000-7fe8b2a60000 ---p 0004f000 08:06 4205451                    /usr/lib/libgobject-2.0.so.0.4400.1
7fe8b2a60000-7fe8b2a61000 r--p 0004f000 08:06 4205451                    /usr/lib/libgobject-2.0.so.0.4400.1
7fe8b2a61000-7fe8b2a62000 rw-p 00050000 08:06 4205451                    /usr/lib/libgobject-2.0.so.0.4400.1
7fe8b2a62000-7fe8b2aab000 r-xp 00000000 08:06 4220109                    /usr/lib/libpango-1.0.so.0.3600.8
7fe8b2aab000-7fe8b2cab000 ---p 00049000 08:06 4220109                    /usr/lib/libpango-1.0.so.0.3600.8
7fe8b2cab000-7fe8b2cad000 r--p 00049000 08:06 4220109                    /usr/lib/libpango-1.0.so.0.3600.8
7fe8b2cad000-7fe8b2cae000 rw-p 0004b000 08:06 4220109                    /usr/lib/libpango-1.0.so.0.3600.8
7fe8b2cae000-7fe8b2cc2000 r-xp 00000000 08:06 4220110                    /usr/lib/libpangoft2-1.0.so.0.3600.8
7fe8b2cc2000-7fe8b2ec2000 ---p 00014000 08:06 4220110                    /usr/lib/libpangoft2-1.0.so.0.3600.8
7fe8b2ec2000-7fe8b2ec3000 r--p 00014000 08:06 4220110                    /usr/lib/libpangoft2-1.0.so.0.3600.8
7fe8b2ec3000-7fe8b2ec4000 rw-p 00015000 08:06 4220110                    /usr/lib/libpangoft2-1.0.so.0.3600.8
7fe8b2ec4000-7fe8b303a000 r-xp 00000000 08:06 4205452                    /usr/lib/libgio-2.0.so.0.4400.1
7fe8b303a000-7fe8b323a000 ---p 00176000 08:06 4205452                    /usr/lib/libgio-2.0.so.0.4400.1
7fe8b323a000-7fe8b323e000 r--p 00176000 08:06 4205452                    /usr/lib/libgio-2.0.so.0.4400.1
7fe8b323e000-7fe8b3240000 rw-p 0017a000 08:06 4205452                    /usr/lib/libgio-2.0.so.0.4400.1
7fe8b3240000-7fe8b3242000 rw-p 00000000 00:00 0 
7fe8b3242000-7fe8b3266000 r-xp 00000000 08:06 4220672                    /usr/lib/libgdk_pixbuf-2.0.so.0.3100.4
7fe8b3266000-7fe8b3466000 ---p 00024000 08:06 4220672                    /usr/lib/libgdk_pixbuf-2.0.so.0.3100.4
7fe8b3466000-7fe8b3467000 r--p 00024000 08:06 4220672                    /usr/lib/libgdk_pixbuf-2.0.so.0.3100.4
7fe8b3467000-7fe8b3468000 rw-p 00025000 08:06 4220672                    /usr/lib/libgdk_pixbuf-2.0.so.0.3100.4
7fe8b3468000-7fe8b3592000 r-xp 00000000 08:06 4220063                    /usr/lib/libcairo.so.2.11400.2
7fe8b3592000-7fe8b3792000 ---p 0012a000 08:06 4220063                    /usr/lib/libcairo.so.2.11400.2
7fe8b3792000-7fe8b3795000 r--p 0012a000 08:06 4220063                    /usr/lib/libcairo.so.2.11400.2
7fe8b3795000-7fe8b3797000 rw-p 0012d000 08:06 4220063                    /usr/lib/libcairo.so.2.11400.2
7fe8b3797000-7fe8b3798000 rw-p 00000000 00:00 0 
7fe8b3798000-7fe8b37bb000 r-xp 00000000 08:06 4251519                    /usr/lib/libatk-1.0.so.0.21609.1
7fe8b37bb000-7fe8b39ba000 ---p 00023000 08:06 4251519                    /usr/lib/libatk-1.0.so.0.21609.1
7fe8b39ba000-7fe8b39bd000 r--p 00022000 08:06 4251519                    /usr/lib/libatk-1.0.so.0.21609.1
7fe8b39bd000-7fe8b39be000 rw-p 00025000 08:06 4251519                    /usr/lib/libatk-1.0.so.0.21609.1
7fe8b39be000-7fe8b3df2000 r-xp 00000000 08:06 4220722                    /usr/lib/libgtk-x11-2.0.so.0.2400.28
7fe8b3df2000-7fe8b3ff2000 ---p 00434000 08:06 4220722                    /usr/lib/libgtk-x11-2.0.so.0.2400.28
7fe8b3ff2000-7fe8b3ff9000 r--p 00434000 08:06 4220722                    /usr/lib/libgtk-x11-2.0.so.0.2400.28
7fe8b3ff9000-7fe8b3ffd000 rw-p 0043b000 08:06 4220722                    /usr/lib/libgtk-x11-2.0.so.0.2400.28
7fe8b3ffd000-7fe8b4000000 rw-p 00000000 00:00 0 
7fe8b4000000-7fe8b4021000 rw-p 00000000 00:00 0 
7fe8b4021000-7fe8b8000000 ---p 00000000 00:00 0 
7fe8b8000000-7fe8b8001000 rw-s 1426fa000 00:06 9623                      /dev/dri/card0
7fe8b8001000-7fe8b8002000 rw-s 1426f9000 00:06 9623                      /dev/dri/card0
7fe8b8002000-7fe8b800c000 r--s 00000000 08:06 4982897                    /var/cache/fontconfig/d62e99ef547d1d24cdb1bd22ec1a2976-le64.cache-4
7fe8b800c000-7fe8b801c000 rw-s 14299c000 00:06 9623                      /dev/dri/card0
7fe8b801c000-7fe8b802b000 r--p 00000000 08:06 4197412                    /usr/share/locale/pt_BR/LC_MESSAGES/libc.mo
7fe8b802b000-7fe8b804d000 rw-p 00000000 00:00 0 
7fe8b804d000-7fe8b8059000 r-xp 00000000 08:06 4220112                    /usr/lib/libpangocairo-1.0.so.0.3600.8
7fe8b8059000-7fe8b8258000 ---p 0000c000 08:06 4220112                    /usr/lib/libpangocairo-1.0.so.0.3600.8
7fe8b8258000-7fe8b8259000 r--p 0000b000 08:06 4220112                    /usr/lib/libpangocairo-1.0.so.0.3600.8
7fe8b8259000-7fe8b825a000 rw-p 0000c000 08:06 4220112                    /usr/lib/libpangocairo-1.0.so.0.3600.8
7fe8b825a000-7fe8b830a000 r-xp 00000000 08:06 4220721                    /usr/lib/libgdk-x11-2.0.so.0.2400.28
7fe8b830a000-7fe8b850a000 ---p 000b0000 08:06 4220721                    /usr/lib/libgdk-x11-2.0.so.0.2400.28
7fe8b850a000-7fe8b850e000 r--p 000b0000 08:06 4220721                    /usr/lib/libgdk-x11-2.0.so.0.2400.28
7fe8b850e000-7fe8b8510000 rw-p 000b4000 08:06 4220721                    /usr/lib/libgdk-x11-2.0.so.0.2400.28
7fe8b8510000-7fe8b8511000 rw-s 1426f8000 00:06 9623                      /dev/dri/card0
7fe8b8511000-7fe8b8512000 rw-s 119766000 00:06 9623                      /dev/dri/card0
7fe8b8512000-7fe8b8513000 rw-s 119765000 00:06 9623                      /dev/dri/card0
7fe8b8513000-7fe8b851c000 r--s 00000000 08:06 4992848                    /var/cache/fontconfig/f349e9996a5320f6dd491cedd2b1f964-le64.cache-4
7fe8b851c000-7fe8b852c000 rw-s 14298c000 00:06 9623                      /dev/dri/card0
7fe8b852c000-7fe8b854e000 rw-p 00000000 00:00 0 
7fe8b854e000-7fe8b855a000 r-xp 00000000 08:06 4465800                    /usr/lib/jvm/java-8-openjdk/jre/lib/amd64/libprism_es2.so
7fe8b855a000-7fe8b8759000 ---p 0000c000 08:06 4465800                    /usr/lib/jvm/java-8-openjdk/jre/lib/amd64/libprism_es2.so
7fe8b8759000-7fe8b875a000 rw-p 0000b000 08:06 4465800                    /usr/lib/jvm/java-8-openjdk/jre/lib/amd64/libprism_es2.so
7fe8b875a000-7fe8b875d000 ---p 00000000 00:00 0 
7fe8b875d000-7fe8b885b000 rw-p 00000000 00:00 0                          [stack:7340]
7fe8b885b000-7fe8b88f1000 r--s 008c8000 08:06 4465764                    /usr/lib/jvm/java-8-openjdk/jre/lib/ext/jfxrt.jar
7fe8b88f1000-7fe8b88f2000 ---p 00000000 00:00 0 
7fe8b88f2000-7fe8b89f2000 rw-p 00000000 00:00 0                          [stack:7339]
7fe8b89f2000-7fe8b89f5000 ---p 00000000 00:00 0 
7fe8b89f5000-7fe8b8af3000 rw-p 00000000 00:00 0                          [stack:7338]
7fe8b8af3000-7fe8b8af6000 ---p 00000000 00:00 0 
7fe8b8af6000-7fe8b8bf4000 rw-p 00000000 00:00 0                          [stack:7337]
7fe8b8bf4000-7fe8b8bf7000 ---p 00000000 00:00 0 
7fe8b8bf7000-7fe8b8cf5000 rw-p 00000000 00:00 0                          [stack:7336]
7fe8b8cf5000-7fe8b8cf8000 ---p 00000000 00:00 0 
7fe8b8cf8000-7fe8b8df6000 rw-p 00000000 00:00 0                          [stack:7335]
7fe8b8df6000-7fe8b8f7f000 r--p 00000000 08:06 4233190                    /usr/lib/locale/locale-archive
7fe8b8f7f000-7fe8b8f82000 ---p 00000000 00:00 0 
7fe8b8f82000-7fe8b9080000 rw-p 00000000 00:00 0                          [stack:7334]
7fe8b9080000-7fe8b9083000 ---p 00000000 00:00 0 
7fe8b9083000-7fe8b9181000 rw-p 00000000 00:00 0                          [stack:7333]
7fe8b9181000-7fe8b9182000 ---p 00000000 00:00 0 
7fe8b9182000-7fe8b9c1a000 rw-p 00000000 00:00 0                          [stack:7332]
7fe8b9c1a000-7fe8b9de7000 r--s 03bd3000 08:06 4466374                    /usr/lib/jvm/java-8-openjdk/jre/lib/rt.jar
7fe8b9de7000-7fe8bc709000 rw-p 00000000 00:00 0 
7fe8bc709000-7fe8bc70a000 ---p 00000000 00:00 0 
7fe8bc70a000-7fe8bc80a000 rw-p 00000000 00:00 0                          [stack:7331]
7fe8bc80a000-7fe8bc80b000 ---p 00000000 00:00 0 
7fe8bc80b000-7fe8bc923000 rw-p 00000000 00:00 0                          [stack:7330]
7fe8bc923000-7fe8bca53000 ---p 00000000 00:00 0 
7fe8bca53000-7fe8bca6b000 rw-p 00000000 00:00 0 
7fe8bca6b000-7fe8bcb9b000 ---p 00000000 00:00 0 
7fe8bcb9b000-7fe8bcbb1000 rw-p 00000000 00:00 0 
7fe8bcbb1000-7fe8bcc3f000 ---p 00000000 00:00 0 
7fe8bcc3f000-7fe8bcc63000 rw-p 00000000 00:00 0 
7fe8bcc63000-7fe8bd000000 ---p 00000000 00:00 0 
7fe8bd000000-7fe8bd890000 rwxp 00000000 00:00 0 
7fe8bd890000-7fe8cc000000 ---p 00000000 00:00 0 
7fe8cc000000-7fe8cc2aa000 rw-p 00000000 00:00 0 
7fe8cc2aa000-7fe8d0000000 ---p 00000000 00:00 0 
7fe8d0000000-7fe8d0008000 r-xp 00000000 08:06 4466434                    /usr/lib/jvm/java-8-openjdk/jre/lib/amd64/libzip.so
7fe8d0008000-7fe8d0207000 ---p 00008000 08:06 4466434                    /usr/lib/jvm/java-8-openjdk/jre/lib/amd64/libzip.so
7fe8d0207000-7fe8d0208000 rw-p 00007000 08:06 4466434                    /usr/lib/jvm/java-8-openjdk/jre/lib/amd64/libzip.so
7fe8d0208000-7fe8d0213000 r-xp 00000000 08:06 4197474                    /usr/lib/libnss_files-2.21.so
7fe8d0213000-7fe8d0413000 ---p 0000b000 08:06 4197474                    /usr/lib/libnss_files-2.21.so
7fe8d0413000-7fe8d0414000 r--p 0000b000 08:06 4197474                    /usr/lib/libnss_files-2.21.so
7fe8d0414000-7fe8d0415000 rw-p 0000c000 08:06 4197474                    /usr/lib/libnss_files-2.21.so
7fe8d0415000-7fe8d0442000 r-xp 00000000 08:06 4466435                    /usr/lib/jvm/java-8-openjdk/jre/lib/amd64/libjava.so
7fe8d0442000-7fe8d0642000 ---p 0002d000 08:06 4466435                    /usr/lib/jvm/java-8-openjdk/jre/lib/amd64/libjava.so
7fe8d0642000-7fe8d0644000 rw-p 0002d000 08:06 4466435                    /usr/lib/jvm/java-8-openjdk/jre/lib/amd64/libjava.so
7fe8d0644000-7fe8d0651000 r-xp 00000000 08:06 4466426                    /usr/lib/jvm/java-8-openjdk/jre/lib/amd64/libverify.so
7fe8d0651000-7fe8d0850000 ---p 0000d000 08:06 4466426                    /usr/lib/jvm/java-8-openjdk/jre/lib/amd64/libverify.so
7fe8d0850000-7fe8d0852000 rw-p 0000c000 08:06 4466426                    /usr/lib/jvm/java-8-openjdk/jre/lib/amd64/libverify.so
7fe8d0852000-7fe8d0859000 r-xp 00000000 08:06 4197517                    /usr/lib/librt-2.21.so
7fe8d0859000-7fe8d0a58000 ---p 00007000 08:06 4197517                    /usr/lib/librt-2.21.so
7fe8d0a58000-7fe8d0a59000 r--p 00006000 08:06 4197517                    /usr/lib/librt-2.21.so
7fe8d0a59000-7fe8d0a5a000 rw-p 00007000 08:06 4197517                    /usr/lib/librt-2.21.so
7fe8d0a5a000-7fe8d0b5d000 r-xp 00000000 08:06 4197557                    /usr/lib/libm-2.21.so
7fe8d0b5d000-7fe8d0d5c000 ---p 00103000 08:06 4197557                    /usr/lib/libm-2.21.so
7fe8d0d5c000-7fe8d0d5d000 r--p 00102000 08:06 4197557                    /usr/lib/libm-2.21.so
7fe8d0d5d000-7fe8d0d5e000 rw-p 00103000 08:06 4197557                    /usr/lib/libm-2.21.so
7fe8d0d5e000-7fe8d19ff000 r-xp 00000000 08:06 4466458                    /usr/lib/jvm/java-8-openjdk/jre/lib/amd64/server/libjvm.so
7fe8d19ff000-7fe8d1bfe000 ---p 00ca1000 08:06 4466458                    /usr/lib/jvm/java-8-openjdk/jre/lib/amd64/server/libjvm.so
7fe8d1bfe000-7fe8d1cca000 rw-p 00ca0000 08:06 4466458                    /usr/lib/jvm/java-8-openjdk/jre/lib/amd64/server/libjvm.so
7fe8d1cca000-7fe8d1d0c000 rw-p 00000000 00:00 0 
7fe8d1d0c000-7fe8d1ea5000 r-xp 00000000 08:06 4197489                    /usr/lib/libc-2.21.so
7fe8d1ea5000-7fe8d20a4000 ---p 00199000 08:06 4197489                    /usr/lib/libc-2.21.so
7fe8d20a4000-7fe8d20a8000 r--p 00198000 08:06 4197489                    /usr/lib/libc-2.21.so
7fe8d20a8000-7fe8d20aa000 rw-p 0019c000 08:06 4197489                    /usr/lib/libc-2.21.so
7fe8d20aa000-7fe8d20ae000 rw-p 00000000 00:00 0 
7fe8d20ae000-7fe8d20b1000 r-xp 00000000 08:06 4197532                    /usr/lib/libdl-2.21.so
7fe8d20b1000-7fe8d22b0000 ---p 00003000 08:06 4197532                    /usr/lib/libdl-2.21.so
7fe8d22b0000-7fe8d22b1000 r--p 00002000 08:06 4197532                    /usr/lib/libdl-2.21.so
7fe8d22b1000-7fe8d22b2000 rw-p 00003000 08:06 4197532                    /usr/lib/libdl-2.21.so
7fe8d22b2000-7fe8d22bf000 r-xp 00000000 08:06 4466455                    /usr/lib/jvm/java-8-openjdk/jre/lib/amd64/jli/libjli.so
7fe8d22bf000-7fe8d24bf000 ---p 0000d000 08:06 4466455                    /usr/lib/jvm/java-8-openjdk/jre/lib/amd64/jli/libjli.so
7fe8d24bf000-7fe8d24c0000 rw-p 0000d000 08:06 4466455                    /usr/lib/jvm/java-8-openjdk/jre/lib/amd64/jli/libjli.so
7fe8d24c0000-7fe8d24d5000 r-xp 00000000 08:06 4200565                    /usr/lib/libz.so.1.2.8
7fe8d24d5000-7fe8d26d4000 ---p 00015000 08:06 4200565                    /usr/lib/libz.so.1.2.8
7fe8d26d4000-7fe8d26d5000 r--p 00014000 08:06 4200565                    /usr/lib/libz.so.1.2.8
7fe8d26d5000-7fe8d26d6000 rw-p 00015000 08:06 4200565                    /usr/lib/libz.so.1.2.8
7fe8d26d6000-7fe8d26ee000 r-xp 00000000 08:06 4197516                    /usr/lib/libpthread-2.21.so
7fe8d26ee000-7fe8d28ed000 ---p 00018000 08:06 4197516                    /usr/lib/libpthread-2.21.so
7fe8d28ed000-7fe8d28ee000 r--p 00017000 08:06 4197516                    /usr/lib/libpthread-2.21.so
7fe8d28ee000-7fe8d28ef000 rw-p 00018000 08:06 4197516                    /usr/lib/libpthread-2.21.so
7fe8d28ef000-7fe8d28f3000 rw-p 00000000 00:00 0 
7fe8d28f3000-7fe8d2915000 r-xp 00000000 08:06 4197553                    /usr/lib/ld-2.21.so
7fe8d2915000-7fe8d2916000 rw-s 119764000 00:06 9623                      /dev/dri/card0
7fe8d2916000-7fe8d2917000 r--s 00000000 08:06 4992949                    /var/cache/fontconfig/6ba42ae0000f58711b5caaf10d690066-le64.cache-4
7fe8d2917000-7fe8d292a000 r-xp 00000000 08:06 4266013                    /usr/lib/libudev.so.1.6.2
7fe8d292a000-7fe8d292b000 r--p 00012000 08:06 4266013                    /usr/lib/libudev.so.1.6.2
7fe8d292b000-7fe8d292c000 rw-p 00013000 08:06 4266013                    /usr/lib/libudev.so.1.6.2
7fe8d292c000-7fe8d29d0000 rw-p 00000000 00:00 0 
7fe8d29d0000-7fe8d29d3000 ---p 00000000 00:00 0 
7fe8d29d3000-7fe8d2ad5000 rw-p 00000000 00:00 0                          [stack:7328]
7fe8d2ad5000-7fe8d2ae1000 rw-s 1429c5000 00:06 9623                      /dev/dri/card0
7fe8d2ae1000-7fe8d2aea000 r--s 000e4000 08:06 5549251                    /home/fernando/EclipseProjects/letsgo/lib/mysql-connector-java-5.1.35-bin.jar
7fe8d2aea000-7fe8d2af0000 r--s 00047000 08:06 5511573                    /home/fernando/EclipseProjects/letsgo/lib/jsoup-1.8.2.jar
7fe8d2af0000-7fe8d2af2000 r--s 00003000 08:06 5549250                    /home/fernando/EclipseProjects/letsgo/lib/miglayout-swing-5.1-20150404.220019-96.jar
7fe8d2af2000-7fe8d2af3000 r--s 00004000 08:06 5549249                    /home/fernando/EclipseProjects/letsgo/lib/miglayout-javafx-5.1-20150404.220034-96.jar
7fe8d2af3000-7fe8d2af5000 r--s 00011000 08:06 5549248                    /home/fernando/EclipseProjects/letsgo/lib/miglayout-core-5.1-20150404.220010-96.jar
7fe8d2af5000-7fe8d2b09000 rw-p 00000000 00:00 0 
7fe8d2b09000-7fe8d2b11000 rw-s 00000000 00:21 7506339                    /tmp/hsperfdata_fernando/7325
7fe8d2b11000-7fe8d2b12000 rw-p 00000000 00:00 0 
7fe8d2b12000-7fe8d2b13000 r--p 00000000 00:00 0 
7fe8d2b13000-7fe8d2b14000 rw-p 00000000 00:00 0 
7fe8d2b14000-7fe8d2b15000 r--p 00021000 08:06 4197553                    /usr/lib/ld-2.21.so
7fe8d2b15000-7fe8d2b16000 rw-p 00022000 08:06 4197553                    /usr/lib/ld-2.21.so
7fe8d2b16000-7fe8d2b17000 rw-p 00000000 00:00 0 
7ffe5b14a000-7ffe5b16b000 rw-p 00000000 00:00 0                          [stack]
7ffe5b1b8000-7ffe5b1ba000 r--p 00000000 00:00 0                          [vvar]
7ffe5b1ba000-7ffe5b1bc000 r-xp 00000000 00:00 0                          [vdso]
ffffffffff600000-ffffffffff601000 r-xp 00000000 00:00 0                  [vsyscall]

VM Arguments:
jvm_args: -Dfile.encoding=UTF-8 
java_command: br.com.viewfx.LoginPane
java_class_path (initial): /home/fernando/EclipseProjects/letsgo/lib/miglayout-core-5.1-20150404.220010-96.jar:/home/fernando/EclipseProjects/letsgo/lib/miglayout-javafx-5.1-20150404.220034-96.jar:/home/fernando/EclipseProjects/letsgo/lib/miglayout-swing-5.1-20150404.220019-96.jar:/home/fernando/EclipseProjects/letsgo/lib/jsoup-1.8.2.jar:/home/fernando/EclipseProjects/letsgo/lib/mysql-connector-java-5.1.35-bin.jar:/home/fernando/EclipseProjects/letsgo/build/classes
Launcher Type: SUN_STANDARD

Environment Variables:
PATH=/usr/local/sbin:/usr/local/bin:/usr/bin:/usr/lib/jvm/default/bin:/usr/bin/site_perl:/usr/bin/vendor_perl:/usr/bin/core_perl
LD_LIBRARY_PATH=/usr/lib/jvm/default/bin/../jre/lib/amd64:/usr/lib/jvm/default/bin/../jre/lib/i386:
SHELL=/bin/bash
DISPLAY=:0

Signal Handlers:
SIGSEGV: [libjvm.so+0xa90890], sa_mask[0]=11111111011111111101111111111110, sa_flags=SA_RESTART|SA_SIGINFO
SIGBUS: [libjvm.so+0xa90890], sa_mask[0]=11111111011111111101111111111110, sa_flags=SA_RESTART|SA_SIGINFO
SIGFPE: [libjvm.so+0x8dac20], sa_mask[0]=11111111011111111101111111111110, sa_flags=SA_RESTART|SA_SIGINFO
SIGPIPE: SIG_IGN, sa_mask[0]=00000000000010000000000000000000, sa_flags=SA_RESTART
SIGXFSZ: [libjvm.so+0x8dac20], sa_mask[0]=11111111011111111101111111111110, sa_flags=SA_RESTART|SA_SIGINFO
SIGILL: [libjvm.so+0x8dac20], sa_mask[0]=11111111011111111101111111111110, sa_flags=SA_RESTART|SA_SIGINFO
SIGUSR1: SIG_DFL, sa_mask[0]=00000000000000000000000000000000, sa_flags=none
SIGUSR2: [libjvm.so+0x8daad0], sa_mask[0]=00100000000000000000000000000000, sa_flags=SA_RESTART|SA_SIGINFO
SIGHUP: [libjvm.so+0x8dacf0], sa_mask[0]=11111111011111111101111111111110, sa_flags=SA_RESTART|SA_SIGINFO
SIGINT: SIG_IGN, sa_mask[0]=00000000000000000000000000000000, sa_flags=none
SIGTERM: [libjvm.so+0x8dacf0], sa_mask[0]=11111111011111111101111111111110, sa_flags=SA_RESTART|SA_SIGINFO
SIGQUIT: [libjvm.so+0x8dacf0], sa_mask[0]=11111111011111111101111111111110, sa_flags=SA_RESTART|SA_SIGINFO


---------------  S Y S T E M  ---------------

OS:NAME=Antergos
ID=antergos
ID_LIKE=arch
PRETTY_NAME=Antergos
ANSI_COLOR="1;34;40"
HOME_URL="http://www.antergos.com/"
SUPPORT_URL="http://forum.antergos.com/"
BUG_REPORT_URL="http://bugs.antergos.com/"


uname:Linux 4.0.5-1-ARCH #1 SMP PREEMPT Sat Jun 6 18:37:49 CEST 2015 x86_64
libc:glibc 2.21 NPTL 2.21 
rlimit: STACK 8192k, CORE 0k, NPROC 15718, NOFILE 4096, AS infinity
load average:1,06 0,64 0,56

/proc/meminfo:
MemTotal:        4029024 kB
MemFree:          193976 kB
MemAvailable:     601540 kB
Buffers:           58480 kB
Cached:           521624 kB
SwapCached:         8664 kB
Active:          2731760 kB
Inactive:         908376 kB
Active(anon):    2451420 kB
Inactive(anon):   632340 kB
Active(file):     280340 kB
Inactive(file):   276036 kB
Unevictable:       15576 kB
Mlocked:           15576 kB
SwapTotal:       3906244 kB
SwapFree:        3774428 kB
Dirty:              1184 kB
Writeback:             4 kB
AnonPages:       3070104 kB
Mapped:           186212 kB
Shmem:             17388 kB
Slab:              68748 kB
SReclaimable:      40228 kB
SUnreclaim:        28520 kB
KernelStack:        7680 kB
PageTables:        39392 kB
NFS_Unstable:          0 kB
Bounce:                0 kB
WritebackTmp:          0 kB
CommitLimit:     5920756 kB
Committed_AS:    6177280 kB
VmallocTotal:   34359738367 kB
VmallocUsed:      304920 kB
VmallocChunk:   34359429208 kB
HardwareCorrupted:     0 kB
AnonHugePages:    319488 kB
HugePages_Total:       0
HugePages_Free:        0
HugePages_Rsvd:        0
HugePages_Surp:        0
Hugepagesize:       2048 kB
DirectMap4k:      189768 kB
DirectMap2M:     3981312 kB


CPU:total 2 (2 cores per cpu, 1 threads per core) family 6 model 42 stepping 7, cmov, cx8, fxsr, mmx, sse, sse2, sse3, ssse3, sse4.1, sse4.2, popcnt, clmul, tsc, tscinvbit

/proc/cpuinfo:
processor	: 0
vendor_id	: GenuineIntel
cpu family	: 6
model		: 42
model name	: Intel(R) Pentium(R) CPU G630 @ 2.70GHz
stepping	: 7
microcode	: 0x25
cpu MHz		: 2699.894
cache size	: 3072 KB
physical id	: 0
siblings	: 2
core id		: 0
cpu cores	: 2
apicid		: 0
initial apicid	: 0
fpu		: yes
fpu_exception	: yes
cpuid level	: 13
wp		: yes
flags		: fpu vme de pse tsc msr pae mce cx8 apic sep mtrr pge mca cmov pat pse36 clflush dts acpi mmx fxsr sse sse2 ss ht tm pbe syscall nx rdtscp lm constant_tsc arch_perfmon pebs bts rep_good nopl xtopology nonstop_tsc aperfmperf eagerfpu pni pclmulqdq dtes64 monitor ds_cpl vmx est tm2 ssse3 cx16 xtpr pdcm pcid sse4_1 sse4_2 popcnt tsc_deadline_timer xsave lahf_lm arat epb pln pts dtherm tpr_shadow vnmi flexpriority ept vpid xsaveopt
bugs		:
bogomips	: 5389.96
clflush size	: 64
cache_alignment	: 64
address sizes	: 36 bits physical, 48 bits virtual
power management:

processor	: 1
vendor_id	: GenuineIntel
cpu family	: 6
model		: 42
model name	: Intel(R) Pentium(R) CPU G630 @ 2.70GHz
stepping	: 7
microcode	: 0x25
cpu MHz		: 2700.000
cache size	: 3072 KB
physical id	: 0
siblings	: 2
core id		: 1
cpu cores	: 2
apicid		: 2
initial apicid	: 2
fpu		: yes
fpu_exception	: yes
cpuid level	: 13
wp		: yes
flags		: fpu vme de pse tsc msr pae mce cx8 apic sep mtrr pge mca cmov pat pse36 clflush dts acpi mmx fxsr sse sse2 ss ht tm pbe syscall nx rdtscp lm constant_tsc arch_perfmon pebs bts rep_good nopl xtopology nonstop_tsc aperfmperf eagerfpu pni pclmulqdq dtes64 monitor ds_cpl vmx est tm2 ssse3 cx16 xtpr pdcm pcid sse4_1 sse4_2 popcnt tsc_deadline_timer xsave lahf_lm arat epb pln pts dtherm tpr_shadow vnmi flexpriority ept vpid xsaveopt
bugs		:
bogomips	: 5389.96
clflush size	: 64
cache_alignment	: 64
address sizes	: 36 bits physical, 48 bits virtual
power management:



Memory: 4k page, physical 4029024k(193976k free), swap 3906244k(3774428k free)

vm_info: OpenJDK 64-Bit Server VM (25.45-b02) for linux-amd64 JRE (1.8.0_45-b14), built on Apr 20 2015 17:04:34 by "builduser" with gcc 4.9.2 20150304 (prerelease)

time: Fri Jun 26 20:17:52 2015
elapsed time: 8 seconds (0d 0h 0m 8s)

