#
# A fatal error has been detected by the Java Runtime Environment:
#
#  SIGSEGV (0xb) at pc=0x00007fa721b2ad1d, pid=6655, tid=140354400986880
#
# JRE version: OpenJDK Runtime Environment (8.0_45-b14) (build 1.8.0_45-b14)
# Java VM: OpenJDK 64-Bit Server VM (25.45-b02 mixed mode linux-amd64 compressed oops)
# Problematic frame:
# V  [libjvm.so+0x697d1d]
#
# Failed to write core dump. Core dumps have been disabled. To enable core dumping, try "ulimit -c unlimited" before starting Java again
#
# If you would like to submit a bug report, please visit:
#   http://bugreport.java.com/bugreport/crash.jsp
#

---------------  T H R E A D  ---------------

Current thread (0x00007fa71c2c2800):  JavaThread "JavaFX Application Thread" [_thread_in_vm, id=6679, stack(0x00007fa6ce26a000,0x00007fa6ce36b000)]

siginfo: si_signo: 11 (SIGSEGV), si_code: 128 (SI_KERNEL), si_addr: 0x0000000000000000

Registers:
RAX=0x0000000000000000, RBX=0x00007fa71c2c2800, RCX=0x00007fa71c216658, RDX=0x76616a2e6c65646f
RSP=0x00007fa6ce369310, RBP=0x00007fa6ce369490, RSI=0x00007fa6ce3694b0, RDI=0x00007fa71c2c29e0
R8 =0x00007fa6ce3694e0, R9 =0x00007fa71c2c2800, R10=0x00007fa6c0000b08, R11=0x00007fa70d550ac0
R12=0x00007fa71c2c2800, R13=0x00007fa71c2c29e0, R14=0x00007fa71c216658, R15=0x00007fa6ce369578
RIP=0x00007fa721b2ad1d, EFLAGS=0x0000000000010206, CSGSFS=0x0000000000000033, ERR=0x0000000000000000
  TRAPNO=0x000000000000000d

Top of Stack: (sp=0x00007fa6ce369310)
0x00007fa6ce369310:   00007fa71c2c2800 00007fa6ce369500
0x00007fa6ce369320:   00007fa6ce369350 00007fa70000000a
0x00007fa6ce369330:   00007fa6ce3694e0 00007fa70000000e
0x00007fa6ce369340:   00007fa71c2c29e0 00007fa6ce3694b0
0x00007fa6ce369350:   00007fa70aa59ad0 00007fa71c2c2800
0x00007fa6ce369360:   00007fa70aa59ad0 00007fa71c2c2800
0x00007fa6ce369370:   00007fa71c2c2060 00007fa6f004e040
0x00007fa6ce369380:   00007fa6f004e050 00007fa6f004e428
0x00007fa6ce369390:   00000000000003d8 00007fa6c0000a30
0x00007fa6ce3693a0:   00007fa70aa59ad0 00007fa71c2c2800
0x00007fa6ce3693b0:   00000000ce369990 00007fa70d015108
0x00007fa6ce3693c0:   0000000000000000 00007fa6ce3695c0
0x00007fa6ce3693d0:   00007fa70aa59ad0 00007fa71c2c2800
0x00007fa6ce3693e0:   00007ffc2ff6ee71 00000000eb97e488
0x00007fa6ce3693f0:   00007fa70000006f 00007fa60000000a
0x00007fa6ce369400:   00000000ed0f19d0 00007fa600000000
0x00007fa6ce369410:   00007fa6ce3695a0 00007fa721b2b2b6
0x00007fa6ce369420:   00007fa71c23f040 0000000100000117
0x00007fa6ce369430:   00000000558f0ef2 00007fa6ce3693e8
0x00007fa6ce369440:   00007fa6ce369429 0000000800000005
0x00007fa6ce369450:   00007fa71c2c2900 3d5fbb783f10a600
0x00007fa6ce369460:   00007fa70aa4e098 00007fa71c2c2800
0x00007fa6ce369470:   00007fa6ce3694e0 00007fa71c2c29e0
0x00007fa6ce369480:   00007fa71c216658 00007fa6ce369578
0x00007fa6ce369490:   00007fa6ce369560 00007fa721b37542
0x00007fa6ce3694a0:   00000000000003d8 76616a2e6c65646f
0x00007fa6ce3694b0:   00007fa70000000e 00007fa600000000
0x00007fa6ce3694c0:   00007fa71c2c2800 0000000000000000
0x00007fa6ce3694d0:   0000000000000000 3d5fbb783f10a600
0x00007fa6ce3694e0:   00007fa722341a50 00007fa7230883e0
0x00007fa6ce3694f0:   000000001c22f790 00007fa600000063
0x00007fa6ce369500:   0000000000000000 0000003000000018 

Instructions: (pc=0x00007fa721b2ad1d)
0x00007fa721b2acfd:   ff 48 89 b5 b8 fe ff ff 64 48 8b 04 25 28 00 00
0x00007fa721b2ad0d:   00 48 89 45 c8 31 c0 48 85 d2 0f 84 23 05 00 00
0x00007fa721b2ad1d:   4c 8b 2a 4d 85 ed 0f 84 17 05 00 00 49 8b 99 20
0x00007fa721b2ad2d:   01 00 00 49 89 cf 4c 8b 73 18 49 83 fe f7 0f 87 

Register to memory mapping:

RAX=0x0000000000000000 is an unknown value
RBX=0x00007fa71c2c2800 is a thread
RCX=0x00007fa71c216658 is an unknown value
RDX=0x76616a2e6c65646f is an unknown value
RSP=0x00007fa6ce369310 is pointing into the stack for thread: 0x00007fa71c2c2800
RBP=0x00007fa6ce369490 is pointing into the stack for thread: 0x00007fa71c2c2800
RSI=0x00007fa6ce3694b0 is pointing into the stack for thread: 0x00007fa71c2c2800
RDI=0x00007fa71c2c29e0 is an unknown value
R8 =0x00007fa6ce3694e0 is pointing into the stack for thread: 0x00007fa71c2c2800
R9 =0x00007fa71c2c2800 is a thread
R10=0x00007fa6c0000b08 is an unknown value
R11=0x00007fa70d550ac0 is at entry_point+32 in (nmethod*)0x00007fa70d550950
R12=0x00007fa71c2c2800 is a thread
R13=0x00007fa71c2c29e0 is an unknown value
R14=0x00007fa71c216658 is an unknown value
R15=0x00007fa6ce369578 is pointing into the stack for thread: 0x00007fa71c2c2800


Stack: [0x00007fa6ce26a000,0x00007fa6ce36b000],  sp=0x00007fa6ce369310,  free space=1020k
Native frames: (J=compiled Java code, j=interpreted, Vv=VM code, C=native code)
V  [libjvm.so+0x697d1d]
V  [libjvm.so+0x6a4542]
C  [libglass.so+0x12cb1]  JNIEnv_::CallVoidMethod(_jobject*, _jmethodID*, ...)+0x81
C  [libglass.so+0x1edc5]  WindowContextBase::process_key(_GdkEventKey*)+0x1f5
C  [libglass.so+0x13ed0]  WindowContextBase::im_filter_keypress(_GdkEventKey*)+0x1c0
C  [libglass.so+0x1374c]
C  [libgdk-x11-2.0.so.0+0x5b2cc]

Java frames: (J=compiled Java code, j=interpreted, Vv=VM code)
j  com.sun.glass.ui.gtk.GtkApplication._runLoop(Ljava/lang/Runnable;Z)V+0
j  com.sun.glass.ui.gtk.GtkApplication.lambda$null$48(Ljava/lang/Runnable;Z)V+7
j  com.sun.glass.ui.gtk.GtkApplication$$Lambda$41.run()V+12
j  java.lang.Thread.run()V+11
v  ~StubRoutines::call_stub

---------------  P R O C E S S  ---------------

Java Threads: ( => current thread )
  0x00007fa6c0319800 JavaThread "Abandoned connection cleanup thread" daemon [_thread_blocked, id=6694, stack(0x00007fa6ccccb000,0x00007fa6ccdcc000)]
  0x00007fa6c0222800 JavaThread "Prism Font Disposer" daemon [_thread_blocked, id=6687, stack(0x00007fa6cd4f6000,0x00007fa6cd5f7000)]
  0x00007fa71c2c6800 JavaThread "JavaFX-Launcher" [_thread_blocked, id=6683, stack(0x00007fa6ce169000,0x00007fa6ce26a000)]
=>0x00007fa71c2c2800 JavaThread "JavaFX Application Thread" [_thread_in_vm, id=6679, stack(0x00007fa6ce26a000,0x00007fa6ce36b000)]
  0x00007fa71c2be800 JavaThread "Thread-1" daemon [_thread_blocked, id=6678, stack(0x00007fa6ce36b000,0x00007fa6ce46c000)]
  0x00007fa71c1fb800 JavaThread "QuantumRenderer-0" daemon [_thread_blocked, id=6671, stack(0x00007fa708e70000,0x00007fa708f71000)]
  0x00007fa71c0ba800 JavaThread "Service Thread" daemon [_thread_blocked, id=6669, stack(0x00007fa709108000,0x00007fa709209000)]
  0x00007fa71c0b5800 JavaThread "C1 CompilerThread1" daemon [_thread_blocked, id=6668, stack(0x00007fa709209000,0x00007fa70930a000)]
  0x00007fa71c0b2800 JavaThread "C2 CompilerThread0" daemon [_thread_in_native, id=6667, stack(0x00007fa70930a000,0x00007fa70940b000)]
  0x00007fa71c0b1000 JavaThread "Signal Dispatcher" daemon [_thread_blocked, id=6666, stack(0x00007fa70940b000,0x00007fa70950c000)]
  0x00007fa71c079000 JavaThread "Finalizer" daemon [_thread_blocked, id=6665, stack(0x00007fa709695000,0x00007fa709796000)]
  0x00007fa71c076800 JavaThread "Reference Handler" daemon [_thread_blocked, id=6664, stack(0x00007fa709796000,0x00007fa709897000)]
  0x00007fa71c008800 JavaThread "main" [_thread_blocked, id=6657, stack(0x00007fa723105000,0x00007fa723206000)]

Other Threads:
  0x00007fa71c071800 VMThread [stack: 0x00007fa709897000,0x00007fa709998000] [id=6663]
  0x00007fa71c0bd000 WatcherThread [stack: 0x00007fa709007000,0x00007fa709108000] [id=6670]

VM state:not at safepoint (normal execution)

VM Mutex/Monitor currently owned by a thread: None

Heap:
 PSYoungGen      total 40448K, used 18151K [0x00000000eb800000, 0x00000000f0800000, 0x0000000100000000)
  eden space 30720K, 29% used [0x00000000eb800000,0x00000000ec0f4860,0x00000000ed600000)
  from space 9728K, 92% used [0x00000000ed600000,0x00000000edec5738,0x00000000edf80000)
  to   space 10752K, 0% used [0x00000000efd80000,0x00000000efd80000,0x00000000f0800000)
 ParOldGen       total 38400K, used 10500K [0x00000000c2800000, 0x00000000c4d80000, 0x00000000eb800000)
  object space 38400K, 27% used [0x00000000c2800000,0x00000000c32412c0,0x00000000c4d80000)
 Metaspace       used 21766K, capacity 22768K, committed 23040K, reserved 1069056K
  class space    used 2790K, capacity 3011K, committed 3072K, reserved 1048576K

Card table byte_map: [0x00007fa720188000,0x00007fa720375000] byte_map_base: 0x00007fa71fb74000

Marking Bits: (ParMarkBitMap*) 0x00007fa722413680
 Begin Bits: [0x00007fa70af3e000, 0x00007fa70be9e000)
 End Bits:   [0x00007fa70be9e000, 0x00007fa70cdfe000)

Polling page: 0x00007fa723247000

CodeCache: size=245760Kb used=9658Kb max_used=9658Kb free=236101Kb
 bounds [0x00007fa70d000000, 0x00007fa70d980000, 0x00007fa71c000000]
 total_blobs=4216 nmethods=3489 adapters=641
 compilation: enabled

Compilation events (10 events):
Event: 126,359 Thread 0x00007fa71c0b5800 nmethod 3632 0x00007fa70d974310 code [0x00007fa70d974460, 0x00007fa70d974550]
Event: 126,359 Thread 0x00007fa71c0b5800 3633       1       javafx.scene.text.Text$TextAttribute::access$2200 (5 bytes)
Event: 126,359 Thread 0x00007fa71c0b5800 nmethod 3633 0x00007fa70d9745d0 code [0x00007fa70d974720, 0x00007fa70d974810]
Event: 126,359 Thread 0x00007fa71c0b5800 3628       1       javafx.scene.text.Text$TextAttribute::access$1900 (5 bytes)
Event: 126,359 Thread 0x00007fa71c0b5800 nmethod 3628 0x00007fa70d974890 code [0x00007fa70d9749e0, 0x00007fa70d974ad0]
Event: 126,359 Thread 0x00007fa71c0b5800 3629       1       javafx.scene.text.Text$TextAttribute::access$2000 (5 bytes)
Event: 126,359 Thread 0x00007fa71c0b5800 nmethod 3629 0x00007fa70d974b50 code [0x00007fa70d974ca0, 0x00007fa70d974d90]
Event: 126,359 Thread 0x00007fa71c0b5800 3634       2       javafx.scene.layout.StackPane::getAlignmentInternal (17 bytes)
Event: 126,360 Thread 0x00007fa71c0b5800 nmethod 3634 0x00007fa70d974e10 code [0x00007fa70d974f80, 0x00007fa70d975168]
Event: 126,360 Thread 0x00007fa71c0b5800 3635       2       javafx.scene.layout.StackPane::getAlignment (24 bytes)

GC Heap History (10 events):
Event: 7,591 GC heap before
{Heap before GC invocations=4 (full 0):
 PSYoungGen      total 18432K, used 18419K [0x00000000eb800000, 0x00000000edc00000, 0x0000000100000000)
  eden space 15872K, 100% used [0x00000000eb800000,0x00000000ec780000,0x00000000ec780000)
  from space 2560K, 99% used [0x00000000ec780000,0x00000000ec9fcd80,0x00000000eca00000)
  to   space 2560K, 0% used [0x00000000ed980000,0x00000000ed980000,0x00000000edc00000)
 ParOldGen       total 42496K, used 4369K [0x00000000c2800000, 0x00000000c5180000, 0x00000000eb800000)
  object space 42496K, 10% used [0x00000000c2800000,0x00000000c2c44778,0x00000000c5180000)
 Metaspace       used 11926K, capacity 12416K, committed 12672K, reserved 1060864K
  class space    used 1514K, capacity 1657K, committed 1664K, reserved 1048576K
Event: 7,605 GC heap after
Heap after GC invocations=4 (full 0):
 PSYoungGen      total 34304K, used 2547K [0x00000000eb800000, 0x00000000edc00000, 0x0000000100000000)
  eden space 31744K, 0% used [0x00000000eb800000,0x00000000eb800000,0x00000000ed700000)
  from space 2560K, 99% used [0x00000000ed980000,0x00000000edbfcd40,0x00000000edc00000)
  to   space 2560K, 0% used [0x00000000ed700000,0x00000000ed700000,0x00000000ed980000)
 ParOldGen       total 42496K, used 6595K [0x00000000c2800000, 0x00000000c5180000, 0x00000000eb800000)
  object space 42496K, 15% used [0x00000000c2800000,0x00000000c2e70f28,0x00000000c5180000)
 Metaspace       used 11926K, capacity 12416K, committed 12672K, reserved 1060864K
  class space    used 1514K, capacity 1657K, committed 1664K, reserved 1048576K
}
Event: 123,704 GC heap before
{Heap before GC invocations=5 (full 0):
 PSYoungGen      total 34304K, used 28516K [0x00000000eb800000, 0x00000000edc00000, 0x0000000100000000)
  eden space 31744K, 81% used [0x00000000eb800000,0x00000000ed15c618,0x00000000ed700000)
  from space 2560K, 99% used [0x00000000ed980000,0x00000000edbfcd40,0x00000000edc00000)
  to   space 2560K, 0% used [0x00000000ed700000,0x00000000ed700000,0x00000000ed980000)
 ParOldGen       total 42496K, used 6595K [0x00000000c2800000, 0x00000000c5180000, 0x00000000eb800000)
  object space 42496K, 15% used [0x00000000c2800000,0x00000000c2e70f28,0x00000000c5180000)
 Metaspace       used 20280K, capacity 21132K, committed 21296K, reserved 1067008K
  class space    used 2611K, capacity 2835K, committed 2944K, reserved 1048576K
Event: 123,736 GC heap after
Heap after GC invocations=5 (full 0):
 PSYoungGen      total 33280K, used 2531K [0x00000000eb800000, 0x00000000ee900000, 0x0000000100000000)
  eden space 30720K, 0% used [0x00000000eb800000,0x00000000eb800000,0x00000000ed600000)
  from space 2560K, 98% used [0x00000000ed700000,0x00000000ed978d88,0x00000000ed980000)
  to   space 9728K, 0% used [0x00000000edf80000,0x00000000edf80000,0x00000000ee900000)
 ParOldGen       total 42496K, used 14614K [0x00000000c2800000, 0x00000000c5180000, 0x00000000eb800000)
  object space 42496K, 34% used [0x00000000c2800000,0x00000000c3645a08,0x00000000c5180000)
 Metaspace       used 20280K, capacity 21132K, committed 21296K, reserved 1067008K
  class space    used 2611K, capacity 2835K, committed 2944K, reserved 1048576K
}
Event: 124,056 GC heap before
{Heap before GC invocations=6 (full 0):
 PSYoungGen      total 33280K, used 14478K [0x00000000eb800000, 0x00000000ee900000, 0x0000000100000000)
  eden space 30720K, 38% used [0x00000000eb800000,0x00000000ec3aad00,0x00000000ed600000)
  from space 2560K, 98% used [0x00000000ed700000,0x00000000ed978d88,0x00000000ed980000)
  to   space 9728K, 0% used [0x00000000edf80000,0x00000000edf80000,0x00000000ee900000)
 ParOldGen       total 42496K, used 14614K [0x00000000c2800000, 0x00000000c5180000, 0x00000000eb800000)
  object space 42496K, 34% used [0x00000000c2800000,0x00000000c3645a08,0x00000000c5180000)
 Metaspace       used 20365K, capacity 21140K, committed 21296K, reserved 1067008K
  class space    used 2617K, capacity 2837K, committed 2944K, reserved 1048576K
Event: 124,079 GC heap after
Heap after GC invocations=6 (full 0):
 PSYoungGen      total 40448K, used 3016K [0x00000000eb800000, 0x00000000f0700000, 0x0000000100000000)
  eden space 30720K, 0% used [0x00000000eb800000,0x00000000eb800000,0x00000000ed600000)
  from space 9728K, 31% used [0x00000000edf80000,0x00000000ee272228,0x00000000ee900000)
  to   space 9728K, 0% used [0x00000000ed600000,0x00000000ed600000,0x00000000edf80000)
 ParOldGen       total 42496K, used 25382K [0x00000000c2800000, 0x00000000c5180000, 0x00000000eb800000)
  object space 42496K, 59% used [0x00000000c2800000,0x00000000c40c99d0,0x00000000c5180000)
 Metaspace       used 20365K, capacity 21140K, committed 21296K, reserved 1067008K
  class space    used 2617K, capacity 2837K, committed 2944K, reserved 1048576K
}
Event: 124,079 GC heap before
{Heap before GC invocations=7 (full 1):
 PSYoungGen      total 40448K, used 3016K [0x00000000eb800000, 0x00000000f0700000, 0x0000000100000000)
  eden space 30720K, 0% used [0x00000000eb800000,0x00000000eb800000,0x00000000ed600000)
  from space 9728K, 31% used [0x00000000edf80000,0x00000000ee272228,0x00000000ee900000)
  to   space 9728K, 0% used [0x00000000ed600000,0x00000000ed600000,0x00000000edf80000)
 ParOldGen       total 42496K, used 25382K [0x00000000c2800000, 0x00000000c5180000, 0x00000000eb800000)
  object space 42496K, 59% used [0x00000000c2800000,0x00000000c40c99d0,0x00000000c5180000)
 Metaspace       used 20365K, capacity 21140K, committed 21296K, reserved 1067008K
  class space    used 2617K, capacity 2837K, committed 2944K, reserved 1048576K
Event: 124,181 GC heap after
Heap after GC invocations=7 (full 1):
 PSYoungGen      total 40448K, used 0K [0x00000000eb800000, 0x00000000f0700000, 0x0000000100000000)
  eden space 30720K, 0% used [0x00000000eb800000,0x00000000eb800000,0x00000000ed600000)
  from space 9728K, 0% used [0x00000000edf80000,0x00000000edf80000,0x00000000ee900000)
  to   space 9728K, 0% used [0x00000000ed600000,0x00000000ed600000,0x00000000edf80000)
 ParOldGen       total 38400K, used 10492K [0x00000000c2800000, 0x00000000c4d80000, 0x00000000eb800000)
  object space 38400K, 27% used [0x00000000c2800000,0x00000000c323f2c0,0x00000000c4d80000)
 Metaspace       used 20365K, capacity 21140K, committed 21296K, reserved 1067008K
  class space    used 2617K, capacity 2837K, committed 2944K, reserved 1048576K
}
Event: 125,958 GC heap before
{Heap before GC invocations=8 (full 1):
 PSYoungGen      total 40448K, used 30720K [0x00000000eb800000, 0x00000000f0700000, 0x0000000100000000)
  eden space 30720K, 100% used [0x00000000eb800000,0x00000000ed600000,0x00000000ed600000)
  from space 9728K, 0% used [0x00000000edf80000,0x00000000edf80000,0x00000000ee900000)
  to   space 9728K, 0% used [0x00000000ed600000,0x00000000ed600000,0x00000000edf80000)
 ParOldGen       total 38400K, used 10492K [0x00000000c2800000, 0x00000000c4d80000, 0x00000000eb800000)
  object space 38400K, 27% used [0x00000000c2800000,0x00000000c323f2c0,0x00000000c4d80000)
 Metaspace       used 21633K, capacity 22632K, committed 22784K, reserved 1069056K
  class space    used 2790K, capacity 3011K, committed 3072K, reserved 1048576K
Event: 125,978 GC heap after
Heap after GC invocations=8 (full 1):
 PSYoungGen      total 40448K, used 8981K [0x00000000eb800000, 0x00000000f0800000, 0x0000000100000000)
  eden space 30720K, 0% used [0x00000000eb800000,0x00000000eb800000,0x00000000ed600000)
  from space 9728K, 92% used [0x00000000ed600000,0x00000000edec5738,0x00000000edf80000)
  to   space 10752K, 0% used [0x00000000efd80000,0x00000000efd80000,0x00000000f0800000)
 ParOldGen       total 38400K, used 10500K [0x00000000c2800000, 0x00000000c4d80000, 0x00000000eb800000)
  object space 38400K, 27% used [0x00000000c2800000,0x00000000c32412c0,0x00000000c4d80000)
 Metaspace       used 21633K, capacity 22632K, committed 22784K, reserved 1069056K
  class space    used 2790K, capacity 3011K, committed 3072K, reserved 1048576K
}

Deoptimization events (10 events):
Event: 124,554 Thread 0x00007fa71c2c2800 Uncommon trap: reason=unstable_if action=reinterpret pc=0x00007fa70d24c8a8 method=java.lang.AbstractStringBuilder.append(Ljava/lang/String;)Ljava/lang/AbstractStringBuilder; @ 1
Event: 124,958 Thread 0x00007fa71c2c2800 Uncommon trap: reason=null_check action=make_not_entrant pc=0x00007fa70d76cff4 method=com.sun.javafx.css.SimpleSelector.applies(Ljavafx/css/Styleable;)Z @ 77
Event: 124,988 Thread 0x00007fa71c2c2800 Uncommon trap: reason=array_check action=maybe_recompile pc=0x00007fa70d7a41d4 method=com.sun.javafx.css.SimpleSelector.applies(Ljavafx/css/Styleable;[Ljava/util/Set;I)Z @ 37
Event: 124,988 Thread 0x00007fa71c2c2800 Uncommon trap: reason=array_check action=maybe_recompile pc=0x00007fa70d7a41d4 method=com.sun.javafx.css.SimpleSelector.applies(Ljavafx/css/Styleable;[Ljava/util/Set;I)Z @ 37
Event: 124,988 Thread 0x00007fa71c2c2800 Uncommon trap: reason=array_check action=maybe_recompile pc=0x00007fa70d7a41d4 method=com.sun.javafx.css.SimpleSelector.applies(Ljavafx/css/Styleable;[Ljava/util/Set;I)Z @ 37
Event: 124,988 Thread 0x00007fa71c2c2800 Uncommon trap: reason=array_check action=maybe_recompile pc=0x00007fa70d7a41d4 method=com.sun.javafx.css.SimpleSelector.applies(Ljavafx/css/Styleable;[Ljava/util/Set;I)Z @ 37
Event: 125,328 Thread 0x00007fa71c2c2800 Uncommon trap: reason=array_check action=maybe_recompile pc=0x00007fa70d81bdf0 method=com.sun.javafx.css.CompoundSelector.applies(Ljavafx/css/Styleable;[Ljava/util/Set;I)Z @ 128
Event: 125,333 Thread 0x00007fa71c2c2800 Uncommon trap: reason=array_check action=maybe_recompile pc=0x00007fa70d81bdf0 method=com.sun.javafx.css.CompoundSelector.applies(Ljavafx/css/Styleable;[Ljava/util/Set;I)Z @ 128
Event: 125,333 Thread 0x00007fa71c2c2800 Uncommon trap: reason=array_check action=maybe_recompile pc=0x00007fa70d81bdf0 method=com.sun.javafx.css.CompoundSelector.applies(Ljavafx/css/Styleable;[Ljava/util/Set;I)Z @ 128
Event: 125,333 Thread 0x00007fa71c2c2800 Uncommon trap: reason=array_check action=maybe_recompile pc=0x00007fa70d81bdf0 method=com.sun.javafx.css.CompoundSelector.applies(Ljavafx/css/Styleable;[Ljava/util/Set;I)Z @ 128

Internal exceptions (10 events):
Event: 4,227 Thread 0x00007fa71c2c2800 Exception <a 'java/lang/ArrayIndexOutOfBoundsException': 18> (0x00000000ec408388) thrown at [/build/java8-openjdk/src/jdk8u-jdk8u45-b14/hotspot/src/share/vm/interpreter/interpreterRuntime.cpp, line 366]
Event: 4,241 Thread 0x00007fa71c2c2800 Exception <a 'java/lang/ArrayIndexOutOfBoundsException': 22> (0x00000000ec40b688) thrown at [/build/java8-openjdk/src/jdk8u-jdk8u45-b14/hotspot/src/share/vm/interpreter/interpreterRuntime.cpp, line 366]
Event: 4,244 Thread 0x00007fa71c2c2800 Exception <a 'java/lang/ArrayIndexOutOfBoundsException'> (0x00000000ec40d9b0) thrown at [/build/java8-openjdk/src/jdk8u-jdk8u45-b14/hotspot/src/share/vm/runtime/sharedRuntime.cpp, line 605]
Event: 4,259 Thread 0x00007fa71c2c2800 Exception <a 'java/lang/ClassNotFoundException': net/miginfocom/layout/UnitValueCustomizer> (0x00000000ec4147c0) thrown at [/build/java8-openjdk/src/jdk8u-jdk8u45-b14/hotspot/src/share/vm/classfile/systemDictionary.cpp, line 210]
Event: 4,315 Thread 0x00007fa71c2c2800 Exception <a 'java/lang/ClassNotFoundException': java/lang/ObjectCustomizer> (0x00000000ec42d958) thrown at [/build/java8-openjdk/src/jdk8u-jdk8u45-b14/hotspot/src/share/vm/classfile/systemDictionary.cpp, line 210]
Event: 4,324 Thread 0x00007fa71c2c2800 Exception <a 'java/lang/ClassNotFoundException': net/miginfocom/layout/BoundSizeCustomizer> (0x00000000ec435f08) thrown at [/build/java8-openjdk/src/jdk8u-jdk8u45-b14/hotspot/src/share/vm/classfile/systemDictionary.cpp, line 210]
Event: 8,225 Thread 0x00007fa71c2c2800 Implicit null exception at 0x00007fa70d317575 to 0x00007fa70d317791
Event: 12,357 Thread 0x00007fa71c2c2800 Implicit null exception at 0x00007fa70d3320b5 to 0x00007fa70d3323fd
Event: 124,554 Thread 0x00007fa71c2c2800 Implicit null exception at 0x00007fa70d24c533 to 0x00007fa70d24c895
Event: 124,958 Thread 0x00007fa71c2c2800 Implicit null exception at 0x00007fa70d76be7b to 0x00007fa70d76cfe9

Events (10 events):
Event: 126,179 Thread 0x00007fa71c2c2800 DEOPT PACKING pc=0x00007fa70d743d10 sp=0x00007fa6ce364720
Event: 126,179 Thread 0x00007fa71c2c2800 DEOPT UNPACKING pc=0x00007fa70d046f73 sp=0x00007fa6ce3644b0 mode 0
Event: 126,217 Thread 0x00007fa71c2c2800 DEOPT PACKING pc=0x00007fa70d743d10 sp=0x00007fa6ce364c80
Event: 126,217 Thread 0x00007fa71c2c2800 DEOPT UNPACKING pc=0x00007fa70d046f73 sp=0x00007fa6ce364a10 mode 0
Event: 126,260 Thread 0x00007fa71c2c2800 DEOPT PACKING pc=0x00007fa70d743d10 sp=0x00007fa6ce3658e0
Event: 126,260 Thread 0x00007fa71c2c2800 DEOPT UNPACKING pc=0x00007fa70d046f73 sp=0x00007fa6ce365670 mode 0
Event: 126,270 Thread 0x00007fa71c2c2800 DEOPT PACKING pc=0x00007fa70d743d44 sp=0x00007fa6ce364720
Event: 126,270 Thread 0x00007fa71c2c2800 DEOPT UNPACKING pc=0x00007fa70d046f73 sp=0x00007fa6ce3644b8 mode 0
Event: 126,277 Thread 0x00007fa71c2c2800 DEOPT PACKING pc=0x00007fa70d743d10 sp=0x00007fa6ce3649d0
Event: 126,277 Thread 0x00007fa71c2c2800 DEOPT UNPACKING pc=0x00007fa70d046f73 sp=0x00007fa6ce364760 mode 0


Dynamic libraries:
00400000-00401000 r-xp 00000000 08:06 4466467                            /usr/lib/jvm/java-8-openjdk/jre/bin/java
00600000-00601000 rw-p 00000000 08:06 4466467                            /usr/lib/jvm/java-8-openjdk/jre/bin/java
0227f000-022a0000 rw-p 00000000 00:00 0                                  [heap]
c2800000-c4d80000 rw-p 00000000 00:00 0 
c4d80000-eb800000 ---p 00000000 00:00 0 
eb800000-f0800000 rw-p 00000000 00:00 0 
f0800000-100000000 ---p 00000000 00:00 0 
100000000-100300000 rw-p 00000000 00:00 0 
100300000-140000000 ---p 00000000 00:00 0 
7fa6c0000000-7fa6c0538000 rw-p 00000000 00:00 0 
7fa6c0538000-7fa6c4000000 ---p 00000000 00:00 0 
7fa6c4000000-7fa6c4021000 rw-p 00000000 00:00 0 
7fa6c4021000-7fa6c8000000 ---p 00000000 00:00 0 
7fa6c8000000-7fa6c8021000 rw-p 00000000 00:00 0 
7fa6c8021000-7fa6cc000000 ---p 00000000 00:00 0 
7fa6cc462000-7fa6cc5e2000 rw-p 00000000 00:00 0 
7fa6cc5e2000-7fa6cc662000 ---p 00000000 00:00 0 
7fa6cc662000-7fa6cc698000 r-xp 00000000 08:06 4465796                    /usr/lib/jvm/java-8-openjdk/jre/lib/amd64/libjavafx_iio.so
7fa6cc698000-7fa6cc897000 ---p 00036000 08:06 4465796                    /usr/lib/jvm/java-8-openjdk/jre/lib/amd64/libjavafx_iio.so
7fa6cc897000-7fa6cc898000 rw-p 00035000 08:06 4465796                    /usr/lib/jvm/java-8-openjdk/jre/lib/amd64/libjavafx_iio.so
7fa6cc898000-7fa6cc8b4000 r--s 00393000 08:06 4466395                    /usr/lib/jvm/java-8-openjdk/jre/lib/ext/cldrdata.jar
7fa6cc8b4000-7fa6cc8ca000 r-xp 00000000 08:06 4466437                    /usr/lib/jvm/java-8-openjdk/jre/lib/amd64/libnet.so
7fa6cc8ca000-7fa6ccaca000 ---p 00016000 08:06 4466437                    /usr/lib/jvm/java-8-openjdk/jre/lib/amd64/libnet.so
7fa6ccaca000-7fa6ccacb000 rw-p 00016000 08:06 4466437                    /usr/lib/jvm/java-8-openjdk/jre/lib/amd64/libnet.so
7fa6ccacb000-7fa6ccccb000 rw-p 00000000 00:00 0 
7fa6ccccb000-7fa6cccce000 ---p 00000000 00:00 0 
7fa6cccce000-7fa6ccfcc000 rw-p 00000000 00:00 0                          [stack:6694]
7fa6cd040000-7fa6cd140000 rw-s 169507000 00:06 9505                      /dev/dri/card0
7fa6cd140000-7fa6cd240000 rw-s 1698d8000 00:06 9505                      /dev/dri/card0
7fa6cd240000-7fa6cd440000 rw-p 00000000 00:00 0 
7fa6cd440000-7fa6cd4f6000 r--p 00000000 08:06 4854538                    /usr/share/fonts/TTF/DejaVuSans.ttf
7fa6cd4f6000-7fa6cd4f9000 ---p 00000000 00:00 0 
7fa6cd4f9000-7fa6cd5f7000 rw-p 00000000 00:00 0                          [stack:6687]
7fa6cd5f7000-7fa6cd6a1000 r--p 00000000 08:06 4854533                    /usr/share/fonts/TTF/DejaVuSans-Bold.ttf
7fa6cd6a1000-7fa6cd8a1000 rw-p 00000000 00:00 0 
7fa6cd8a1000-7fa6cdb61000 r--s 00000000 08:06 4992984                    /var/cache/fontconfig/f6b893a7224233d96cb72fd88691c0b4-le64.cache-4
7fa6cdb61000-7fa6cdb66000 r-xp 00000000 08:06 4465794                    /usr/lib/jvm/java-8-openjdk/jre/lib/amd64/libjavafx_font_freetype.so
7fa6cdb66000-7fa6cdd65000 ---p 00005000 08:06 4465794                    /usr/lib/jvm/java-8-openjdk/jre/lib/amd64/libjavafx_font_freetype.so
7fa6cdd65000-7fa6cdd66000 rw-p 00004000 08:06 4465794                    /usr/lib/jvm/java-8-openjdk/jre/lib/amd64/libjavafx_font_freetype.so
7fa6cdd66000-7fa6cdd69000 r-xp 00000000 08:06 4465793                    /usr/lib/jvm/java-8-openjdk/jre/lib/amd64/libjavafx_font.so
7fa6cdd69000-7fa6cdf68000 ---p 00003000 08:06 4465793                    /usr/lib/jvm/java-8-openjdk/jre/lib/amd64/libjavafx_font.so
7fa6cdf68000-7fa6cdf69000 rw-p 00002000 08:06 4465793                    /usr/lib/jvm/java-8-openjdk/jre/lib/amd64/libjavafx_font.so
7fa6cdf69000-7fa6ce169000 rw-p 00000000 00:00 0 
7fa6ce169000-7fa6ce16c000 ---p 00000000 00:00 0 
7fa6ce16c000-7fa6ce26a000 rw-p 00000000 00:00 0                          [stack:6683]
7fa6ce26a000-7fa6ce26d000 ---p 00000000 00:00 0 
7fa6ce26d000-7fa6ce36b000 rw-p 00000000 00:00 0                          [stack:6679]
7fa6ce36b000-7fa6ce36e000 ---p 00000000 00:00 0 
7fa6ce36e000-7fa6ce46c000 rw-p 00000000 00:00 0                          [stack:6678]
7fa6ce46c000-7fa6ce46f000 r-xp 00000000 08:06 4229969                    /usr/lib/gtk-2.0/2.10.0/engines/libadwaita.so
7fa6ce46f000-7fa6ce66e000 ---p 00003000 08:06 4229969                    /usr/lib/gtk-2.0/2.10.0/engines/libadwaita.so
7fa6ce66e000-7fa6ce66f000 r--p 00002000 08:06 4229969                    /usr/lib/gtk-2.0/2.10.0/engines/libadwaita.so
7fa6ce66f000-7fa6ce670000 rw-p 00003000 08:06 4229969                    /usr/lib/gtk-2.0/2.10.0/engines/libadwaita.so
7fa6ce670000-7fa6ce67a000 r-xp 00000000 08:06 4220747                    /usr/lib/gtk-2.0/2.10.0/engines/libpixmap.so
7fa6ce67a000-7fa6ce879000 ---p 0000a000 08:06 4220747                    /usr/lib/gtk-2.0/2.10.0/engines/libpixmap.so
7fa6ce879000-7fa6ce87b000 r--p 00009000 08:06 4220747                    /usr/lib/gtk-2.0/2.10.0/engines/libpixmap.so
7fa6ce87b000-7fa6ce87c000 rw-p 0000b000 08:06 4220747                    /usr/lib/gtk-2.0/2.10.0/engines/libpixmap.so
7fa6ce87c000-7fa6ce882000 r-xp 00000000 08:06 4213553                    /usr/lib/libogg.so.0.8.2
7fa6ce882000-7fa6cea81000 ---p 00006000 08:06 4213553                    /usr/lib/libogg.so.0.8.2
7fa6cea81000-7fa6cea82000 r--p 00005000 08:06 4213553                    /usr/lib/libogg.so.0.8.2
7fa6cea82000-7fa6cea83000 rw-p 00006000 08:06 4213553                    /usr/lib/libogg.so.0.8.2
7fa6cea83000-7fa6ceaae000 r-xp 00000000 08:06 4213571                    /usr/lib/libvorbis.so.0.4.8
7fa6ceaae000-7fa6cecae000 ---p 0002b000 08:06 4213571                    /usr/lib/libvorbis.so.0.4.8
7fa6cecae000-7fa6cecaf000 r--p 0002b000 08:06 4213571                    /usr/lib/libvorbis.so.0.4.8
7fa6cecaf000-7fa6cecb0000 rw-p 0002c000 08:06 4213571                    /usr/lib/libvorbis.so.0.4.8
7fa6cecb0000-7fa6cecb9000 r-xp 00000000 08:06 4214692                    /usr/lib/libltdl.so.7.3.1
7fa6cecb9000-7fa6ceeb8000 ---p 00009000 08:06 4214692                    /usr/lib/libltdl.so.7.3.1
7fa6ceeb8000-7fa6ceeb9000 r--p 00008000 08:06 4214692                    /usr/lib/libltdl.so.7.3.1
7fa6ceeb9000-7fa6ceeba000 rw-p 00009000 08:06 4214692                    /usr/lib/libltdl.so.7.3.1
7fa6ceeba000-7fa6ceece000 r-xp 00000000 08:06 4225285                    /usr/lib/libtdb.so.1.3.4
7fa6ceece000-7fa6cf0cd000 ---p 00014000 08:06 4225285                    /usr/lib/libtdb.so.1.3.4
7fa6cf0cd000-7fa6cf0ce000 r--p 00013000 08:06 4225285                    /usr/lib/libtdb.so.1.3.4
7fa6cf0ce000-7fa6cf0cf000 rw-p 00014000 08:06 4225285                    /usr/lib/libtdb.so.1.3.4
7fa6cf0cf000-7fa6cf0d7000 r-xp 00000000 08:06 4213578                    /usr/lib/libvorbisfile.so.3.3.7
7fa6cf0d7000-7fa6cf2d6000 ---p 00008000 08:06 4213578                    /usr/lib/libvorbisfile.so.3.3.7
7fa6cf2d6000-7fa6cf2d7000 r--p 00007000 08:06 4213578                    /usr/lib/libvorbisfile.so.3.3.7
7fa6cf2d7000-7fa6cf2d8000 rw-p 00008000 08:06 4213578                    /usr/lib/libvorbisfile.so.3.3.7
7fa6cf2d8000-7fa6cf2e9000 r-xp 00000000 08:06 4229116                    /usr/lib/libcanberra.so.0.2.5
7fa6cf2e9000-7fa6cf4e8000 ---p 00011000 08:06 4229116                    /usr/lib/libcanberra.so.0.2.5
7fa6cf4e8000-7fa6cf4e9000 r--p 00010000 08:06 4229116                    /usr/lib/libcanberra.so.0.2.5
7fa6cf4e9000-7fa6cf4ea000 rw-p 00011000 08:06 4229116                    /usr/lib/libcanberra.so.0.2.5
7fa6cf4ea000-7fa6cf4ee000 r-xp 00000000 08:06 4229118                    /usr/lib/libcanberra-gtk.so.0.1.9
7fa6cf4ee000-7fa6cf6ed000 ---p 00004000 08:06 4229118                    /usr/lib/libcanberra-gtk.so.0.1.9
7fa6cf6ed000-7fa6cf6ee000 r--p 00003000 08:06 4229118                    /usr/lib/libcanberra-gtk.so.0.1.9
7fa6cf6ee000-7fa6cf6ef000 rw-p 00004000 08:06 4229118                    /usr/lib/libcanberra-gtk.so.0.1.9
7fa6cf6ef000-7fa6cf6f4000 r-xp 00000000 08:06 4229125                    /usr/lib/gtk-2.0/modules/libcanberra-gtk-module.so
7fa6cf6f4000-7fa6cf8f3000 ---p 00005000 08:06 4229125                    /usr/lib/gtk-2.0/modules/libcanberra-gtk-module.so
7fa6cf8f3000-7fa6cf8f4000 r--p 00004000 08:06 4229125                    /usr/lib/gtk-2.0/modules/libcanberra-gtk-module.so
7fa6cf8f4000-7fa6cf8f5000 rw-p 00005000 08:06 4229125                    /usr/lib/gtk-2.0/modules/libcanberra-gtk-module.so
7fa6cf8f5000-7fa6cf91d000 r-xp 00000000 08:06 4465791                    /usr/lib/jvm/java-8-openjdk/jre/lib/amd64/libglass.so
7fa6cf91d000-7fa6cfb1c000 ---p 00028000 08:06 4465791                    /usr/lib/jvm/java-8-openjdk/jre/lib/amd64/libglass.so
7fa6cfb1c000-7fa6cfb1f000 rw-p 00027000 08:06 4465791                    /usr/lib/jvm/java-8-openjdk/jre/lib/amd64/libglass.so
7fa6cfb1f000-7fa6cfb23000 r-xp 00000000 08:06 4220010                    /usr/lib/libtxc_dxtn.so
7fa6cfb23000-7fa6cfd22000 ---p 00004000 08:06 4220010                    /usr/lib/libtxc_dxtn.so
7fa6cfd22000-7fa6cfd23000 r--p 00003000 08:06 4220010                    /usr/lib/libtxc_dxtn.so
7fa6cfd23000-7fa6cfd24000 rw-p 00004000 08:06 4220010                    /usr/lib/libtxc_dxtn.so
7fa6cfd24000-7fa6cfd25000 ---p 00000000 00:00 0 
7fa6cfd25000-7fa6d0525000 rw-p 00000000 00:00 0                          [stack:6677]
7fa6d0525000-7fa6d0584000 r-xp 00000000 08:06 4197888                    /usr/lib/libncursesw.so.5.9
7fa6d0584000-7fa6d0784000 ---p 0005f000 08:06 4197888                    /usr/lib/libncursesw.so.5.9
7fa6d0784000-7fa6d0788000 r--p 0005f000 08:06 4197888                    /usr/lib/libncursesw.so.5.9
7fa6d0788000-7fa6d078a000 rw-p 00063000 08:06 4197888                    /usr/lib/libncursesw.so.5.9
7fa6d078a000-7fa6d07c0000 r-xp 00000000 08:06 4215223                    /usr/lib/libedit.so.0.0.53
7fa6d07c0000-7fa6d09c0000 ---p 00036000 08:06 4215223                    /usr/lib/libedit.so.0.0.53
7fa6d09c0000-7fa6d09c2000 r--p 00036000 08:06 4215223                    /usr/lib/libedit.so.0.0.53
7fa6d09c2000-7fa6d09c3000 rw-p 00038000 08:06 4215223                    /usr/lib/libedit.so.0.0.53
7fa6d09c3000-7fa6d09c7000 rw-p 00000000 00:00 0 
7fa6d09c7000-7fa6d270a000 r-xp 00000000 08:06 4230586                    /usr/lib/libLLVM-3.6.so
7fa6d270a000-7fa6d2909000 ---p 01d43000 08:06 4230586                    /usr/lib/libLLVM-3.6.so
7fa6d2909000-7fa6d2b1e000 r--p 01d42000 08:06 4230586                    /usr/lib/libLLVM-3.6.so
7fa6d2b1e000-7fa6d2b38000 rw-p 01f57000 08:06 4230586                    /usr/lib/libLLVM-3.6.so
7fa6d2b38000-7fa6d2b4d000 rw-p 00000000 00:00 0 
7fa6d2b4d000-7fa6d2b62000 r-xp 00000000 08:06 4219987                    /usr/lib/libelf-0.161.so
7fa6d2b62000-7fa6d2d62000 ---p 00015000 08:06 4219987                    /usr/lib/libelf-0.161.so
7fa6d2d62000-7fa6d2d64000 r--p 00015000 08:06 4219987                    /usr/lib/libelf-0.161.so
7fa6d2d64000-7fa6d2d65000 rw-p 00017000 08:06 4219987                    /usr/lib/libelf-0.161.so
7fa6d2d65000-7fa6d2d70000 r-xp 00000000 08:06 4219763                    /usr/lib/libdrm_radeon.so.1.0.1
7fa6d2d70000-7fa6d2f6f000 ---p 0000b000 08:06 4219763                    /usr/lib/libdrm_radeon.so.1.0.1
7fa6d2f6f000-7fa6d2f70000 r--p 0000a000 08:06 4219763                    /usr/lib/libdrm_radeon.so.1.0.1
7fa6d2f70000-7fa6d2f71000 rw-p 0000b000 08:06 4219763                    /usr/lib/libdrm_radeon.so.1.0.1
7fa6d2f71000-7fa6d2f77000 r-xp 00000000 08:06 4219762                    /usr/lib/libdrm_nouveau.so.2.0.0
7fa6d2f77000-7fa6d3176000 ---p 00006000 08:06 4219762                    /usr/lib/libdrm_nouveau.so.2.0.0
7fa6d3176000-7fa6d3177000 r--p 00005000 08:06 4219762                    /usr/lib/libdrm_nouveau.so.2.0.0
7fa6d3177000-7fa6d3178000 rw-p 00006000 08:06 4219762                    /usr/lib/libdrm_nouveau.so.2.0.0
7fa6d3178000-7fa6d38e7000 r-xp 00000000 08:06 4722417                    /usr/lib/xorg/modules/dri/r600_dri.so
7fa6d38e7000-7fa6d3ae6000 ---p 0076f000 08:06 4722417                    /usr/lib/xorg/modules/dri/r600_dri.so
7fa6d3ae6000-7fa6d3b39000 r--p 0076e000 08:06 4722417                    /usr/lib/xorg/modules/dri/r600_dri.so
7fa6d3b39000-7fa6d3b45000 rw-p 007c1000 08:06 4722417                    /usr/lib/xorg/modules/dri/r600_dri.so
7fa6d3b45000-7fa6d3d2a000 rw-p 00000000 00:00 0 
7fa6d3d2a000-7fa6d3d2e000 r-xp 00000000 08:06 4204811                    /usr/lib/libattr.so.1.1.0
7fa6d3d2e000-7fa6d3f2d000 ---p 00004000 08:06 4204811                    /usr/lib/libattr.so.1.1.0
7fa6d3f2d000-7fa6d3f2e000 r--p 00003000 08:06 4204811                    /usr/lib/libattr.so.1.1.0
7fa6d3f2e000-7fa6d3f2f000 rw-p 00004000 08:06 4204811                    /usr/lib/libattr.so.1.1.0
7fa6d3f2f000-7fa6d3f33000 r-xp 00000000 08:06 4204940                    /usr/lib/libcap.so.2.24
7fa6d3f33000-7fa6d4132000 ---p 00004000 08:06 4204940                    /usr/lib/libcap.so.2.24
7fa6d4132000-7fa6d4133000 rw-p 00003000 08:06 4204940                    /usr/lib/libcap.so.2.24
7fa6d4133000-7fa6d4138000 r-xp 00000000 08:06 4216231                    /usr/lib/libXdmcp.so.6.0.0
7fa6d4138000-7fa6d4337000 ---p 00005000 08:06 4216231                    /usr/lib/libXdmcp.so.6.0.0
7fa6d4337000-7fa6d4338000 r--p 00004000 08:06 4216231                    /usr/lib/libXdmcp.so.6.0.0
7fa6d4338000-7fa6d4339000 rw-p 00005000 08:06 4216231                    /usr/lib/libXdmcp.so.6.0.0
7fa6d4339000-7fa6d433b000 r-xp 00000000 08:06 4216235                    /usr/lib/libXau.so.6.0.0
7fa6d433b000-7fa6d453b000 ---p 00002000 08:06 4216235                    /usr/lib/libXau.so.6.0.0
7fa6d453b000-7fa6d453c000 r--p 00002000 08:06 4216235                    /usr/lib/libXau.so.6.0.0
7fa6d453c000-7fa6d453d000 rw-p 00003000 08:06 4216235                    /usr/lib/libXau.so.6.0.0
7fa6d453d000-7fa6d454c000 r-xp 00000000 08:06 4219811                    /usr/lib/libwayland-server.so.0.1.0
7fa6d454c000-7fa6d474c000 ---p 0000f000 08:06 4219811                    /usr/lib/libwayland-server.so.0.1.0
7fa6d474c000-7fa6d474e000 r--p 0000f000 08:06 4219811                    /usr/lib/libwayland-server.so.0.1.0
7fa6d474e000-7fa6d474f000 rw-p 00011000 08:06 4219811                    /usr/lib/libwayland-server.so.0.1.0
7fa6d474f000-7fa6d475b000 r-xp 00000000 08:06 4219812                    /usr/lib/libwayland-client.so.0.3.0
7fa6d475b000-7fa6d495a000 ---p 0000c000 08:06 4219812                    /usr/lib/libwayland-client.so.0.3.0
7fa6d495a000-7fa6d495c000 r--p 0000b000 08:06 4219812                    /usr/lib/libwayland-client.so.0.3.0
7fa6d495c000-7fa6d495d000 rw-p 0000d000 08:06 4219812                    /usr/lib/libwayland-client.so.0.3.0
7fa6d495d000-7fa6d496a000 r-xp 00000000 08:06 4220021                    /usr/lib/libgbm.so.1.0.0
7fa6d496a000-7fa6d4b69000 ---p 0000d000 08:06 4220021                    /usr/lib/libgbm.so.1.0.0
7fa6d4b69000-7fa6d4b6a000 r--p 0000c000 08:06 4220021                    /usr/lib/libgbm.so.1.0.0
7fa6d4b6a000-7fa6d4b6b000 rw-p 0000d000 08:06 4220021                    /usr/lib/libgbm.so.1.0.0
7fa6d4b6b000-7fa6d4b87000 r-xp 00000000 08:06 4219501                    /usr/lib/libgraphite2.so.3.0.1
7fa6d4b87000-7fa6d4d86000 ---p 0001c000 08:06 4219501                    /usr/lib/libgraphite2.so.3.0.1
7fa6d4d86000-7fa6d4d88000 r--p 0001b000 08:06 4219501                    /usr/lib/libgraphite2.so.3.0.1
7fa6d4d88000-7fa6d4d89000 rw-p 0001d000 08:06 4219501                    /usr/lib/libgraphite2.so.3.0.1
7fa6d4d89000-7fa6d4d95000 r-xp 00000000 08:06 4219756                    /usr/lib/libdrm.so.2.4.0
7fa6d4d95000-7fa6d4f95000 ---p 0000c000 08:06 4219756                    /usr/lib/libdrm.so.2.4.0
7fa6d4f95000-7fa6d4f96000 r--p 0000c000 08:06 4219756                    /usr/lib/libdrm.so.2.4.0
7fa6d4f96000-7fa6d4f97000 rw-p 0000d000 08:06 4219756                    /usr/lib/libdrm.so.2.4.0
7fa6d4f97000-7fa6d4f98000 r-xp 00000000 08:06 4219951                    /usr/lib/libxshmfence.so.1.0.0
7fa6d4f98000-7fa6d5198000 ---p 00001000 08:06 4219951                    /usr/lib/libxshmfence.so.1.0.0
7fa6d5198000-7fa6d5199000 r--p 00001000 08:06 4219951                    /usr/lib/libxshmfence.so.1.0.0
7fa6d5199000-7fa6d519a000 rw-p 00002000 08:06 4219951                    /usr/lib/libxshmfence.so.1.0.0
7fa6d519a000-7fa6d519f000 r-xp 00000000 08:06 4218553                    /usr/lib/libxcb-sync.so.1.0.0
7fa6d519f000-7fa6d539f000 ---p 00005000 08:06 4218553                    /usr/lib/libxcb-sync.so.1.0.0
7fa6d539f000-7fa6d53a0000 r--p 00005000 08:06 4218553                    /usr/lib/libxcb-sync.so.1.0.0
7fa6d53a0000-7fa6d53a1000 rw-p 00006000 08:06 4218553                    /usr/lib/libxcb-sync.so.1.0.0
7fa6d53a1000-7fa6d53a4000 r-xp 00000000 08:06 4218522                    /usr/lib/libxcb-shape.so.0.0.0
7fa6d53a4000-7fa6d55a3000 ---p 00003000 08:06 4218522                    /usr/lib/libxcb-shape.so.0.0.0
7fa6d55a3000-7fa6d55a4000 r--p 00002000 08:06 4218522                    /usr/lib/libxcb-shape.so.0.0.0
7fa6d55a4000-7fa6d55a5000 rw-p 00003000 08:06 4218522                    /usr/lib/libxcb-shape.so.0.0.0
7fa6d55a5000-7fa6d55ab000 r-xp 00000000 08:06 4218504                    /usr/lib/libxcb-xfixes.so.0.0.0
7fa6d55ab000-7fa6d57ab000 ---p 00006000 08:06 4218504                    /usr/lib/libxcb-xfixes.so.0.0.0
7fa6d57ab000-7fa6d57ac000 r--p 00006000 08:06 4218504                    /usr/lib/libxcb-xfixes.so.0.0.0
7fa6d57ac000-7fa6d57ad000 rw-p 00007000 08:06 4218504                    /usr/lib/libxcb-xfixes.so.0.0.0
7fa6d57ad000-7fa6d57ba000 r-xp 00000000 08:06 4218561                    /usr/lib/libxcb-randr.so.0.1.0
7fa6d57ba000-7fa6d59b9000 ---p 0000d000 08:06 4218561                    /usr/lib/libxcb-randr.so.0.1.0
7fa6d59b9000-7fa6d59ba000 r--p 0000c000 08:06 4218561                    /usr/lib/libxcb-randr.so.0.1.0
7fa6d59ba000-7fa6d59bb000 rw-p 0000d000 08:06 4218561                    /usr/lib/libxcb-randr.so.0.1.0
7fa6d59bb000-7fa6d59bd000 r-xp 00000000 08:06 4218540                    /usr/lib/libxcb-present.so.0.0.0
7fa6d59bd000-7fa6d5bbc000 ---p 00002000 08:06 4218540                    /usr/lib/libxcb-present.so.0.0.0
7fa6d5bbc000-7fa6d5bbd000 r--p 00001000 08:06 4218540                    /usr/lib/libxcb-present.so.0.0.0
7fa6d5bbd000-7fa6d5bbe000 rw-p 00002000 08:06 4218540                    /usr/lib/libxcb-present.so.0.0.0
7fa6d5bbe000-7fa6d5bc0000 r-xp 00000000 08:06 4218512                    /usr/lib/libxcb-dri3.so.0.0.0
7fa6d5bc0000-7fa6d5dbf000 ---p 00002000 08:06 4218512                    /usr/lib/libxcb-dri3.so.0.0.0
7fa6d5dbf000-7fa6d5dc0000 r--p 00001000 08:06 4218512                    /usr/lib/libxcb-dri3.so.0.0.0
7fa6d5dc0000-7fa6d5dc1000 rw-p 00002000 08:06 4218512                    /usr/lib/libxcb-dri3.so.0.0.0
7fa6d5dc1000-7fa6d5dc5000 r-xp 00000000 08:06 4218537                    /usr/lib/libxcb-dri2.so.0.0.0
7fa6d5dc5000-7fa6d5fc4000 ---p 00004000 08:06 4218537                    /usr/lib/libxcb-dri2.so.0.0.0
7fa6d5fc4000-7fa6d5fc5000 r--p 00003000 08:06 4218537                    /usr/lib/libxcb-dri2.so.0.0.0
7fa6d5fc5000-7fa6d5fc6000 rw-p 00004000 08:06 4218537                    /usr/lib/libxcb-dri2.so.0.0.0
7fa6d5fc6000-7fa6d5fdd000 r-xp 00000000 08:06 4218511                    /usr/lib/libxcb-glx.so.0.0.0
7fa6d5fdd000-7fa6d61dd000 ---p 00017000 08:06 4218511                    /usr/lib/libxcb-glx.so.0.0.0
7fa6d61dd000-7fa6d61df000 r--p 00017000 08:06 4218511                    /usr/lib/libxcb-glx.so.0.0.0
7fa6d61df000-7fa6d61e0000 rw-p 00019000 08:06 4218511                    /usr/lib/libxcb-glx.so.0.0.0
7fa6d61e0000-7fa6d61e1000 r-xp 00000000 08:06 4218607                    /usr/lib/libX11-xcb.so.1.0.0
7fa6d61e1000-7fa6d63e0000 ---p 00001000 08:06 4218607                    /usr/lib/libX11-xcb.so.1.0.0
7fa6d63e0000-7fa6d63e1000 r--p 00000000 08:06 4218607                    /usr/lib/libX11-xcb.so.1.0.0
7fa6d63e1000-7fa6d63e2000 rw-p 00001000 08:06 4218607                    /usr/lib/libX11-xcb.so.1.0.0
7fa6d63e2000-7fa6d6408000 r-xp 00000000 08:06 4220036                    /usr/lib/libglapi.so.0.0.0
7fa6d6408000-7fa6d6608000 ---p 00026000 08:06 4220036                    /usr/lib/libglapi.so.0.0.0
7fa6d6608000-7fa6d660b000 r--p 00026000 08:06 4220036                    /usr/lib/libglapi.so.0.0.0
7fa6d660b000-7fa6d660c000 rw-p 00029000 08:06 4220036                    /usr/lib/libglapi.so.0.0.0
7fa6d660c000-7fa6d660d000 rw-p 00000000 00:00 0 
7fa6d660d000-7fa6d661c000 r-xp 00000000 08:06 4200561                    /usr/lib/libbz2.so.1.0.6
7fa6d661c000-7fa6d681b000 ---p 0000f000 08:06 4200561                    /usr/lib/libbz2.so.1.0.6
7fa6d681b000-7fa6d681d000 rw-p 0000e000 08:06 4200561                    /usr/lib/libbz2.so.1.0.6
7fa6d681d000-7fa6d6844000 r-xp 00000000 08:06 4205198                    /usr/lib/libexpat.so.1.6.0
7fa6d6844000-7fa6d6a43000 ---p 00027000 08:06 4205198                    /usr/lib/libexpat.so.1.6.0
7fa6d6a43000-7fa6d6a46000 r--p 00026000 08:06 4205198                    /usr/lib/libexpat.so.1.6.0
7fa6d6a46000-7fa6d6a47000 rw-p 00029000 08:06 4205198                    /usr/lib/libexpat.so.1.6.0
7fa6d6a47000-7fa6d6a5b000 r-xp 00000000 08:06 4197469                    /usr/lib/libresolv-2.21.so
7fa6d6a5b000-7fa6d6c5a000 ---p 00014000 08:06 4197469                    /usr/lib/libresolv-2.21.so
7fa6d6c5a000-7fa6d6c5b000 r--p 00013000 08:06 4197469                    /usr/lib/libresolv-2.21.so
7fa6d6c5b000-7fa6d6c5c000 rw-p 00014000 08:06 4197469                    /usr/lib/libresolv-2.21.so
7fa6d6c5c000-7fa6d6c5e000 rw-p 00000000 00:00 0 
7fa6d6c5e000-7fa6d6ccc000 r-xp 00000000 08:06 4205228                    /usr/lib/libpcre.so.1.2.5
7fa6d6ccc000-7fa6d6ecc000 ---p 0006e000 08:06 4205228                    /usr/lib/libpcre.so.1.2.5
7fa6d6ecc000-7fa6d6ecd000 r--p 0006e000 08:06 4205228                    /usr/lib/libpcre.so.1.2.5
7fa6d6ecd000-7fa6d6ece000 rw-p 0006f000 08:06 4205228                    /usr/lib/libpcre.so.1.2.5
7fa6d6ece000-7fa6d6ed6000 r-xp 00000000 08:06 4205355                    /usr/lib/libffi.so.6.0.4
7fa6d6ed6000-7fa6d70d5000 ---p 00008000 08:06 4205355                    /usr/lib/libffi.so.6.0.4
7fa6d70d5000-7fa6d70d6000 r--p 00007000 08:06 4205355                    /usr/lib/libffi.so.6.0.4
7fa6d70d6000-7fa6d70d7000 rw-p 00008000 08:06 4205355                    /usr/lib/libffi.so.6.0.4
7fa6d70d7000-7fa6d70f8000 r-xp 00000000 08:06 4218525                    /usr/lib/libxcb.so.1.1.0
7fa6d70f8000-7fa6d72f7000 ---p 00021000 08:06 4218525                    /usr/lib/libxcb.so.1.1.0
7fa6d72f7000-7fa6d72f8000 r--p 00020000 08:06 4218525                    /usr/lib/libxcb.so.1.1.0
7fa6d72f8000-7fa6d72f9000 rw-p 00021000 08:06 4218525                    /usr/lib/libxcb.so.1.1.0
7fa6d72f9000-7fa6d7302000 r-xp 00000000 08:06 4218507                    /usr/lib/libxcb-render.so.0.0.0
7fa6d7302000-7fa6d7501000 ---p 00009000 08:06 4218507                    /usr/lib/libxcb-render.so.0.0.0
7fa6d7501000-7fa6d7502000 r--p 00008000 08:06 4218507                    /usr/lib/libxcb-render.so.0.0.0
7fa6d7502000-7fa6d7503000 rw-p 00009000 08:06 4218507                    /usr/lib/libxcb-render.so.0.0.0
7fa6d7503000-7fa6d7505000 r-xp 00000000 08:06 4218534                    /usr/lib/libxcb-shm.so.0.0.0
7fa6d7505000-7fa6d7705000 ---p 00002000 08:06 4218534                    /usr/lib/libxcb-shm.so.0.0.0
7fa6d7705000-7fa6d7706000 r--p 00002000 08:06 4218534                    /usr/lib/libxcb-shm.so.0.0.0
7fa6d7706000-7fa6d7707000 rw-p 00003000 08:06 4218534                    /usr/lib/libxcb-shm.so.0.0.0
7fa6d7707000-7fa6d773c000 r-xp 00000000 08:06 4216214                    /usr/lib/libpng16.so.16.16.0
7fa6d773c000-7fa6d793b000 ---p 00035000 08:06 4216214                    /usr/lib/libpng16.so.16.16.0
7fa6d793b000-7fa6d793c000 r--p 00034000 08:06 4216214                    /usr/lib/libpng16.so.16.16.0
7fa6d793c000-7fa6d793d000 rw-p 00035000 08:06 4216214                    /usr/lib/libpng16.so.16.16.0
7fa6d793d000-7fa6d7965000 r-xp 00000000 08:06 4729633                    /usr/lib/mesa/libEGL.so.1.0.0
7fa6d7965000-7fa6d7b65000 ---p 00028000 08:06 4729633                    /usr/lib/mesa/libEGL.so.1.0.0
7fa6d7b65000-7fa6d7b66000 r--p 00028000 08:06 4729633                    /usr/lib/mesa/libEGL.so.1.0.0
7fa6d7b66000-7fa6d7b67000 rw-p 00029000 08:06 4729633                    /usr/lib/mesa/libEGL.so.1.0.0
7fa6d7b67000-7fa6d7b68000 rw-p 00000000 00:00 0 
7fa6d7b68000-7fa6d7c0d000 r-xp 00000000 08:06 4219737                    /usr/lib/libpixman-1.so.0.32.6
7fa6d7c0d000-7fa6d7e0c000 ---p 000a5000 08:06 4219737                    /usr/lib/libpixman-1.so.0.32.6
7fa6d7e0c000-7fa6d7e14000 r--p 000a4000 08:06 4219737                    /usr/lib/libpixman-1.so.0.32.6
7fa6d7e14000-7fa6d7e15000 rw-p 000ac000 08:06 4219737                    /usr/lib/libpixman-1.so.0.32.6
7fa6d7e15000-7fa6d7e6f000 r-xp 00000000 08:06 4219510                    /usr/lib/libharfbuzz.so.0.941.0
7fa6d7e6f000-7fa6d806f000 ---p 0005a000 08:06 4219510                    /usr/lib/libharfbuzz.so.0.941.0
7fa6d806f000-7fa6d8070000 r--p 0005a000 08:06 4219510                    /usr/lib/libharfbuzz.so.0.941.0
7fa6d8070000-7fa6d8071000 rw-p 0005b000 08:06 4219510                    /usr/lib/libharfbuzz.so.0.941.0
7fa6d8071000-7fa6d8082000 r-xp 00000000 08:06 4219497                    /usr/lib/libXext.so.6.4.0
7fa6d8082000-7fa6d8281000 ---p 00011000 08:06 4219497                    /usr/lib/libXext.so.6.4.0
7fa6d8281000-7fa6d8282000 r--p 00010000 08:06 4219497                    /usr/lib/libXext.so.6.4.0
7fa6d8282000-7fa6d8283000 rw-p 00011000 08:06 4219497                    /usr/lib/libXext.so.6.4.0
7fa6d8283000-7fa6d8285000 r-xp 00000000 08:06 4219947                    /usr/lib/libXdamage.so.1.1.0
7fa6d8285000-7fa6d8484000 ---p 00002000 08:06 4219947                    /usr/lib/libXdamage.so.1.1.0
7fa6d8484000-7fa6d8485000 r--p 00001000 08:06 4219947                    /usr/lib/libXdamage.so.1.1.0
7fa6d8485000-7fa6d8486000 rw-p 00002000 08:06 4219947                    /usr/lib/libXdamage.so.1.1.0
7fa6d8486000-7fa6d8488000 r-xp 00000000 08:06 4220274                    /usr/lib/libXcomposite.so.1.0.0
7fa6d8488000-7fa6d8687000 ---p 00002000 08:06 4220274                    /usr/lib/libXcomposite.so.1.0.0
7fa6d8687000-7fa6d8688000 r--p 00001000 08:06 4220274                    /usr/lib/libXcomposite.so.1.0.0
7fa6d8688000-7fa6d8689000 rw-p 00002000 08:06 4220274                    /usr/lib/libXcomposite.so.1.0.0
7fa6d8689000-7fa6d8693000 r-xp 00000000 08:06 4220151                    /usr/lib/libXcursor.so.1.0.2
7fa6d8693000-7fa6d8892000 ---p 0000a000 08:06 4220151                    /usr/lib/libXcursor.so.1.0.2
7fa6d8892000-7fa6d8893000 r--p 00009000 08:06 4220151                    /usr/lib/libXcursor.so.1.0.2
7fa6d8893000-7fa6d8894000 rw-p 0000a000 08:06 4220151                    /usr/lib/libXcursor.so.1.0.2
7fa6d8894000-7fa6d889e000 r-xp 00000000 08:06 4220182                    /usr/lib/libXrandr.so.2.2.0
7fa6d889e000-7fa6d8a9d000 ---p 0000a000 08:06 4220182                    /usr/lib/libXrandr.so.2.2.0
7fa6d8a9d000-7fa6d8a9e000 r--p 00009000 08:06 4220182                    /usr/lib/libXrandr.so.2.2.0
7fa6d8a9e000-7fa6d8a9f000 rw-p 0000a000 08:06 4220182                    /usr/lib/libXrandr.so.2.2.0
7fa6d8a9f000-7fa6d8aae000 r-xp 00000000 08:06 4220259                    /usr/lib/libXi.so.6.1.0
7fa6d8aae000-7fa6d8cae000 ---p 0000f000 08:06 4220259                    /usr/lib/libXi.so.6.1.0
7fa6d8cae000-7fa6d8caf000 r--p 0000f000 08:06 4220259                    /usr/lib/libXi.so.6.1.0
7fa6d8caf000-7fa6d8cb0000 rw-p 00010000 08:06 4220259                    /usr/lib/libXi.so.6.1.0
7fa6d8cb0000-7fa6d8cb2000 r-xp 00000000 08:06 4220154                    /usr/lib/libXinerama.so.1.0.0
7fa6d8cb2000-7fa6d8eb1000 ---p 00002000 08:06 4220154                    /usr/lib/libXinerama.so.1.0.0
7fa6d8eb1000-7fa6d8eb2000 r--p 00001000 08:06 4220154                    /usr/lib/libXinerama.so.1.0.0
7fa6d8eb2000-7fa6d8eb3000 rw-p 00002000 08:06 4220154                    /usr/lib/libXinerama.so.1.0.0
7fa6d8eb3000-7fa6d8ebc000 r-xp 00000000 08:06 4219431                    /usr/lib/libXrender.so.1.3.0
7fa6d8ebc000-7fa6d90bb000 ---p 00009000 08:06 4219431                    /usr/lib/libXrender.so.1.3.0
7fa6d90bb000-7fa6d90bc000 r--p 00008000 08:06 4219431                    /usr/lib/libXrender.so.1.3.0
7fa6d90bc000-7fa6d90bd000 rw-p 00009000 08:06 4219431                    /usr/lib/libXrender.so.1.3.0
7fa6d90bd000-7fa6d90c2000 r-xp 00000000 08:06 4219941                    /usr/lib/libXfixes.so.3.1.0
7fa6d90c2000-7fa6d92c1000 ---p 00005000 08:06 4219941                    /usr/lib/libXfixes.so.3.1.0
7fa6d92c1000-7fa6d92c2000 r--p 00004000 08:06 4219941                    /usr/lib/libXfixes.so.3.1.0
7fa6d92c2000-7fa6d92c3000 rw-p 00005000 08:06 4219941                    /usr/lib/libXfixes.so.3.1.0
7fa6d92c3000-7fa6d92c6000 r-xp 00000000 08:06 4205449                    /usr/lib/libgmodule-2.0.so.0.4400.1
7fa6d92c6000-7fa6d94c5000 ---p 00003000 08:06 4205449                    /usr/lib/libgmodule-2.0.so.0.4400.1
7fa6d94c5000-7fa6d94c6000 r--p 00002000 08:06 4205449                    /usr/lib/libgmodule-2.0.so.0.4400.1
7fa6d94c6000-7fa6d94c7000 rw-p 00003000 08:06 4205449                    /usr/lib/libgmodule-2.0.so.0.4400.1
7fa6d94c7000-7fa6d94dd000 r-xp 00000000 08:06 4197840                    /usr/lib/libgcc_s.so.1
7fa6d94dd000-7fa6d96dc000 ---p 00016000 08:06 4197840                    /usr/lib/libgcc_s.so.1
7fa6d96dc000-7fa6d96dd000 rw-p 00015000 08:06 4197840                    /usr/lib/libgcc_s.so.1
7fa6d96dd000-7fa6d984f000 r-xp 00000000 08:06 4197847                    /usr/lib/libstdc++.so.6.0.21
7fa6d984f000-7fa6d9a4f000 ---p 00172000 08:06 4197847                    /usr/lib/libstdc++.so.6.0.21
7fa6d9a4f000-7fa6d9a59000 r--p 00172000 08:06 4197847                    /usr/lib/libstdc++.so.6.0.21
7fa6d9a59000-7fa6d9a5b000 rw-p 0017c000 08:06 4197847                    /usr/lib/libstdc++.so.6.0.21
7fa6d9a5b000-7fa6d9a5f000 rw-p 00000000 00:00 0 
7fa6d9a5f000-7fa6d9af7000 r-xp 00000000 08:06 4722428                    /usr/lib/mesa/libGL.so.1.2.0
7fa6d9af7000-7fa6d9cf6000 ---p 00098000 08:06 4722428                    /usr/lib/mesa/libGL.so.1.2.0
7fa6d9cf6000-7fa6d9cf9000 r--p 00097000 08:06 4722428                    /usr/lib/mesa/libGL.so.1.2.0
7fa6d9cf9000-7fa6d9cfa000 rw-p 0009a000 08:06 4722428                    /usr/lib/mesa/libGL.so.1.2.0
7fa6d9cfa000-7fa6d9cfb000 rw-p 00000000 00:00 0 
7fa6d9cfb000-7fa6d9d00000 r-xp 00000000 08:06 4219936                    /usr/lib/libXxf86vm.so.1.0.0
7fa6d9d00000-7fa6d9eff000 ---p 00005000 08:06 4219936                    /usr/lib/libXxf86vm.so.1.0.0
7fa6d9eff000-7fa6d9f00000 r--p 00004000 08:06 4219936                    /usr/lib/libXxf86vm.so.1.0.0
7fa6d9f00000-7fa6d9f01000 rw-p 00005000 08:06 4219936                    /usr/lib/libXxf86vm.so.1.0.0
7fa6d9f01000-7fa6da03c000 r-xp 00000000 08:06 4218606                    /usr/lib/libX11.so.6.3.0
7fa6da03c000-7fa6da23b000 ---p 0013b000 08:06 4218606                    /usr/lib/libX11.so.6.3.0
7fa6da23b000-7fa6da23d000 r--p 0013a000 08:06 4218606                    /usr/lib/libX11.so.6.3.0
7fa6da23d000-7fa6da242000 rw-p 0013c000 08:06 4218606                    /usr/lib/libX11.so.6.3.0
7fa6da242000-7fa6da243000 rw-p 00000000 00:00 0 
7fa6da243000-7fa6da248000 r-xp 00000000 08:06 4221635                    /usr/lib/libXtst.so.6.1.0
7fa6da248000-7fa6da447000 ---p 00005000 08:06 4221635                    /usr/lib/libXtst.so.6.1.0
7fa6da447000-7fa6da448000 r--p 00004000 08:06 4221635                    /usr/lib/libXtst.so.6.1.0
7fa6da448000-7fa6da449000 rw-p 00005000 08:06 4221635                    /usr/lib/libXtst.so.6.1.0
7fa6da449000-7fa6da555000 r-xp 00000000 08:06 4205448                    /usr/lib/libglib-2.0.so.0.4400.1
7fa6da555000-7fa6da754000 ---p 0010c000 08:06 4205448                    /usr/lib/libglib-2.0.so.0.4400.1
7fa6da754000-7fa6da755000 r--p 0010b000 08:06 4205448                    /usr/lib/libglib-2.0.so.0.4400.1
7fa6da755000-7fa6da756000 rw-p 0010c000 08:06 4205448                    /usr/lib/libglib-2.0.so.0.4400.1
7fa6da756000-7fa6da757000 rw-p 00000000 00:00 0 
7fa6da757000-7fa6da758000 r-xp 00000000 08:06 4205450                    /usr/lib/libgthread-2.0.so.0.4400.1
7fa6da758000-7fa6da957000 ---p 00001000 08:06 4205450                    /usr/lib/libgthread-2.0.so.0.4400.1
7fa6da957000-7fa6da958000 r--p 00000000 08:06 4205450                    /usr/lib/libgthread-2.0.so.0.4400.1
7fa6da958000-7fa6da959000 rw-p 00001000 08:06 4205450                    /usr/lib/libgthread-2.0.so.0.4400.1
7fa6da959000-7fa6daa0f000 r-xp 00000000 08:06 4219523                    /usr/lib/libfreetype.so.6.11.4
7fa6daa0f000-7fa6dac0f000 ---p 000b6000 08:06 4219523                    /usr/lib/libfreetype.so.6.11.4
7fa6dac0f000-7fa6dac15000 r--p 000b6000 08:06 4219523                    /usr/lib/libfreetype.so.6.11.4
7fa6dac15000-7fa6dac16000 rw-p 000bc000 08:06 4219523                    /usr/lib/libfreetype.so.6.11.4
7fa6dac16000-7fa6dac51000 r-xp 00000000 08:06 4219732                    /usr/lib/libfontconfig.so.1.8.0
7fa6dac51000-7fa6dae50000 ---p 0003b000 08:06 4219732                    /usr/lib/libfontconfig.so.1.8.0
7fa6dae50000-7fa6dae52000 r--p 0003a000 08:06 4219732                    /usr/lib/libfontconfig.so.1.8.0
7fa6dae52000-7fa6dae53000 rw-p 0003c000 08:06 4219732                    /usr/lib/libfontconfig.so.1.8.0
7fa6dae53000-7fa6daea2000 r-xp 00000000 08:06 4205451                    /usr/lib/libgobject-2.0.so.0.4400.1
7fa6daea2000-7fa6db0a2000 ---p 0004f000 08:06 4205451                    /usr/lib/libgobject-2.0.so.0.4400.1
7fa6db0a2000-7fa6db0a3000 r--p 0004f000 08:06 4205451                    /usr/lib/libgobject-2.0.so.0.4400.1
7fa6db0a3000-7fa6db0a4000 rw-p 00050000 08:06 4205451                    /usr/lib/libgobject-2.0.so.0.4400.1
7fa6db0a4000-7fa6db0ed000 r-xp 00000000 08:06 4220109                    /usr/lib/libpango-1.0.so.0.3600.8
7fa6db0ed000-7fa6db2ed000 ---p 00049000 08:06 4220109                    /usr/lib/libpango-1.0.so.0.3600.8
7fa6db2ed000-7fa6db2ef000 r--p 00049000 08:06 4220109                    /usr/lib/libpango-1.0.so.0.3600.8
7fa6db2ef000-7fa6db2f0000 rw-p 0004b000 08:06 4220109                    /usr/lib/libpango-1.0.so.0.3600.8
7fa6db2f0000-7fa6db304000 r-xp 00000000 08:06 4220110                    /usr/lib/libpangoft2-1.0.so.0.3600.8
7fa6db304000-7fa6db504000 ---p 00014000 08:06 4220110                    /usr/lib/libpangoft2-1.0.so.0.3600.8
7fa6db504000-7fa6db505000 r--p 00014000 08:06 4220110                    /usr/lib/libpangoft2-1.0.so.0.3600.8
7fa6db505000-7fa6db506000 rw-p 00015000 08:06 4220110                    /usr/lib/libpangoft2-1.0.so.0.3600.8
7fa6db506000-7fa6db67c000 r-xp 00000000 08:06 4205452                    /usr/lib/libgio-2.0.so.0.4400.1
7fa6db67c000-7fa6db87c000 ---p 00176000 08:06 4205452                    /usr/lib/libgio-2.0.so.0.4400.1
7fa6db87c000-7fa6db880000 r--p 00176000 08:06 4205452                    /usr/lib/libgio-2.0.so.0.4400.1
7fa6db880000-7fa6db882000 rw-p 0017a000 08:06 4205452                    /usr/lib/libgio-2.0.so.0.4400.1
7fa6db882000-7fa6db884000 rw-p 00000000 00:00 0 
7fa6db884000-7fa6db8a8000 r-xp 00000000 08:06 4220672                    /usr/lib/libgdk_pixbuf-2.0.so.0.3100.4
7fa6db8a8000-7fa6dbaa8000 ---p 00024000 08:06 4220672                    /usr/lib/libgdk_pixbuf-2.0.so.0.3100.4
7fa6dbaa8000-7fa6dbaa9000 r--p 00024000 08:06 4220672                    /usr/lib/libgdk_pixbuf-2.0.so.0.3100.4
7fa6dbaa9000-7fa6dbaaa000 rw-p 00025000 08:06 4220672                    /usr/lib/libgdk_pixbuf-2.0.so.0.3100.4
7fa6dbaaa000-7fa6dbbd4000 r-xp 00000000 08:06 4220063                    /usr/lib/libcairo.so.2.11400.2
7fa6dbbd4000-7fa6dbdd4000 ---p 0012a000 08:06 4220063                    /usr/lib/libcairo.so.2.11400.2
7fa6dbdd4000-7fa6dbdd7000 r--p 0012a000 08:06 4220063                    /usr/lib/libcairo.so.2.11400.2
7fa6dbdd7000-7fa6dbdd9000 rw-p 0012d000 08:06 4220063                    /usr/lib/libcairo.so.2.11400.2
7fa6dbdd9000-7fa6dbdda000 rw-p 00000000 00:00 0 
7fa6dbdda000-7fa6dbdfd000 r-xp 00000000 08:06 4251519                    /usr/lib/libatk-1.0.so.0.21609.1
7fa6dbdfd000-7fa6dbffc000 ---p 00023000 08:06 4251519                    /usr/lib/libatk-1.0.so.0.21609.1
7fa6dbffc000-7fa6dbfff000 r--p 00022000 08:06 4251519                    /usr/lib/libatk-1.0.so.0.21609.1
7fa6dbfff000-7fa6dc000000 rw-p 00025000 08:06 4251519                    /usr/lib/libatk-1.0.so.0.21609.1
7fa6dc000000-7fa6dc021000 rw-p 00000000 00:00 0 
7fa6dc021000-7fa6e0000000 ---p 00000000 00:00 0 
7fa6e0000000-7fa6e06f7000 rw-p 00000000 00:00 0 
7fa6e06f7000-7fa6e4000000 ---p 00000000 00:00 0 
7fa6e4000000-7fa6e474a000 rw-p 00000000 00:00 0 
7fa6e474a000-7fa6e8000000 ---p 00000000 00:00 0 
7fa6e8000000-7fa6e8021000 rw-p 00000000 00:00 0 
7fa6e8021000-7fa6ec000000 ---p 00000000 00:00 0 
7fa6ec000000-7fa6ec021000 rw-p 00000000 00:00 0 
7fa6ec021000-7fa6f0000000 ---p 00000000 00:00 0 
7fa6f0000000-7fa6f07dd000 rw-p 00000000 00:00 0 
7fa6f07dd000-7fa6f4000000 ---p 00000000 00:00 0 
7fa6f4000000-7fa6f4021000 rw-p 00000000 00:00 0 
7fa6f4021000-7fa6f8000000 ---p 00000000 00:00 0 
7fa6f8000000-7fa6f8021000 rw-p 00000000 00:00 0 
7fa6f8021000-7fa6fc000000 ---p 00000000 00:00 0 
7fa6fc000000-7fa6fc021000 rw-p 00000000 00:00 0 
7fa6fc021000-7fa700000000 ---p 00000000 00:00 0 
7fa700000000-7fa700021000 rw-p 00000000 00:00 0 
7fa700021000-7fa704000000 ---p 00000000 00:00 0 
7fa704000000-7fa704021000 rw-p 00000000 00:00 0 
7fa704021000-7fa708000000 ---p 00000000 00:00 0 
7fa70800a000-7fa708015000 r--s 00116000 08:06 4466394                    /usr/lib/jvm/java-8-openjdk/jre/lib/ext/localedata.jar
7fa708015000-7fa708016000 rw-s 13bbcd000 00:06 9505                      /dev/dri/card0
7fa708016000-7fa708017000 rw-s 13bbcc000 00:06 9505                      /dev/dri/card0
7fa708017000-7fa708027000 rw-s 13bbbc000 00:06 9505                      /dev/dri/card0
7fa708027000-7fa708028000 rw-s 13b2f1000 00:06 9505                      /dev/dri/card0
7fa708028000-7fa708029000 rw-s 13b2f0000 00:06 9505                      /dev/dri/card0
7fa708031000-7fa708032000 rw-s 139318000 00:06 9505                      /dev/dri/card0
7fa708032000-7fa708033000 rw-s 139308000 00:06 9505                      /dev/dri/card0
7fa708033000-7fa708034000 rw-s 1392dd000 00:06 9505                      /dev/dri/card0
7fa708034000-7fa708035000 rw-s 1392dc000 00:06 9505                      /dev/dri/card0
7fa70803a000-7fa70803b000 rw-s 139267000 00:06 9505                      /dev/dri/card0
7fa70803b000-7fa70803c000 rw-s 139260000 00:06 9505                      /dev/dri/card0
7fa70803c000-7fa70803e000 rw-s 16eefe000 00:06 9505                      /dev/dri/card0
7fa70803e000-7fa70803f000 rw-s 13922c000 00:06 9505                      /dev/dri/card0
7fa70803f000-7fa708040000 rw-s 139883000 00:06 9505                      /dev/dri/card0
7fa708040000-7fa708041000 rw-s 16dffb000 00:06 9505                      /dev/dri/card0
7fa708041000-7fa708042000 rw-p 00000000 00:00 0 
7fa708042000-7fa708047000 r--s 002f8000 08:06 4466376                    /usr/lib/jvm/java-8-openjdk/jre/lib/charsets.jar
7fa708047000-7fa708048000 rw-p 00000000 00:00 0 
7fa708048000-7fa708049000 rw-s 16eedb000 00:06 9505                      /dev/dri/card0
7fa708049000-7fa70804a000 rw-s 17356b000 00:06 9505                      /dev/dri/card0
7fa70804a000-7fa70804b000 rw-s 16ef24000 00:06 9505                      /dev/dri/card0
7fa70804b000-7fa70804c000 rw-p 00000000 00:00 0 
7fa70804c000-7fa70804d000 rw-s 139876000 00:06 9505                      /dev/dri/card0
7fa70804d000-7fa70805d000 rw-s 139866000 00:06 9505                      /dev/dri/card0
7fa70805d000-7fa70805e000 rw-s 173568000 00:06 9505                      /dev/dri/card0
7fa70805e000-7fa70805f000 rw-s 16ab97000 00:06 9505                      /dev/dri/card0
7fa70805f000-7fa708060000 rw-s 16ab96000 00:06 9505                      /dev/dri/card0
7fa708060000-7fa708061000 rw-s 16960a000 00:06 9505                      /dev/dri/card0
7fa708061000-7fa708062000 rw-s 169609000 00:06 9505                      /dev/dri/card0
7fa708062000-7fa708063000 rw-s 169608000 00:06 9505                      /dev/dri/card0
7fa708063000-7fa708076000 r--s 00345000 08:06 4466373                    /usr/lib/jvm/java-8-openjdk/jre/lib/resources.jar
7fa708076000-7fa70807b000 r--s 00094000 08:06 4466377                    /usr/lib/jvm/java-8-openjdk/jre/lib/jsse.jar
7fa70807b000-7fa708094000 r--s 00000000 08:06 4992948                    /var/cache/fontconfig/8d4af663993b81a124ee82e610bb31f9-le64.cache-4
7fa708094000-7fa70809e000 r--s 00000000 08:06 4982897                    /var/cache/fontconfig/d62e99ef547d1d24cdb1bd22ec1a2976-le64.cache-4
7fa70809e000-7fa7080c7000 r--p 00000000 08:06 4220797                    /usr/share/locale/pt/LC_MESSAGES/gtk20-properties.mo
7fa7080c7000-7fa7080f0000 r--p 00000000 08:06 4220795                    /usr/share/locale/pt_BR/LC_MESSAGES/gtk20-properties.mo
7fa7080f0000-7fa7080ff000 r--p 00000000 08:06 4220794                    /usr/share/locale/pt_BR/LC_MESSAGES/gtk20.mo
7fa7080ff000-7fa708121000 rw-p 00000000 00:00 0 
7fa708121000-7fa70812d000 r-xp 00000000 08:06 4220112                    /usr/lib/libpangocairo-1.0.so.0.3600.8
7fa70812d000-7fa70832c000 ---p 0000c000 08:06 4220112                    /usr/lib/libpangocairo-1.0.so.0.3600.8
7fa70832c000-7fa70832d000 r--p 0000b000 08:06 4220112                    /usr/lib/libpangocairo-1.0.so.0.3600.8
7fa70832d000-7fa70832e000 rw-p 0000c000 08:06 4220112                    /usr/lib/libpangocairo-1.0.so.0.3600.8
7fa70832e000-7fa7083de000 r-xp 00000000 08:06 4220721                    /usr/lib/libgdk-x11-2.0.so.0.2400.28
7fa7083de000-7fa7085de000 ---p 000b0000 08:06 4220721                    /usr/lib/libgdk-x11-2.0.so.0.2400.28
7fa7085de000-7fa7085e2000 r--p 000b0000 08:06 4220721                    /usr/lib/libgdk-x11-2.0.so.0.2400.28
7fa7085e2000-7fa7085e4000 rw-p 000b4000 08:06 4220721                    /usr/lib/libgdk-x11-2.0.so.0.2400.28
7fa7085e4000-7fa708a18000 r-xp 00000000 08:06 4220722                    /usr/lib/libgtk-x11-2.0.so.0.2400.28
7fa708a18000-7fa708c18000 ---p 00434000 08:06 4220722                    /usr/lib/libgtk-x11-2.0.so.0.2400.28
7fa708c18000-7fa708c1f000 r--p 00434000 08:06 4220722                    /usr/lib/libgtk-x11-2.0.so.0.2400.28
7fa708c1f000-7fa708c23000 rw-p 0043b000 08:06 4220722                    /usr/lib/libgtk-x11-2.0.so.0.2400.28
7fa708c23000-7fa708c26000 rw-p 00000000 00:00 0 
7fa708c26000-7fa708c27000 rw-s 169607000 00:06 9505                      /dev/dri/card0
7fa708c27000-7fa708c28000 rw-s 173567000 00:06 9505                      /dev/dri/card0
7fa708c28000-7fa708c29000 rw-s 16dffa000 00:06 9505                      /dev/dri/card0
7fa708c29000-7fa708c32000 r--s 00000000 08:06 4992848                    /var/cache/fontconfig/f349e9996a5320f6dd491cedd2b1f964-le64.cache-4
7fa708c32000-7fa708c42000 rw-s 172ea0000 00:06 9505                      /dev/dri/card0
7fa708c42000-7fa708c64000 rw-p 00000000 00:00 0 
7fa708c64000-7fa708c70000 r-xp 00000000 08:06 4465800                    /usr/lib/jvm/java-8-openjdk/jre/lib/amd64/libprism_es2.so
7fa708c70000-7fa708e6f000 ---p 0000c000 08:06 4465800                    /usr/lib/jvm/java-8-openjdk/jre/lib/amd64/libprism_es2.so
7fa708e6f000-7fa708e70000 rw-p 0000b000 08:06 4465800                    /usr/lib/jvm/java-8-openjdk/jre/lib/amd64/libprism_es2.so
7fa708e70000-7fa708e73000 ---p 00000000 00:00 0 
7fa708e73000-7fa708f71000 rw-p 00000000 00:00 0                          [stack:6671]
7fa708f71000-7fa709007000 r--s 008c8000 08:06 4465764                    /usr/lib/jvm/java-8-openjdk/jre/lib/ext/jfxrt.jar
7fa709007000-7fa709008000 ---p 00000000 00:00 0 
7fa709008000-7fa709108000 rw-p 00000000 00:00 0                          [stack:6670]
7fa709108000-7fa70910b000 ---p 00000000 00:00 0 
7fa70910b000-7fa709209000 rw-p 00000000 00:00 0                          [stack:6669]
7fa709209000-7fa70920c000 ---p 00000000 00:00 0 
7fa70920c000-7fa70930a000 rw-p 00000000 00:00 0                          [stack:6668]
7fa70930a000-7fa70930d000 ---p 00000000 00:00 0 
7fa70930d000-7fa70940b000 rw-p 00000000 00:00 0                          [stack:6667]
7fa70940b000-7fa70940e000 ---p 00000000 00:00 0 
7fa70940e000-7fa70950c000 rw-p 00000000 00:00 0                          [stack:6666]
7fa70950c000-7fa709695000 r--p 00000000 08:06 4233190                    /usr/lib/locale/locale-archive
7fa709695000-7fa709698000 ---p 00000000 00:00 0 
7fa709698000-7fa709796000 rw-p 00000000 00:00 0                          [stack:6665]
7fa709796000-7fa709799000 ---p 00000000 00:00 0 
7fa709799000-7fa709897000 rw-p 00000000 00:00 0                          [stack:6664]
7fa709897000-7fa709898000 ---p 00000000 00:00 0 
7fa709898000-7fa70a30f000 rw-p 00000000 00:00 0                          [stack:6663]
7fa70a30f000-7fa70a4dc000 r--s 03bd3000 08:06 4466374                    /usr/lib/jvm/java-8-openjdk/jre/lib/rt.jar
7fa70a4dc000-7fa70cdfe000 rw-p 00000000 00:00 0 
7fa70cdfe000-7fa70cdff000 ---p 00000000 00:00 0 
7fa70cdff000-7fa70ceff000 rw-p 00000000 00:00 0                          [stack:6660]
7fa70ceff000-7fa70cf00000 ---p 00000000 00:00 0 
7fa70cf00000-7fa70d000000 rw-p 00000000 00:00 0                          [stack:6658]
7fa70d000000-7fa70d980000 rwxp 00000000 00:00 0 
7fa70d980000-7fa71c000000 ---p 00000000 00:00 0 
7fa71c000000-7fa71c2d2000 rw-p 00000000 00:00 0 
7fa71c2d2000-7fa720000000 ---p 00000000 00:00 0 
7fa720000000-7fa72000f000 r--p 00000000 08:06 4197412                    /usr/share/locale/pt_BR/LC_MESSAGES/libc.mo
7fa72000f000-7fa72001f000 rw-s 16d5d5000 00:06 9505                      /dev/dri/card0
7fa72001f000-7fa720053000 rw-p 00000000 00:00 0 
7fa720053000-7fa720188000 ---p 00000000 00:00 0 
7fa720188000-7fa72019b000 rw-p 00000000 00:00 0 
7fa72019b000-7fa7202d0000 ---p 00000000 00:00 0 
7fa7202d0000-7fa7202f8000 rw-p 00000000 00:00 0 
7fa7202f8000-7fa720374000 ---p 00000000 00:00 0 
7fa720374000-7fa72039b000 rw-p 00000000 00:00 0 
7fa72039b000-7fa720735000 ---p 00000000 00:00 0 
7fa720735000-7fa72073d000 r-xp 00000000 08:06 4466434                    /usr/lib/jvm/java-8-openjdk/jre/lib/amd64/libzip.so
7fa72073d000-7fa72093c000 ---p 00008000 08:06 4466434                    /usr/lib/jvm/java-8-openjdk/jre/lib/amd64/libzip.so
7fa72093c000-7fa72093d000 rw-p 00007000 08:06 4466434                    /usr/lib/jvm/java-8-openjdk/jre/lib/amd64/libzip.so
7fa72093d000-7fa720948000 r-xp 00000000 08:06 4197474                    /usr/lib/libnss_files-2.21.so
7fa720948000-7fa720b48000 ---p 0000b000 08:06 4197474                    /usr/lib/libnss_files-2.21.so
7fa720b48000-7fa720b49000 r--p 0000b000 08:06 4197474                    /usr/lib/libnss_files-2.21.so
7fa720b49000-7fa720b4a000 rw-p 0000c000 08:06 4197474                    /usr/lib/libnss_files-2.21.so
7fa720b4a000-7fa720b77000 r-xp 00000000 08:06 4466435                    /usr/lib/jvm/java-8-openjdk/jre/lib/amd64/libjava.so
7fa720b77000-7fa720d77000 ---p 0002d000 08:06 4466435                    /usr/lib/jvm/java-8-openjdk/jre/lib/amd64/libjava.so
7fa720d77000-7fa720d79000 rw-p 0002d000 08:06 4466435                    /usr/lib/jvm/java-8-openjdk/jre/lib/amd64/libjava.so
7fa720d79000-7fa720d86000 r-xp 00000000 08:06 4466426                    /usr/lib/jvm/java-8-openjdk/jre/lib/amd64/libverify.so
7fa720d86000-7fa720f85000 ---p 0000d000 08:06 4466426                    /usr/lib/jvm/java-8-openjdk/jre/lib/amd64/libverify.so
7fa720f85000-7fa720f87000 rw-p 0000c000 08:06 4466426                    /usr/lib/jvm/java-8-openjdk/jre/lib/amd64/libverify.so
7fa720f87000-7fa720f8e000 r-xp 00000000 08:06 4197517                    /usr/lib/librt-2.21.so
7fa720f8e000-7fa72118d000 ---p 00007000 08:06 4197517                    /usr/lib/librt-2.21.so
7fa72118d000-7fa72118e000 r--p 00006000 08:06 4197517                    /usr/lib/librt-2.21.so
7fa72118e000-7fa72118f000 rw-p 00007000 08:06 4197517                    /usr/lib/librt-2.21.so
7fa72118f000-7fa721292000 r-xp 00000000 08:06 4197557                    /usr/lib/libm-2.21.so
7fa721292000-7fa721491000 ---p 00103000 08:06 4197557                    /usr/lib/libm-2.21.so
7fa721491000-7fa721492000 r--p 00102000 08:06 4197557                    /usr/lib/libm-2.21.so
7fa721492000-7fa721493000 rw-p 00103000 08:06 4197557                    /usr/lib/libm-2.21.so
7fa721493000-7fa722134000 r-xp 00000000 08:06 4466458                    /usr/lib/jvm/java-8-openjdk/jre/lib/amd64/server/libjvm.so
7fa722134000-7fa722333000 ---p 00ca1000 08:06 4466458                    /usr/lib/jvm/java-8-openjdk/jre/lib/amd64/server/libjvm.so
7fa722333000-7fa7223ff000 rw-p 00ca0000 08:06 4466458                    /usr/lib/jvm/java-8-openjdk/jre/lib/amd64/server/libjvm.so
7fa7223ff000-7fa722441000 rw-p 00000000 00:00 0 
7fa722441000-7fa7225da000 r-xp 00000000 08:06 4197489                    /usr/lib/libc-2.21.so
7fa7225da000-7fa7227d9000 ---p 00199000 08:06 4197489                    /usr/lib/libc-2.21.so
7fa7227d9000-7fa7227dd000 r--p 00198000 08:06 4197489                    /usr/lib/libc-2.21.so
7fa7227dd000-7fa7227df000 rw-p 0019c000 08:06 4197489                    /usr/lib/libc-2.21.so
7fa7227df000-7fa7227e3000 rw-p 00000000 00:00 0 
7fa7227e3000-7fa7227e6000 r-xp 00000000 08:06 4197532                    /usr/lib/libdl-2.21.so
7fa7227e6000-7fa7229e5000 ---p 00003000 08:06 4197532                    /usr/lib/libdl-2.21.so
7fa7229e5000-7fa7229e6000 r--p 00002000 08:06 4197532                    /usr/lib/libdl-2.21.so
7fa7229e6000-7fa7229e7000 rw-p 00003000 08:06 4197532                    /usr/lib/libdl-2.21.so
7fa7229e7000-7fa7229f4000 r-xp 00000000 08:06 4466455                    /usr/lib/jvm/java-8-openjdk/jre/lib/amd64/jli/libjli.so
7fa7229f4000-7fa722bf4000 ---p 0000d000 08:06 4466455                    /usr/lib/jvm/java-8-openjdk/jre/lib/amd64/jli/libjli.so
7fa722bf4000-7fa722bf5000 rw-p 0000d000 08:06 4466455                    /usr/lib/jvm/java-8-openjdk/jre/lib/amd64/jli/libjli.so
7fa722bf5000-7fa722c0a000 r-xp 00000000 08:06 4200565                    /usr/lib/libz.so.1.2.8
7fa722c0a000-7fa722e09000 ---p 00015000 08:06 4200565                    /usr/lib/libz.so.1.2.8
7fa722e09000-7fa722e0a000 r--p 00014000 08:06 4200565                    /usr/lib/libz.so.1.2.8
7fa722e0a000-7fa722e0b000 rw-p 00015000 08:06 4200565                    /usr/lib/libz.so.1.2.8
7fa722e0b000-7fa722e23000 r-xp 00000000 08:06 4197516                    /usr/lib/libpthread-2.21.so
7fa722e23000-7fa723022000 ---p 00018000 08:06 4197516                    /usr/lib/libpthread-2.21.so
7fa723022000-7fa723023000 r--p 00017000 08:06 4197516                    /usr/lib/libpthread-2.21.so
7fa723023000-7fa723024000 rw-p 00018000 08:06 4197516                    /usr/lib/libpthread-2.21.so
7fa723024000-7fa723028000 rw-p 00000000 00:00 0 
7fa723028000-7fa72304a000 r-xp 00000000 08:06 4197553                    /usr/lib/ld-2.21.so
7fa72304a000-7fa72304b000 rw-s 16dff9000 00:06 9505                      /dev/dri/card0
7fa72304b000-7fa72304c000 r--s 00000000 08:06 4992949                    /var/cache/fontconfig/6ba42ae0000f58711b5caaf10d690066-le64.cache-4
7fa72304c000-7fa72305f000 r-xp 00000000 08:06 4266013                    /usr/lib/libudev.so.1.6.2
7fa72305f000-7fa723060000 r--p 00012000 08:06 4266013                    /usr/lib/libudev.so.1.6.2
7fa723060000-7fa723061000 rw-p 00013000 08:06 4266013                    /usr/lib/libudev.so.1.6.2
7fa723061000-7fa723105000 rw-p 00000000 00:00 0 
7fa723105000-7fa723108000 ---p 00000000 00:00 0 
7fa723108000-7fa72320a000 rw-p 00000000 00:00 0                          [stack:6657]
7fa72320a000-7fa723216000 rw-s 16dcb5000 00:06 9505                      /dev/dri/card0
7fa723216000-7fa72321f000 r--s 000e4000 08:06 5549251                    /home/fernando/EclipseProjects/letsgo/lib/mysql-connector-java-5.1.35-bin.jar
7fa72321f000-7fa723225000 r--s 00047000 08:06 5511573                    /home/fernando/EclipseProjects/letsgo/lib/jsoup-1.8.2.jar
7fa723225000-7fa723227000 r--s 00003000 08:06 5549250                    /home/fernando/EclipseProjects/letsgo/lib/miglayout-swing-5.1-20150404.220019-96.jar
7fa723227000-7fa723228000 r--s 00004000 08:06 5549249                    /home/fernando/EclipseProjects/letsgo/lib/miglayout-javafx-5.1-20150404.220034-96.jar
7fa723228000-7fa72322a000 r--s 00011000 08:06 5549248                    /home/fernando/EclipseProjects/letsgo/lib/miglayout-core-5.1-20150404.220010-96.jar
7fa72322a000-7fa72323e000 rw-p 00000000 00:00 0 
7fa72323e000-7fa723246000 rw-s 00000000 00:21 651972                     /tmp/hsperfdata_fernando/6655
7fa723246000-7fa723247000 rw-p 00000000 00:00 0 
7fa723247000-7fa723248000 r--p 00000000 00:00 0 
7fa723248000-7fa723249000 rw-p 00000000 00:00 0 
7fa723249000-7fa72324a000 r--p 00021000 08:06 4197553                    /usr/lib/ld-2.21.so
7fa72324a000-7fa72324b000 rw-p 00022000 08:06 4197553                    /usr/lib/ld-2.21.so
7fa72324b000-7fa72324c000 rw-p 00000000 00:00 0 
7ffc2ff27000-7ffc2ff48000 rw-p 00000000 00:00 0                          [stack]
7ffc2ff6c000-7ffc2ff6e000 r--p 00000000 00:00 0                          [vvar]
7ffc2ff6e000-7ffc2ff70000 r-xp 00000000 00:00 0                          [vdso]
ffffffffff600000-ffffffffff601000 r-xp 00000000 00:00 0                  [vsyscall]

VM Arguments:
jvm_args: -Dfile.encoding=UTF-8 
java_command: br.com.viewfx.LoginPane
java_class_path (initial): /home/fernando/EclipseProjects/letsgo/lib/miglayout-core-5.1-20150404.220010-96.jar:/home/fernando/EclipseProjects/letsgo/lib/miglayout-javafx-5.1-20150404.220034-96.jar:/home/fernando/EclipseProjects/letsgo/lib/miglayout-swing-5.1-20150404.220019-96.jar:/home/fernando/EclipseProjects/letsgo/lib/jsoup-1.8.2.jar:/home/fernando/EclipseProjects/letsgo/lib/mysql-connector-java-5.1.35-bin.jar:/home/fernando/EclipseProjects/letsgo/build/classes
Launcher Type: SUN_STANDARD

Environment Variables:
PATH=/usr/local/sbin:/usr/local/bin:/usr/bin:/usr/lib/jvm/default/bin:/usr/bin/site_perl:/usr/bin/vendor_perl:/usr/bin/core_perl
LD_LIBRARY_PATH=/usr/lib/jvm/default/bin/../jre/lib/amd64:/usr/lib/jvm/default/bin/../jre/lib/i386:
SHELL=/bin/bash
DISPLAY=:0

Signal Handlers:
SIGSEGV: [libjvm.so+0xa90890], sa_mask[0]=11111111011111111101111111111110, sa_flags=SA_RESTART|SA_SIGINFO
SIGBUS: [libjvm.so+0xa90890], sa_mask[0]=11111111011111111101111111111110, sa_flags=SA_RESTART|SA_SIGINFO
SIGFPE: [libjvm.so+0x8dac20], sa_mask[0]=11111111011111111101111111111110, sa_flags=SA_RESTART|SA_SIGINFO
SIGPIPE: SIG_IGN, sa_mask[0]=00000000000010000000000000000000, sa_flags=SA_RESTART
SIGXFSZ: [libjvm.so+0x8dac20], sa_mask[0]=11111111011111111101111111111110, sa_flags=SA_RESTART|SA_SIGINFO
SIGILL: [libjvm.so+0x8dac20], sa_mask[0]=11111111011111111101111111111110, sa_flags=SA_RESTART|SA_SIGINFO
SIGUSR1: SIG_DFL, sa_mask[0]=00000000000000000000000000000000, sa_flags=none
SIGUSR2: [libjvm.so+0x8daad0], sa_mask[0]=00100000000000000000000000000000, sa_flags=SA_RESTART|SA_SIGINFO
SIGHUP: [libjvm.so+0x8dacf0], sa_mask[0]=11111111011111111101111111111110, sa_flags=SA_RESTART|SA_SIGINFO
SIGINT: SIG_IGN, sa_mask[0]=00000000000000000000000000000000, sa_flags=none
SIGTERM: [libjvm.so+0x8dacf0], sa_mask[0]=11111111011111111101111111111110, sa_flags=SA_RESTART|SA_SIGINFO
SIGQUIT: [libjvm.so+0x8dacf0], sa_mask[0]=11111111011111111101111111111110, sa_flags=SA_RESTART|SA_SIGINFO


---------------  S Y S T E M  ---------------

OS:NAME=Antergos
ID=antergos
ID_LIKE=arch
PRETTY_NAME=Antergos
ANSI_COLOR="1;34;40"
HOME_URL="http://www.antergos.com/"
SUPPORT_URL="http://forum.antergos.com/"
BUG_REPORT_URL="http://bugs.antergos.com/"


uname:Linux 4.0.5-1-ARCH #1 SMP PREEMPT Sat Jun 6 18:37:49 CEST 2015 x86_64
libc:glibc 2.21 NPTL 2.21 
rlimit: STACK 8192k, CORE 0k, NPROC 15718, NOFILE 4096, AS infinity
load average:2,94 3,08 2,52

/proc/meminfo:
MemTotal:        4029024 kB
MemFree:          179320 kB
MemAvailable:     845536 kB
Buffers:           53708 kB
Cached:           776768 kB
SwapCached:        12136 kB
Active:          2484808 kB
Inactive:        1180848 kB
Active(anon):    2116076 kB
Inactive(anon):   734712 kB
Active(file):     368732 kB
Inactive(file):   446136 kB
Unevictable:       15576 kB
Mlocked:           15576 kB
SwapTotal:       3906244 kB
SwapFree:        3841036 kB
Dirty:              1536 kB
Writeback:             0 kB
AnonPages:       2838816 kB
Mapped:           198468 kB
Shmem:              9420 kB
Slab:              66060 kB
SReclaimable:      40552 kB
SUnreclaim:        25508 kB
KernelStack:        7440 kB
PageTables:        28324 kB
NFS_Unstable:          0 kB
Bounce:                0 kB
WritebackTmp:          0 kB
CommitLimit:     5920756 kB
Committed_AS:    5300628 kB
VmallocTotal:   34359738367 kB
VmallocUsed:      304908 kB
VmallocChunk:   34359429784 kB
HardwareCorrupted:     0 kB
AnonHugePages:    333824 kB
HugePages_Total:       0
HugePages_Free:        0
HugePages_Rsvd:        0
HugePages_Surp:        0
Hugepagesize:       2048 kB
DirectMap4k:     3403080 kB
DirectMap2M:      768000 kB


CPU:total 2 (2 cores per cpu, 1 threads per core) family 6 model 42 stepping 7, cmov, cx8, fxsr, mmx, sse, sse2, sse3, ssse3, sse4.1, sse4.2, popcnt, clmul, tsc, tscinvbit

/proc/cpuinfo:
processor	: 0
vendor_id	: GenuineIntel
cpu family	: 6
model		: 42
model name	: Intel(R) Pentium(R) CPU G630 @ 2.70GHz
stepping	: 7
microcode	: 0x25
cpu MHz		: 2700.000
cache size	: 3072 KB
physical id	: 0
siblings	: 2
core id		: 0
cpu cores	: 2
apicid		: 0
initial apicid	: 0
fpu		: yes
fpu_exception	: yes
cpuid level	: 13
wp		: yes
flags		: fpu vme de pse tsc msr pae mce cx8 apic sep mtrr pge mca cmov pat pse36 clflush dts acpi mmx fxsr sse sse2 ss ht tm pbe syscall nx rdtscp lm constant_tsc arch_perfmon pebs bts rep_good nopl xtopology nonstop_tsc aperfmperf eagerfpu pni pclmulqdq dtes64 monitor ds_cpl vmx est tm2 ssse3 cx16 xtpr pdcm pcid sse4_1 sse4_2 popcnt tsc_deadline_timer xsave lahf_lm arat epb pln pts dtherm tpr_shadow vnmi flexpriority ept vpid xsaveopt
bugs		:
bogomips	: 5389.25
clflush size	: 64
cache_alignment	: 64
address sizes	: 36 bits physical, 48 bits virtual
power management:

processor	: 1
vendor_id	: GenuineIntel
cpu family	: 6
model		: 42
model name	: Intel(R) Pentium(R) CPU G630 @ 2.70GHz
stepping	: 7
microcode	: 0x25
cpu MHz		: 2699.894
cache size	: 3072 KB
physical id	: 0
siblings	: 2
core id		: 1
cpu cores	: 2
apicid		: 2
initial apicid	: 2
fpu		: yes
fpu_exception	: yes
cpuid level	: 13
wp		: yes
flags		: fpu vme de pse tsc msr pae mce cx8 apic sep mtrr pge mca cmov pat pse36 clflush dts acpi mmx fxsr sse sse2 ss ht tm pbe syscall nx rdtscp lm constant_tsc arch_perfmon pebs bts rep_good nopl xtopology nonstop_tsc aperfmperf eagerfpu pni pclmulqdq dtes64 monitor ds_cpl vmx est tm2 ssse3 cx16 xtpr pdcm pcid sse4_1 sse4_2 popcnt tsc_deadline_timer xsave lahf_lm arat epb pln pts dtherm tpr_shadow vnmi flexpriority ept vpid xsaveopt
bugs		:
bogomips	: 5389.25
clflush size	: 64
cache_alignment	: 64
address sizes	: 36 bits physical, 48 bits virtual
power management:



Memory: 4k page, physical 4029024k(179320k free), swap 3906244k(3841036k free)

vm_info: OpenJDK 64-Bit Server VM (25.45-b02) for linux-amd64 JRE (1.8.0_45-b14), built on Apr 20 2015 17:04:34 by "builduser" with gcc 4.9.2 20150304 (prerelease)

time: Sat Jun 27 18:00:37 2015
elapsed time: 126 seconds (0d 0h 2m 6s)

